2026-07-01 02:27:51 WARN  [HikariPool-1:housekeeper] com.zaxxer.hikari.pool.HikariPool - HikariPool-1 - Thread starvation or clock leap detected (housekeeper delta=2m38s164ms).
2026-07-01 03:09:56 INFO  [SpringApplicationShutdownHook] o.s.b.w.e.tomcat.GracefulShutdown - Commencing graceful shutdown. Waiting for active requests to complete
2026-07-01 03:09:56 INFO  [tomcat-shutdown] o.s.b.w.e.tomcat.GracefulShutdown - Graceful shutdown complete
2026-07-01 03:09:56 INFO  [SpringApplicationShutdownHook] o.s.o.j.LocalContainerEntityManagerFactoryBean - Closing JPA EntityManagerFactory for persistence unit 'default'
2026-07-01 03:09:56 INFO  [SpringApplicationShutdownHook] com.zaxxer.hikari.HikariDataSource - HikariPool-1 - Shutdown initiated...
2026-07-01 03:09:56 INFO  [SpringApplicationShutdownHook] com.zaxxer.hikari.HikariDataSource - HikariPool-1 - Shutdown completed.
2026-07-01 03:46:31 INFO  [background-preinit] o.h.validator.internal.util.Version - HV000001: Hibernate Validator 8.0.2.Final
2026-07-01 03:46:31 INFO  [main] c.s.irctc.IrctcBackendApplication - Starting IrctcBackendApplication using Java 21.0.1 with PID 45036 (/Users/gouravgiri/Desktop/SpringBootDurgesh/mvc/irctc-backend/target/classes started by gouravgiri in /Users/gouravgiri/Desktop/SpringBootDurgesh/mvc/irctc-backend)
2026-07-01 03:46:31 INFO  [main] c.s.irctc.IrctcBackendApplication - No active profile set, falling back to 1 default profile: "default"
2026-07-01 03:46:48 INFO  [main] o.s.d.r.c.RepositoryConfigurationDelegate - Bootstrapping Spring Data JPA repositories in DEFAULT mode.
2026-07-01 03:46:48 INFO  [main] o.s.d.r.c.RepositoryConfigurationDelegate - Finished Spring Data repository scanning in 56 ms. Found 11 JPA repository interfaces.
2026-07-01 03:46:48 INFO  [main] o.s.b.w.e.tomcat.TomcatWebServer - Tomcat initialized with port 8081 (http)
2026-07-01 03:46:48 INFO  [main] o.a.coyote.http11.Http11NioProtocol - Initializing ProtocolHandler ["http-nio-8081"]
2026-07-01 03:46:48 INFO  [main] o.a.catalina.core.StandardService - Starting service [Tomcat]
2026-07-01 03:46:48 INFO  [main] o.a.catalina.core.StandardEngine - Starting Servlet engine: [Apache Tomcat/10.1.41]
2026-07-01 03:46:48 INFO  [main] o.a.c.c.C.[Tomcat].[localhost].[/] - Initializing Spring embedded WebApplicationContext
2026-07-01 03:46:48 INFO  [main] o.s.b.w.s.c.ServletWebServerApplicationContext - Root WebApplicationContext: initialization completed in 17400 ms
2026-07-01 03:46:48 INFO  [main] o.h.jpa.internal.util.LogHelper - HHH000204: Processing PersistenceUnitInfo [name: default]
2026-07-01 03:46:49 INFO  [main] org.hibernate.Version - HHH000412: Hibernate ORM core version 6.6.15.Final
2026-07-01 03:46:49 INFO  [main] o.h.c.i.RegionFactoryInitiator - HHH000026: Second-level cache disabled
2026-07-01 03:46:49 INFO  [main] o.s.o.j.p.SpringPersistenceUnitInfo - No LoadTimeWeaver setup: ignoring JPA class transformer
2026-07-01 03:46:49 INFO  [main] com.zaxxer.hikari.HikariDataSource - HikariPool-1 - Starting...
2026-07-01 03:46:49 WARN  [main] c.z.hikari.util.DriverDataSource - Registered driver with driverClassName=com.mysql.jdbc.Driver was not found, trying direct instantiation.
2026-07-01 03:46:49 INFO  [main] com.zaxxer.hikari.pool.HikariPool - HikariPool-1 - Added connection com.mysql.cj.jdbc.ConnectionImpl@3c68e82
2026-07-01 03:46:49 INFO  [main] com.zaxxer.hikari.HikariDataSource - HikariPool-1 - Start completed.
2026-07-01 03:46:49 WARN  [main] org.hibernate.orm.deprecation - HHH90000025: MySQL8Dialect does not need to be specified explicitly using 'hibernate.dialect' (remove the property setting and it will be selected by default)
2026-07-01 03:46:49 WARN  [main] org.hibernate.orm.deprecation - HHH90000026: MySQL8Dialect has been deprecated; use org.hibernate.dialect.MySQLDialect instead
2026-07-01 03:46:49 INFO  [main] o.hibernate.orm.connections.pooling - HHH10001005: Database info:
	Database JDBC URL [Connecting through datasource 'HikariDataSource (HikariPool-1)']
	Database driver: undefined/unknown
	Database version: 8.0
	Autocommit mode: undefined/unknown
	Isolation level: undefined/unknown
	Minimum pool size: undefined/unknown
	Maximum pool size: undefined/unknown
2026-07-01 03:46:50 INFO  [main] o.h.e.t.j.p.i.JtaPlatformInitiator - HHH000489: No JTA platform available (set 'hibernate.transaction.jta.platform' to enable JTA platform integration)
2026-07-01 03:46:50 INFO  [main] o.s.o.j.LocalContainerEntityManagerFactoryBean - Initialized JPA EntityManagerFactory for persistence unit 'default'
2026-07-01 03:46:51 DEBUG [main] c.s.i.c.s.JwtAuthenticationFilter - Filter 'jwtAuthenticationFilter' configured for use
2026-07-01 03:46:51 INFO  [main] o.s.s.c.a.a.c.InitializeUserDetailsBeanManagerConfigurer$InitializeUserDetailsManagerConfigurer - Global AuthenticationManager configured with UserDetailsService bean with name customUserDetailService
2026-07-01 03:46:51 INFO  [main] o.s.d.j.r.query.QueryEnhancerFactory - Hibernate is in classpath; If applicable, HQL parser will be used.
2026-07-01 03:46:52 WARN  [main] o.s.b.a.o.j.JpaBaseConfiguration$JpaWebConfiguration - spring.jpa.open-in-view is enabled by default. Therefore, database queries may be performed during view rendering. Explicitly configure spring.jpa.open-in-view to disable this warning
2026-07-01 03:46:52 INFO  [main] o.a.coyote.http11.Http11NioProtocol - Starting ProtocolHandler ["http-nio-8081"]
2026-07-01 03:46:52 INFO  [main] o.s.b.w.e.tomcat.TomcatWebServer - Tomcat started on port 8081 (http) with context path '/'
2026-07-01 03:46:52 INFO  [main] c.s.irctc.IrctcBackendApplication - Started IrctcBackendApplication in 25.427 seconds (process running for 25.974)
2026-07-01 03:46:52 INFO  [main] c.s.irctc.IrctcBackendApplication - Initializing roles...
2026-07-01 03:46:52 WARN  [main] c.s.irctc.IrctcBackendApplication - Initializing roles...
2026-07-01 03:46:52 ERROR [main] c.s.irctc.IrctcBackendApplication - Initializing roles...
2026-07-01 03:47:02 INFO  [http-nio-8081-exec-2] o.a.c.c.C.[Tomcat].[localhost].[/] - Initializing Spring DispatcherServlet 'dispatcherServlet'
2026-07-01 03:47:02 INFO  [http-nio-8081-exec-2] o.s.web.servlet.DispatcherServlet - Initializing Servlet 'dispatcherServlet'
2026-07-01 03:47:02 INFO  [http-nio-8081-exec-2] o.s.web.servlet.DispatcherServlet - Completed initialization in 6 ms
2026-07-01 03:47:03 TRACE [http-nio-8081-exec-2] c.s.i.c.s.JwtAuthenticationFilter - Request to the JWT Filter : null
2026-07-01 03:47:20 TRACE [http-nio-8081-exec-3] c.s.i.c.s.JwtAuthenticationFilter - Request to the JWT Filter : Bearer eyJhbGciOiJIUzUxMiJ9.eyJ0b2tlbl90eXBlIjoiYWNjZXNzX3Rva2VuIiwic3ViIjoiZGV2QGdtYWlsLmNvbSIsImlhdCI6MTc4MjUwNjg4MCwiZXhwIjoxNzgyNTEwNDgwfQ.r9ZcWPKFMwfeTrez3sWEYx52DX_gckSQZtA6XS1WbaZhTW-aw148E36i5imI-7TjXpBSK41uNOPsllCqtxtmQA
2026-07-01 03:47:20 ERROR [http-nio-8081-exec-3] c.s.i.c.s.JwtAuthenticationFilter - JWT Token has expired
2026-07-01 03:47:25 TRACE [http-nio-8081-exec-4] c.s.i.c.s.JwtAuthenticationFilter - Request to the JWT Filter : Bearer eyJhbGciOiJIUzUxMiJ9.eyJ0b2tlbl90eXBlIjoiYWNjZXNzX3Rva2VuIiwic3ViIjoiZGV2QGdtYWlsLmNvbSIsImlhdCI6MTc4Mjg1NzgyMywiZXhwIjoxNzgyODYxNDIzfQ.2-CI05KROMarBCa7R3rqk_sHmgadeW8-xWdkCr46NzHiYVcnzuAq2NT_KRhkvky9WM-Jw4uKkO05d7YVeBb1qg
2026-07-01 03:47:25 TRACE [http-nio-8081-exec-4] c.s.i.c.s.JwtAuthenticationFilter - user name : dev@gmail.com
2026-07-01 03:47:25 TRACE [http-nio-8081-exec-4] c.s.i.c.s.JwtAuthenticationFilter - Authentication set in the Security Context
2026-07-01 03:47:25 INFO  [http-nio-8081-exec-4] c.s.irctc.aspects.LoggingAspect - Before method Execution getAllTrains 
2026-07-01 03:47:25 INFO  [http-nio-8081-exec-4] c.s.irctc.aspects.LoggingAspect - Time taken 47 ms
2026-07-01 03:47:25 INFO  [http-nio-8081-exec-4] c.s.irctc.aspects.LoggingAspect - After  method Execution getAllTrains 
2026-07-01 03:50:18 TRACE [http-nio-8081-exec-7] c.s.i.c.s.JwtAuthenticationFilter - Request to the JWT Filter : Bearer eyJhbGciOiJIUzUxMiJ9.eyJ0b2tlbl90eXBlIjoicmVmcmVzaF90b2tlbiIsInN1YiI6ImRldkBnbWFpbC5jb20iLCJpYXQiOjE3ODI0MjQ2MTIsImV4cCI6MTc4MjQyODIxMn0.dlhUsL5BWEbp1Z8oTH1M-Ap27f6omEVJB9wquJ194B3Fr5vLb9QomPeLD0wGkyIDpthpXPQkyU5drDtrMp8Naw
2026-07-01 03:50:18 ERROR [http-nio-8081-exec-7] c.s.i.c.s.JwtAuthenticationFilter - JWT Token has expired
2026-07-01 03:50:23 TRACE [http-nio-8081-exec-8] c.s.i.c.s.JwtAuthenticationFilter - Request to the JWT Filter : Bearer eyJhbGciOiJIUzUxMiJ9.eyJ0b2tlbl90eXBlIjoiYWNjZXNzX3Rva2VuIiwic3ViIjoiZGV2QGdtYWlsLmNvbSIsImlhdCI6MTc4Mjg1NzgyMywiZXhwIjoxNzgyODYxNDIzfQ.2-CI05KROMarBCa7R3rqk_sHmgadeW8-xWdkCr46NzHiYVcnzuAq2NT_KRhkvky9WM-Jw4uKkO05d7YVeBb1qg
2026-07-01 03:50:23 TRACE [http-nio-8081-exec-8] c.s.i.c.s.JwtAuthenticationFilter - user name : dev@gmail.com
2026-07-01 03:50:23 TRACE [http-nio-8081-exec-8] c.s.i.c.s.JwtAuthenticationFilter - Authentication set in the Security Context
2026-07-01 03:50:23 INFO  [http-nio-8081-exec-8] c.s.irctc.aspects.LoggingAspect - Before method Execution listStations 
2026-07-01 03:50:23 INFO  [http-nio-8081-exec-8] c.s.irctc.aspects.LoggingAspect - Time taken 30 ms
2026-07-01 03:50:23 INFO  [http-nio-8081-exec-8] c.s.irctc.aspects.LoggingAspect - After  method Execution listStations 
2026-07-01 03:52:01 INFO  [SpringApplicationShutdownHook] o.s.b.w.e.tomcat.GracefulShutdown - Commencing graceful shutdown. Waiting for active requests to complete
2026-07-01 03:52:01 INFO  [tomcat-shutdown] o.s.b.w.e.tomcat.GracefulShutdown - Graceful shutdown complete
2026-07-01 03:52:01 INFO  [SpringApplicationShutdownHook] o.s.o.j.LocalContainerEntityManagerFactoryBean - Closing JPA EntityManagerFactory for persistence unit 'default'
2026-07-01 03:52:01 INFO  [SpringApplicationShutdownHook] com.zaxxer.hikari.HikariDataSource - HikariPool-1 - Shutdown initiated...
2026-07-01 03:52:01 INFO  [SpringApplicationShutdownHook] com.zaxxer.hikari.HikariDataSource - HikariPool-1 - Shutdown completed.
2026-07-01 03:52:09 INFO  [background-preinit] o.h.validator.internal.util.Version - HV000001: Hibernate Validator 8.0.2.Final
2026-07-01 03:52:09 INFO  [main] c.s.irctc.IrctcBackendApplication - Starting IrctcBackendApplication using Java 21.0.1 with PID 45163 (/Users/gouravgiri/Desktop/SpringBootDurgesh/mvc/irctc-backend/target/classes started by gouravgiri in /Users/gouravgiri/Desktop/SpringBootDurgesh/mvc/irctc-backend)
2026-07-01 03:52:09 INFO  [main] c.s.irctc.IrctcBackendApplication - No active profile set, falling back to 1 default profile: "default"
2026-07-01 03:52:10 INFO  [main] o.s.d.r.c.RepositoryConfigurationDelegate - Bootstrapping Spring Data JPA repositories in DEFAULT mode.
2026-07-01 03:52:10 INFO  [main] o.s.d.r.c.RepositoryConfigurationDelegate - Finished Spring Data repository scanning in 48 ms. Found 11 JPA repository interfaces.
2026-07-01 03:52:11 INFO  [main] o.s.b.w.e.tomcat.TomcatWebServer - Tomcat initialized with port 8081 (http)
2026-07-01 03:52:11 INFO  [main] o.a.coyote.http11.Http11NioProtocol - Initializing ProtocolHandler ["http-nio-8081"]
2026-07-01 03:52:11 INFO  [main] o.a.catalina.core.StandardService - Starting service [Tomcat]
2026-07-01 03:52:11 INFO  [main] o.a.catalina.core.StandardEngine - Starting Servlet engine: [Apache Tomcat/10.1.41]
2026-07-01 03:52:11 INFO  [main] o.a.c.c.C.[Tomcat].[localhost].[/] - Initializing Spring embedded WebApplicationContext
2026-07-01 03:52:11 INFO  [main] o.s.b.w.s.c.ServletWebServerApplicationContext - Root WebApplicationContext: initialization completed in 1314 ms
2026-07-01 03:52:11 INFO  [main] o.h.jpa.internal.util.LogHelper - HHH000204: Processing PersistenceUnitInfo [name: default]
2026-07-01 03:52:11 INFO  [main] org.hibernate.Version - HHH000412: Hibernate ORM core version 6.6.15.Final
2026-07-01 03:52:11 INFO  [main] o.h.c.i.RegionFactoryInitiator - HHH000026: Second-level cache disabled
2026-07-01 03:52:11 INFO  [main] o.s.o.j.p.SpringPersistenceUnitInfo - No LoadTimeWeaver setup: ignoring JPA class transformer
2026-07-01 03:52:11 INFO  [main] com.zaxxer.hikari.HikariDataSource - HikariPool-1 - Starting...
2026-07-01 03:52:11 WARN  [main] c.z.hikari.util.DriverDataSource - Registered driver with driverClassName=com.mysql.jdbc.Driver was not found, trying direct instantiation.
2026-07-01 03:52:11 INFO  [main] com.zaxxer.hikari.pool.HikariPool - HikariPool-1 - Added connection com.mysql.cj.jdbc.ConnectionImpl@3c68e82
2026-07-01 03:52:11 INFO  [main] com.zaxxer.hikari.HikariDataSource - HikariPool-1 - Start completed.
2026-07-01 03:52:11 WARN  [main] org.hibernate.orm.deprecation - HHH90000025: MySQL8Dialect does not need to be specified explicitly using 'hibernate.dialect' (remove the property setting and it will be selected by default)
2026-07-01 03:52:11 WARN  [main] org.hibernate.orm.deprecation - HHH90000026: MySQL8Dialect has been deprecated; use org.hibernate.dialect.MySQLDialect instead
2026-07-01 03:52:11 INFO  [main] o.hibernate.orm.connections.pooling - HHH10001005: Database info:
	Database JDBC URL [Connecting through datasource 'HikariDataSource (HikariPool-1)']
	Database driver: undefined/unknown
	Database version: 8.0
	Autocommit mode: undefined/unknown
	Isolation level: undefined/unknown
	Minimum pool size: undefined/unknown
	Maximum pool size: undefined/unknown
2026-07-01 03:52:12 INFO  [main] o.h.e.t.j.p.i.JtaPlatformInitiator - HHH000489: No JTA platform available (set 'hibernate.transaction.jta.platform' to enable JTA platform integration)
2026-07-01 03:52:12 INFO  [main] o.s.o.j.LocalContainerEntityManagerFactoryBean - Initialized JPA EntityManagerFactory for persistence unit 'default'
2026-07-01 03:52:13 DEBUG [main] c.s.i.c.s.JwtAuthenticationFilter - Filter 'jwtAuthenticationFilter' configured for use
2026-07-01 03:52:13 INFO  [main] o.s.s.c.a.a.c.InitializeUserDetailsBeanManagerConfigurer$InitializeUserDetailsManagerConfigurer - Global AuthenticationManager configured with UserDetailsService bean with name customUserDetailService
2026-07-01 03:52:13 INFO  [main] o.s.d.j.r.query.QueryEnhancerFactory - Hibernate is in classpath; If applicable, HQL parser will be used.
2026-07-01 03:52:14 WARN  [main] o.s.b.a.o.j.JpaBaseConfiguration$JpaWebConfiguration - spring.jpa.open-in-view is enabled by default. Therefore, database queries may be performed during view rendering. Explicitly configure spring.jpa.open-in-view to disable this warning
2026-07-01 03:52:14 INFO  [main] o.a.coyote.http11.Http11NioProtocol - Starting ProtocolHandler ["http-nio-8081"]
2026-07-01 03:52:14 INFO  [main] o.s.b.w.e.tomcat.TomcatWebServer - Tomcat started on port 8081 (http) with context path '/'
2026-07-01 03:52:14 INFO  [main] c.s.irctc.IrctcBackendApplication - Started IrctcBackendApplication in 5.631 seconds (process running for 5.974)
2026-07-01 03:52:14 INFO  [main] c.s.irctc.IrctcBackendApplication - Initializing roles...
2026-07-01 03:52:14 WARN  [main] c.s.irctc.IrctcBackendApplication - Initializing roles...
2026-07-01 03:52:14 ERROR [main] c.s.irctc.IrctcBackendApplication - Initializing roles...
2026-07-01 03:52:19 INFO  [http-nio-8081-exec-1] o.a.c.c.C.[Tomcat].[localhost].[/] - Initializing Spring DispatcherServlet 'dispatcherServlet'
2026-07-01 03:52:19 INFO  [http-nio-8081-exec-1] o.s.web.servlet.DispatcherServlet - Initializing Servlet 'dispatcherServlet'
2026-07-01 03:52:19 INFO  [http-nio-8081-exec-1] o.s.web.servlet.DispatcherServlet - Completed initialization in 5 ms
2026-07-01 03:52:19 TRACE [http-nio-8081-exec-1] c.s.i.c.s.JwtAuthenticationFilter - Request to the JWT Filter : Bearer eyJhbGciOiJIUzUxMiJ9.eyJ0b2tlbl90eXBlIjoiYWNjZXNzX3Rva2VuIiwic3ViIjoiZGV2QGdtYWlsLmNvbSIsImlhdCI6MTc4Mjg1NzgyMywiZXhwIjoxNzgyODYxNDIzfQ.2-CI05KROMarBCa7R3rqk_sHmgadeW8-xWdkCr46NzHiYVcnzuAq2NT_KRhkvky9WM-Jw4uKkO05d7YVeBb1qg
2026-07-01 03:52:19 TRACE [http-nio-8081-exec-1] c.s.i.c.s.JwtAuthenticationFilter - user name : dev@gmail.com
2026-07-01 03:52:19 TRACE [http-nio-8081-exec-1] c.s.i.c.s.JwtAuthenticationFilter - Authentication set in the Security Context
2026-07-01 03:52:19 INFO  [http-nio-8081-exec-1] c.s.irctc.aspects.LoggingAspect - Before method Execution listStations 
2026-07-01 03:52:19 INFO  [http-nio-8081-exec-1] c.s.irctc.aspects.LoggingAspect - Time taken 44 ms
2026-07-01 03:52:19 INFO  [http-nio-8081-exec-1] c.s.irctc.aspects.LoggingAspect - After  method Execution listStations 
2026-07-01 04:00:45 TRACE [http-nio-8081-exec-4] c.s.i.c.s.JwtAuthenticationFilter - Request to the JWT Filter : Bearer eyJhbGciOiJIUzUxMiJ9.eyJ0b2tlbl90eXBlIjoicmVmcmVzaF90b2tlbiIsInN1YiI6ImRldkBnbWFpbC5jb20iLCJpYXQiOjE3ODI0MjQ4NjcsImV4cCI6MTc4MjQyODQ2N30.4R9Ek2zAHSKb2azNmqHE8BprxwDOSN24qM8pE9EvrIhMk5l48MXiAvOTgQJrUHBa8rTerE_2W6TnjAlXixiGbw
2026-07-01 04:00:45 ERROR [http-nio-8081-exec-4] c.s.i.c.s.JwtAuthenticationFilter - JWT Token has expired
2026-07-01 04:01:08 TRACE [http-nio-8081-exec-6] c.s.i.c.s.JwtAuthenticationFilter - Request to the JWT Filter : Bearer eyJhbGciOiJIUzUxMiJ9.eyJ0b2tlbl90eXBlIjoiYWNjZXNzX3Rva2VuIiwic3ViIjoiZGV2QGdtYWlsLmNvbSIsImlhdCI6MTc4Mjg1NzgyMywiZXhwIjoxNzgyODYxNDIzfQ.2-CI05KROMarBCa7R3rqk_sHmgadeW8-xWdkCr46NzHiYVcnzuAq2NT_KRhkvky9WM-Jw4uKkO05d7YVeBb1qg
2026-07-01 04:01:08 TRACE [http-nio-8081-exec-6] c.s.i.c.s.JwtAuthenticationFilter - user name : dev@gmail.com
2026-07-01 04:01:08 TRACE [http-nio-8081-exec-6] c.s.i.c.s.JwtAuthenticationFilter - Authentication set in the Security Context
2026-07-01 04:01:08 INFO  [http-nio-8081-exec-6] c.s.irctc.aspects.LoggingAspect - Before method Execution createStation 
2026-07-01 04:01:08 INFO  [http-nio-8081-exec-6] c.s.irctc.aspects.LoggingAspect - Time taken 79 ms
2026-07-01 04:01:08 INFO  [http-nio-8081-exec-6] c.s.irctc.aspects.LoggingAspect - After  method Execution createStation 
2026-07-01 04:02:29 TRACE [http-nio-8081-exec-8] c.s.i.c.s.JwtAuthenticationFilter - Request to the JWT Filter : null
2026-07-01 04:02:38 TRACE [http-nio-8081-exec-10] c.s.i.c.s.JwtAuthenticationFilter - Request to the JWT Filter : Bearer eyJhbGciOiJIUzUxMiJ9.eyJ0b2tlbl90eXBlIjoiYWNjZXNzX3Rva2VuIiwic3ViIjoiZGV2QGdtYWlsLmNvbSIsImlhdCI6MTc4Mjg1NzgyMywiZXhwIjoxNzgyODYxNDIzfQ.2-CI05KROMarBCa7R3rqk_sHmgadeW8-xWdkCr46NzHiYVcnzuAq2NT_KRhkvky9WM-Jw4uKkO05d7YVeBb1qg
2026-07-01 04:02:38 TRACE [http-nio-8081-exec-10] c.s.i.c.s.JwtAuthenticationFilter - user name : dev@gmail.com
2026-07-01 04:02:38 TRACE [http-nio-8081-exec-10] c.s.i.c.s.JwtAuthenticationFilter - Authentication set in the Security Context
2026-07-01 04:02:39 INFO  [http-nio-8081-exec-10] c.s.irctc.aspects.LoggingAspect - Before method Execution addRoute 
2026-07-01 04:02:39 INFO  [http-nio-8081-exec-10] c.s.irctc.aspects.LoggingAspect - Time taken 84 ms
2026-07-01 04:02:39 INFO  [http-nio-8081-exec-10] c.s.irctc.aspects.LoggingAspect - After  method Execution addRoute 
2026-07-01 04:05:47 TRACE [http-nio-8081-exec-1] c.s.i.c.s.JwtAuthenticationFilter - Request to the JWT Filter : Bearer eyJhbGciOiJIUzUxMiJ9.eyJ0b2tlbl90eXBlIjoiYWNjZXNzX3Rva2VuIiwic3ViIjoiZGV2QGdtYWlsLmNvbSIsImlhdCI6MTc4Mjg1NzgyMywiZXhwIjoxNzgyODYxNDIzfQ.2-CI05KROMarBCa7R3rqk_sHmgadeW8-xWdkCr46NzHiYVcnzuAq2NT_KRhkvky9WM-Jw4uKkO05d7YVeBb1qg
2026-07-01 04:05:47 TRACE [http-nio-8081-exec-1] c.s.i.c.s.JwtAuthenticationFilter - user name : dev@gmail.com
2026-07-01 04:05:47 TRACE [http-nio-8081-exec-1] c.s.i.c.s.JwtAuthenticationFilter - Authentication set in the Security Context
2026-07-01 04:05:47 INFO  [http-nio-8081-exec-1] c.s.irctc.aspects.LoggingAspect - Before method Execution listStations 
2026-07-01 04:05:47 INFO  [http-nio-8081-exec-1] c.s.irctc.aspects.LoggingAspect - Time taken 11 ms
2026-07-01 04:05:47 INFO  [http-nio-8081-exec-1] c.s.irctc.aspects.LoggingAspect - After  method Execution listStations 
2026-07-01 04:06:55 TRACE [http-nio-8081-exec-6] c.s.i.c.s.JwtAuthenticationFilter - Request to the JWT Filter : Bearer eyJhbGciOiJIUzUxMiJ9.eyJ0b2tlbl90eXBlIjoiYWNjZXNzX3Rva2VuIiwic3ViIjoiZGV2QGdtYWlsLmNvbSIsImlhdCI6MTc4Mjg1NzgyMywiZXhwIjoxNzgyODYxNDIzfQ.2-CI05KROMarBCa7R3rqk_sHmgadeW8-xWdkCr46NzHiYVcnzuAq2NT_KRhkvky9WM-Jw4uKkO05d7YVeBb1qg
2026-07-01 04:06:55 TRACE [http-nio-8081-exec-6] c.s.i.c.s.JwtAuthenticationFilter - user name : dev@gmail.com
2026-07-01 04:06:55 TRACE [http-nio-8081-exec-6] c.s.i.c.s.JwtAuthenticationFilter - Authentication set in the Security Context
2026-07-01 04:08:09 TRACE [http-nio-8081-exec-7] c.s.i.c.s.JwtAuthenticationFilter - Request to the JWT Filter : Bearer eyJhbGciOiJIUzUxMiJ9.eyJ0b2tlbl90eXBlIjoiYWNjZXNzX3Rva2VuIiwic3ViIjoiZGV2QGdtYWlsLmNvbSIsImlhdCI6MTc4Mjg1NzgyMywiZXhwIjoxNzgyODYxNDIzfQ.2-CI05KROMarBCa7R3rqk_sHmgadeW8-xWdkCr46NzHiYVcnzuAq2NT_KRhkvky9WM-Jw4uKkO05d7YVeBb1qg
2026-07-01 04:08:09 TRACE [http-nio-8081-exec-7] c.s.i.c.s.JwtAuthenticationFilter - user name : dev@gmail.com
2026-07-01 04:08:10 TRACE [http-nio-8081-exec-7] c.s.i.c.s.JwtAuthenticationFilter - Authentication set in the Security Context
2026-07-01 04:08:10 INFO  [http-nio-8081-exec-7] c.s.irctc.aspects.LoggingAspect - Before method Execution addRoute 
2026-07-01 04:08:10 INFO  [http-nio-8081-exec-7] c.s.irctc.aspects.LoggingAspect - Time taken 39 ms
2026-07-01 04:08:10 INFO  [http-nio-8081-exec-7] c.s.irctc.aspects.LoggingAspect - After  method Execution addRoute 
2026-07-01 04:09:17 TRACE [http-nio-8081-exec-2] c.s.i.c.s.JwtAuthenticationFilter - Request to the JWT Filter : Bearer eyJhbGciOiJIUzUxMiJ9.eyJ0b2tlbl90eXBlIjoiYWNjZXNzX3Rva2VuIiwic3ViIjoiZGV2QGdtYWlsLmNvbSIsImlhdCI6MTc4Mjg1NzgyMywiZXhwIjoxNzgyODYxNDIzfQ.2-CI05KROMarBCa7R3rqk_sHmgadeW8-xWdkCr46NzHiYVcnzuAq2NT_KRhkvky9WM-Jw4uKkO05d7YVeBb1qg
2026-07-01 04:09:17 TRACE [http-nio-8081-exec-2] c.s.i.c.s.JwtAuthenticationFilter - user name : dev@gmail.com
2026-07-01 04:09:17 TRACE [http-nio-8081-exec-2] c.s.i.c.s.JwtAuthenticationFilter - Authentication set in the Security Context
2026-07-01 04:10:54 TRACE [http-nio-8081-exec-3] c.s.i.c.s.JwtAuthenticationFilter - Request to the JWT Filter : Bearer eyJhbGciOiJIUzUxMiJ9.eyJ0b2tlbl90eXBlIjoiYWNjZXNzX3Rva2VuIiwic3ViIjoiZGV2QGdtYWlsLmNvbSIsImlhdCI6MTc4Mjg1NzgyMywiZXhwIjoxNzgyODYxNDIzfQ.2-CI05KROMarBCa7R3rqk_sHmgadeW8-xWdkCr46NzHiYVcnzuAq2NT_KRhkvky9WM-Jw4uKkO05d7YVeBb1qg
2026-07-01 04:10:54 TRACE [http-nio-8081-exec-3] c.s.i.c.s.JwtAuthenticationFilter - user name : dev@gmail.com
2026-07-01 04:10:54 TRACE [http-nio-8081-exec-3] c.s.i.c.s.JwtAuthenticationFilter - Authentication set in the Security Context
2026-07-01 04:10:54 INFO  [http-nio-8081-exec-3] c.s.irctc.aspects.LoggingAspect - Before method Execution getRoutesByTrain 
2026-07-01 04:10:54 INFO  [http-nio-8081-exec-3] c.s.irctc.aspects.LoggingAspect - Time taken 49 ms
2026-07-01 04:10:54 INFO  [http-nio-8081-exec-3] c.s.irctc.aspects.LoggingAspect - After  method Execution getRoutesByTrain 
2026-07-01 04:14:04 INFO  [SpringApplicationShutdownHook] o.s.b.w.e.tomcat.GracefulShutdown - Commencing graceful shutdown. Waiting for active requests to complete
2026-07-01 04:14:04 INFO  [tomcat-shutdown] o.s.b.w.e.tomcat.GracefulShutdown - Graceful shutdown complete
2026-07-01 04:14:04 INFO  [SpringApplicationShutdownHook] o.s.o.j.LocalContainerEntityManagerFactoryBean - Closing JPA EntityManagerFactory for persistence unit 'default'
2026-07-01 04:14:04 INFO  [SpringApplicationShutdownHook] com.zaxxer.hikari.HikariDataSource - HikariPool-1 - Shutdown initiated...
2026-07-01 04:14:04 INFO  [SpringApplicationShutdownHook] com.zaxxer.hikari.HikariDataSource - HikariPool-1 - Shutdown completed.
