2025-09-01T00:02:12.945+05:30  WARN 75060 --- [irctc-backend] [HikariPool-1:housekeeper] com.zaxxer.hikari.pool.HikariPool        : HikariPool-1 - Thread starvation or clock leap detected (housekeeper delta=1h31m15s596ms).
2025-09-01T00:14:18.021+05:30  WARN 75060 --- [irctc-backend] [HikariPool-1:housekeeper] com.zaxxer.hikari.pool.HikariPool        : HikariPool-1 - Thread starvation or clock leap detected (housekeeper delta=6m4s918ms).
2025-09-01T00:19:50.930+05:30  WARN 75060 --- [irctc-backend] [HikariPool-1:housekeeper] com.zaxxer.hikari.pool.HikariPool        : HikariPool-1 - Thread starvation or clock leap detected (housekeeper delta=3m32s888ms).
2025-09-01T02:46:18.748+05:30  WARN 75060 --- [irctc-backend] [HikariPool-1:housekeeper] com.zaxxer.hikari.pool.HikariPool        : HikariPool-1 - Thread starvation or clock leap detected (housekeeper delta=1h15m57s163ms).
2025-09-01T03:04:07.464+05:30  WARN 75060 --- [irctc-backend] [HikariPool-1:housekeeper] com.zaxxer.hikari.pool.HikariPool        : HikariPool-1 - Thread starvation or clock leap detected (housekeeper delta=17m48s716ms).
2025-09-01T04:10:39.673+05:30  WARN 75060 --- [irctc-backend] [HikariPool-1:housekeeper] com.zaxxer.hikari.pool.HikariPool        : HikariPool-1 - Thread starvation or clock leap detected (housekeeper delta=1h6m32s210ms).
2025-09-01T05:17:42.596+05:30  WARN 75060 --- [irctc-backend] [HikariPool-1:housekeeper] com.zaxxer.hikari.pool.HikariPool        : HikariPool-1 - Thread starvation or clock leap detected (housekeeper delta=1h7m2s922ms).
2025-09-01T05:50:38.394+05:30  WARN 75060 --- [irctc-backend] [HikariPool-1:housekeeper] com.zaxxer.hikari.pool.HikariPool        : HikariPool-1 - Thread starvation or clock leap detected (housekeeper delta=32m55s798ms).
2025-09-01T06:28:54.719+05:30  WARN 75060 --- [irctc-backend] [HikariPool-1:housekeeper] com.zaxxer.hikari.pool.HikariPool        : HikariPool-1 - Thread starvation or clock leap detected (housekeeper delta=38m16s326ms).
2025-09-01T06:40:59.316+05:30  WARN 75060 --- [irctc-backend] [HikariPool-1:housekeeper] com.zaxxer.hikari.pool.HikariPool        : HikariPool-1 - Thread starvation or clock leap detected (housekeeper delta=12m4s597ms).
2025-09-01T07:32:32.620+05:30  WARN 75060 --- [irctc-backend] [HikariPool-1:housekeeper] com.zaxxer.hikari.pool.HikariPool        : HikariPool-1 - Thread starvation or clock leap detected (housekeeper delta=51m33s304ms).
2025-09-01T07:33:27.466+05:30  WARN 75060 --- [irctc-backend] [HikariPool-1:housekeeper] com.zaxxer.hikari.pool.HikariPool        : HikariPool-1 - Thread starvation or clock leap detected (housekeeper delta=54s845ms).
2025-09-01T08:09:42.455+05:30  WARN 75060 --- [irctc-backend] [HikariPool-1:housekeeper] com.zaxxer.hikari.pool.HikariPool        : HikariPool-1 - Thread starvation or clock leap detected (housekeeper delta=36m14s989ms).
2025-09-01T08:51:51.699+05:30  WARN 75060 --- [irctc-backend] [HikariPool-1:housekeeper] com.zaxxer.hikari.pool.HikariPool        : HikariPool-1 - Thread starvation or clock leap detected (housekeeper delta=42m9s244ms).
2025-09-01T09:08:39.743+05:30  WARN 75060 --- [irctc-backend] [HikariPool-1:housekeeper] com.zaxxer.hikari.pool.HikariPool        : HikariPool-1 - Thread starvation or clock leap detected (housekeeper delta=16m48s44ms).
2025-09-01T09:28:59.033+05:30  WARN 75060 --- [irctc-backend] [HikariPool-1:housekeeper] com.zaxxer.hikari.pool.HikariPool        : HikariPool-1 - Thread starvation or clock leap detected (housekeeper delta=20m19s291ms).
2025-09-01T09:46:10.556+05:30  WARN 75060 --- [irctc-backend] [HikariPool-1:housekeeper] com.zaxxer.hikari.pool.HikariPool        : HikariPool-1 - Thread starvation or clock leap detected (housekeeper delta=17m11s523ms).
2025-09-01T09:47:56.412+05:30  WARN 75060 --- [irctc-backend] [HikariPool-1:housekeeper] com.zaxxer.hikari.pool.HikariPool        : HikariPool-1 - Thread starvation or clock leap detected (housekeeper delta=45s839ms).
2025-09-01T10:09:36.793+05:30  INFO 75060 --- [irctc-backend] [SpringApplicationShutdownHook] o.s.b.w.e.tomcat.GracefulShutdown        : Commencing graceful shutdown. Waiting for active requests to complete
2025-09-01T10:09:36.811+05:30  INFO 75060 --- [irctc-backend] [tomcat-shutdown] o.s.b.w.e.tomcat.GracefulShutdown        : Graceful shutdown complete
2025-09-01T10:09:36.826+05:30  INFO 75060 --- [irctc-backend] [SpringApplicationShutdownHook] j.LocalContainerEntityManagerFactoryBean : Closing JPA EntityManagerFactory for persistence unit 'default'
2025-09-01T10:09:36.838+05:30  INFO 75060 --- [irctc-backend] [SpringApplicationShutdownHook] com.zaxxer.hikari.HikariDataSource       : HikariPool-1 - Shutdown initiated...
2025-09-01T10:09:36.842+05:30  INFO 75060 --- [irctc-backend] [SpringApplicationShutdownHook] com.zaxxer.hikari.HikariDataSource       : HikariPool-1 - Shutdown completed.
