2026-06-07 00:52:16 INFO  [background-preinit] o.h.validator.internal.util.Version - HV000001: Hibernate Validator 8.0.2.Final
2026-06-07 00:52:16 INFO  [main] c.s.irctc.IrctcBackendApplication - Starting IrctcBackendApplication using Java 21.0.1 with PID 2424 (/Users/gouravgiri/Desktop/SpringBootDurgesh/mvc/irctc-backend/target/classes started by gouravgiri in /Users/gouravgiri/Desktop/SpringBootDurgesh/mvc/irctc-backend)
2026-06-07 00:52:16 INFO  [main] c.s.irctc.IrctcBackendApplication - No active profile set, falling back to 1 default profile: "default"
2026-06-07 00:52:17 INFO  [main] o.s.d.r.c.RepositoryConfigurationDelegate - Bootstrapping Spring Data JPA repositories in DEFAULT mode.
2026-06-07 00:52:17 INFO  [main] o.s.d.r.c.RepositoryConfigurationDelegate - Finished Spring Data repository scanning in 51 ms. Found 11 JPA repository interfaces.
2026-06-07 00:52:18 INFO  [main] o.s.b.w.e.tomcat.TomcatWebServer - Tomcat initialized with port 8081 (http)
2026-06-07 00:52:18 INFO  [main] o.a.coyote.http11.Http11NioProtocol - Initializing ProtocolHandler ["http-nio-8081"]
2026-06-07 00:52:18 INFO  [main] o.a.catalina.core.StandardService - Starting service [Tomcat]
2026-06-07 00:52:18 INFO  [main] o.a.catalina.core.StandardEngine - Starting Servlet engine: [Apache Tomcat/10.1.41]
2026-06-07 00:52:18 INFO  [main] o.a.c.c.C.[Tomcat].[localhost].[/] - Initializing Spring embedded WebApplicationContext
2026-06-07 00:52:18 INFO  [main] o.s.b.w.s.c.ServletWebServerApplicationContext - Root WebApplicationContext: initialization completed in 1530 ms
2026-06-07 00:52:18 INFO  [main] o.h.jpa.internal.util.LogHelper - HHH000204: Processing PersistenceUnitInfo [name: default]
2026-06-07 00:52:18 INFO  [main] org.hibernate.Version - HHH000412: Hibernate ORM core version 6.6.15.Final
2026-06-07 00:52:18 INFO  [main] o.h.c.i.RegionFactoryInitiator - HHH000026: Second-level cache disabled
2026-06-07 00:52:18 INFO  [main] o.s.o.j.p.SpringPersistenceUnitInfo - No LoadTimeWeaver setup: ignoring JPA class transformer
2026-06-07 00:52:18 INFO  [main] com.zaxxer.hikari.HikariDataSource - HikariPool-1 - Starting...
2026-06-07 00:52:18 WARN  [main] c.z.hikari.util.DriverDataSource - Registered driver with driverClassName=com.mysql.jdbc.Driver was not found, trying direct instantiation.
2026-06-07 00:52:19 INFO  [main] com.zaxxer.hikari.pool.HikariPool - HikariPool-1 - Added connection com.mysql.cj.jdbc.ConnectionImpl@44f23927
2026-06-07 00:52:19 INFO  [main] com.zaxxer.hikari.HikariDataSource - HikariPool-1 - Start completed.
2026-06-07 00:52:19 WARN  [main] org.hibernate.orm.deprecation - HHH90000025: MySQL8Dialect does not need to be specified explicitly using 'hibernate.dialect' (remove the property setting and it will be selected by default)
2026-06-07 00:52:19 WARN  [main] org.hibernate.orm.deprecation - HHH90000026: MySQL8Dialect has been deprecated; use org.hibernate.dialect.MySQLDialect instead
2026-06-07 00:52:19 INFO  [main] o.hibernate.orm.connections.pooling - HHH10001005: Database info:
	Database JDBC URL [Connecting through datasource 'HikariDataSource (HikariPool-1)']
	Database driver: undefined/unknown
	Database version: 8.0
	Autocommit mode: undefined/unknown
	Isolation level: undefined/unknown
	Minimum pool size: undefined/unknown
	Maximum pool size: undefined/unknown
2026-06-07 00:52:20 INFO  [main] o.h.e.t.j.p.i.JtaPlatformInitiator - HHH000489: No JTA platform available (set 'hibernate.transaction.jta.platform' to enable JTA platform integration)
2026-06-07 00:52:21 WARN  [main] o.h.t.s.i.ExceptionHandlerLoggedImpl - GenerationTarget encountered exception accepting command : Error executing DDL "
    alter table train_route 
       add constraint FK11tki5yh4ktf952op8io86xn 
       foreign key (train_id) 
       references trains (id)" via JDBC [Cannot add or update a child row: a foreign key constraint fails (`irctcbackend`.`#sql-30f_9`, CONSTRAINT `FK11tki5yh4ktf952op8io86xn` FOREIGN KEY (`train_id`) REFERENCES `trains` (`id`))]
org.hibernate.tool.schema.spi.CommandAcceptanceException: Error executing DDL "
    alter table train_route 
       add constraint FK11tki5yh4ktf952op8io86xn 
       foreign key (train_id) 
       references trains (id)" via JDBC [Cannot add or update a child row: a foreign key constraint fails (`irctcbackend`.`#sql-30f_9`, CONSTRAINT `FK11tki5yh4ktf952op8io86xn` FOREIGN KEY (`train_id`) REFERENCES `trains` (`id`))]
	at org.hibernate.tool.schema.internal.exec.GenerationTargetToDatabase.accept(GenerationTargetToDatabase.java:94)
	at org.hibernate.tool.schema.internal.AbstractSchemaMigrator.applySqlString(AbstractSchemaMigrator.java:576)
	at org.hibernate.tool.schema.internal.AbstractSchemaMigrator.applySqlStrings(AbstractSchemaMigrator.java:516)
	at org.hibernate.tool.schema.internal.AbstractSchemaMigrator.applyForeignKeys(AbstractSchemaMigrator.java:448)
	at org.hibernate.tool.schema.internal.AbstractSchemaMigrator.performMigration(AbstractSchemaMigrator.java:269)
	at org.hibernate.tool.schema.internal.AbstractSchemaMigrator.doMigration(AbstractSchemaMigrator.java:112)
	at org.hibernate.tool.schema.spi.SchemaManagementToolCoordinator.performDatabaseAction(SchemaManagementToolCoordinator.java:280)
	at org.hibernate.tool.schema.spi.SchemaManagementToolCoordinator.lambda$process$5(SchemaManagementToolCoordinator.java:144)
	at java.base/java.util.HashMap.forEach(HashMap.java:1429)
	at org.hibernate.tool.schema.spi.SchemaManagementToolCoordinator.process(SchemaManagementToolCoordinator.java:141)
	at org.hibernate.boot.internal.SessionFactoryObserverForSchemaExport.sessionFactoryCreated(SessionFactoryObserverForSchemaExport.java:37)
	at org.hibernate.internal.SessionFactoryObserverChain.sessionFactoryCreated(SessionFactoryObserverChain.java:35)
	at org.hibernate.internal.SessionFactoryImpl.<init>(SessionFactoryImpl.java:324)
	at org.hibernate.boot.internal.SessionFactoryBuilderImpl.build(SessionFactoryBuilderImpl.java:463)
	at org.hibernate.jpa.boot.internal.EntityManagerFactoryBuilderImpl.build(EntityManagerFactoryBuilderImpl.java:1517)
	at org.springframework.orm.jpa.vendor.SpringHibernateJpaPersistenceProvider.createContainerEntityManagerFactory(SpringHibernateJpaPersistenceProvider.java:66)
	at org.springframework.orm.jpa.LocalContainerEntityManagerFactoryBean.createNativeEntityManagerFactory(LocalContainerEntityManagerFactoryBean.java:390)
	at org.springframework.orm.jpa.AbstractEntityManagerFactoryBean.buildNativeEntityManagerFactory(AbstractEntityManagerFactoryBean.java:419)
	at org.springframework.orm.jpa.AbstractEntityManagerFactoryBean.afterPropertiesSet(AbstractEntityManagerFactoryBean.java:400)
	at org.springframework.orm.jpa.LocalContainerEntityManagerFactoryBean.afterPropertiesSet(LocalContainerEntityManagerFactoryBean.java:366)
	at org.springframework.beans.factory.support.AbstractAutowireCapableBeanFactory.invokeInitMethods(AbstractAutowireCapableBeanFactory.java:1873)
	at org.springframework.beans.factory.support.AbstractAutowireCapableBeanFactory.initializeBean(AbstractAutowireCapableBeanFactory.java:1822)
	at org.springframework.beans.factory.support.AbstractAutowireCapableBeanFactory.doCreateBean(AbstractAutowireCapableBeanFactory.java:607)
	at org.springframework.beans.factory.support.AbstractAutowireCapableBeanFactory.createBean(AbstractAutowireCapableBeanFactory.java:529)
	at org.springframework.beans.factory.support.AbstractBeanFactory.lambda$doGetBean$0(AbstractBeanFactory.java:339)
	at org.springframework.beans.factory.support.DefaultSingletonBeanRegistry.getSingleton(DefaultSingletonBeanRegistry.java:373)
	at org.springframework.beans.factory.support.AbstractBeanFactory.doGetBean(AbstractBeanFactory.java:337)
	at org.springframework.beans.factory.support.AbstractBeanFactory.getBean(AbstractBeanFactory.java:202)
	at org.springframework.beans.factory.support.BeanDefinitionValueResolver.resolveReference(BeanDefinitionValueResolver.java:365)
	at org.springframework.beans.factory.support.BeanDefinitionValueResolver.resolveValueIfNecessary(BeanDefinitionValueResolver.java:135)
	at org.springframework.beans.factory.support.ConstructorResolver.resolveConstructorArguments(ConstructorResolver.java:691)
	at org.springframework.beans.factory.support.ConstructorResolver.instantiateUsingFactoryMethod(ConstructorResolver.java:513)
	at org.springframework.beans.factory.support.AbstractAutowireCapableBeanFactory.instantiateUsingFactoryMethod(AbstractAutowireCapableBeanFactory.java:1375)
	at org.springframework.beans.factory.support.AbstractAutowireCapableBeanFactory.createBeanInstance(AbstractAutowireCapableBeanFactory.java:1205)
	at org.springframework.beans.factory.support.AbstractAutowireCapableBeanFactory.doCreateBean(AbstractAutowireCapableBeanFactory.java:569)
	at org.springframework.beans.factory.support.AbstractAutowireCapableBeanFactory.createBean(AbstractAutowireCapableBeanFactory.java:529)
	at org.springframework.beans.factory.support.AbstractBeanFactory.lambda$doGetBean$0(AbstractBeanFactory.java:339)
	at org.springframework.beans.factory.support.DefaultSingletonBeanRegistry.getSingleton(DefaultSingletonBeanRegistry.java:373)
	at org.springframework.beans.factory.support.AbstractBeanFactory.doGetBean(AbstractBeanFactory.java:337)
	at org.springframework.beans.factory.support.AbstractBeanFactory.getBean(AbstractBeanFactory.java:202)
	at org.springframework.beans.factory.support.BeanDefinitionValueResolver.resolveReference(BeanDefinitionValueResolver.java:365)
	at org.springframework.beans.factory.support.BeanDefinitionValueResolver.resolveValueIfNecessary(BeanDefinitionValueResolver.java:135)
	at org.springframework.beans.factory.support.AbstractAutowireCapableBeanFactory.applyPropertyValues(AbstractAutowireCapableBeanFactory.java:1725)
	at org.springframework.beans.factory.support.AbstractAutowireCapableBeanFactory.populateBean(AbstractAutowireCapableBeanFactory.java:1474)
	at org.springframework.beans.factory.support.AbstractAutowireCapableBeanFactory.doCreateBean(AbstractAutowireCapableBeanFactory.java:606)
	at org.springframework.beans.factory.support.AbstractAutowireCapableBeanFactory.createBean(AbstractAutowireCapableBeanFactory.java:529)
	at org.springframework.beans.factory.support.AbstractBeanFactory.lambda$doGetBean$0(AbstractBeanFactory.java:339)
	at org.springframework.beans.factory.support.DefaultSingletonBeanRegistry.getSingleton(DefaultSingletonBeanRegistry.java:373)
	at org.springframework.beans.factory.support.AbstractBeanFactory.doGetBean(AbstractBeanFactory.java:337)
	at org.springframework.beans.factory.support.AbstractBeanFactory.getBean(AbstractBeanFactory.java:202)
	at org.springframework.beans.factory.support.DefaultListableBeanFactory.doResolveDependency(DefaultListableBeanFactory.java:1682)
	at org.springframework.beans.factory.support.DefaultListableBeanFactory.resolveDependency(DefaultListableBeanFactory.java:1628)
	at org.springframework.beans.factory.support.ConstructorResolver.resolveAutowiredArgument(ConstructorResolver.java:913)
	at org.springframework.beans.factory.support.ConstructorResolver.createArgumentArray(ConstructorResolver.java:791)
	at org.springframework.beans.factory.support.ConstructorResolver.autowireConstructor(ConstructorResolver.java:240)
	at org.springframework.beans.factory.support.AbstractAutowireCapableBeanFactory.autowireConstructor(AbstractAutowireCapableBeanFactory.java:1395)
	at org.springframework.beans.factory.support.AbstractAutowireCapableBeanFactory.createBeanInstance(AbstractAutowireCapableBeanFactory.java:1232)
	at org.springframework.beans.factory.support.AbstractAutowireCapableBeanFactory.doCreateBean(AbstractAutowireCapableBeanFactory.java:569)
	at org.springframework.beans.factory.support.AbstractAutowireCapableBeanFactory.createBean(AbstractAutowireCapableBeanFactory.java:529)
	at org.springframework.beans.factory.support.AbstractBeanFactory.lambda$doGetBean$0(AbstractBeanFactory.java:339)
	at org.springframework.beans.factory.support.DefaultSingletonBeanRegistry.getSingleton(DefaultSingletonBeanRegistry.java:373)
	at org.springframework.beans.factory.support.AbstractBeanFactory.doGetBean(AbstractBeanFactory.java:337)
	at org.springframework.beans.factory.support.AbstractBeanFactory.getBean(AbstractBeanFactory.java:202)
	at org.springframework.beans.factory.config.DependencyDescriptor.resolveCandidate(DependencyDescriptor.java:254)
	at org.springframework.beans.factory.support.DefaultListableBeanFactory.doResolveDependency(DefaultListableBeanFactory.java:1740)
	at org.springframework.beans.factory.support.DefaultListableBeanFactory.resolveDependency(DefaultListableBeanFactory.java:1628)
	at org.springframework.beans.factory.support.ConstructorResolver.resolveAutowiredArgument(ConstructorResolver.java:913)
	at org.springframework.beans.factory.support.ConstructorResolver.createArgumentArray(ConstructorResolver.java:791)
	at org.springframework.beans.factory.support.ConstructorResolver.autowireConstructor(ConstructorResolver.java:240)
	at org.springframework.beans.factory.support.AbstractAutowireCapableBeanFactory.autowireConstructor(AbstractAutowireCapableBeanFactory.java:1395)
	at org.springframework.beans.factory.support.AbstractAutowireCapableBeanFactory.createBeanInstance(AbstractAutowireCapableBeanFactory.java:1232)
	at org.springframework.beans.factory.support.AbstractAutowireCapableBeanFactory.doCreateBean(AbstractAutowireCapableBeanFactory.java:569)
	at org.springframework.beans.factory.support.AbstractAutowireCapableBeanFactory.createBean(AbstractAutowireCapableBeanFactory.java:529)
	at org.springframework.beans.factory.support.AbstractBeanFactory.lambda$doGetBean$0(AbstractBeanFactory.java:339)
	at org.springframework.beans.factory.support.DefaultSingletonBeanRegistry.getSingleton(DefaultSingletonBeanRegistry.java:373)
	at org.springframework.beans.factory.support.AbstractBeanFactory.doGetBean(AbstractBeanFactory.java:337)
	at org.springframework.beans.factory.support.AbstractBeanFactory.getBean(AbstractBeanFactory.java:207)
	at org.springframework.boot.web.servlet.ServletContextInitializerBeans.getOrderedBeansOfType(ServletContextInitializerBeans.java:230)
	at org.springframework.boot.web.servlet.ServletContextInitializerBeans.addAsRegistrationBean(ServletContextInitializerBeans.java:184)
	at org.springframework.boot.web.servlet.ServletContextInitializerBeans.addAsRegistrationBean(ServletContextInitializerBeans.java:179)
	at org.springframework.boot.web.servlet.ServletContextInitializerBeans.addAdaptableBeans(ServletContextInitializerBeans.java:164)
	at org.springframework.boot.web.servlet.ServletContextInitializerBeans.<init>(ServletContextInitializerBeans.java:96)
	at org.springframework.boot.web.servlet.context.ServletWebServerApplicationContext.getServletContextInitializerBeans(ServletWebServerApplicationContext.java:271)
	at org.springframework.boot.web.servlet.context.ServletWebServerApplicationContext.selfInitialize(ServletWebServerApplicationContext.java:245)
	at org.springframework.boot.web.embedded.tomcat.TomcatStarter.onStartup(TomcatStarter.java:52)
	at org.apache.catalina.core.StandardContext.startInternal(StandardContext.java:4464)
	at org.apache.catalina.util.LifecycleBase.start(LifecycleBase.java:164)
	at org.apache.catalina.core.ContainerBase$StartChild.call(ContainerBase.java:1203)
	at org.apache.catalina.core.ContainerBase$StartChild.call(ContainerBase.java:1193)
	at java.base/java.util.concurrent.FutureTask.run(FutureTask.java:317)
	at org.apache.tomcat.util.threads.InlineExecutorService.execute(InlineExecutorService.java:75)
	at java.base/java.util.concurrent.AbstractExecutorService.submit(AbstractExecutorService.java:145)
	at org.apache.catalina.core.ContainerBase.startInternal(ContainerBase.java:749)
	at org.apache.catalina.core.StandardHost.startInternal(StandardHost.java:772)
	at org.apache.catalina.util.LifecycleBase.start(LifecycleBase.java:164)
	at org.apache.catalina.core.ContainerBase$StartChild.call(ContainerBase.java:1203)
	at org.apache.catalina.core.ContainerBase$StartChild.call(ContainerBase.java:1193)
	at java.base/java.util.concurrent.FutureTask.run(FutureTask.java:317)
	at org.apache.tomcat.util.threads.InlineExecutorService.execute(InlineExecutorService.java:75)
	at java.base/java.util.concurrent.AbstractExecutorService.submit(AbstractExecutorService.java:145)
	at org.apache.catalina.core.ContainerBase.startInternal(ContainerBase.java:749)
	at org.apache.catalina.core.StandardEngine.startInternal(StandardEngine.java:203)
	at org.apache.catalina.util.LifecycleBase.start(LifecycleBase.java:164)
	at org.apache.catalina.core.StandardService.startInternal(StandardService.java:412)
	at org.apache.catalina.util.LifecycleBase.start(LifecycleBase.java:164)
	at org.apache.catalina.core.StandardServer.startInternal(StandardServer.java:870)
	at org.apache.catalina.util.LifecycleBase.start(LifecycleBase.java:164)
	at org.apache.catalina.startup.Tomcat.start(Tomcat.java:438)
	at org.springframework.boot.web.embedded.tomcat.TomcatWebServer.initialize(TomcatWebServer.java:128)
	at org.springframework.boot.web.embedded.tomcat.TomcatWebServer.<init>(TomcatWebServer.java:107)
	at org.springframework.boot.web.embedded.tomcat.TomcatServletWebServerFactory.getTomcatWebServer(TomcatServletWebServerFactory.java:517)
	at org.springframework.boot.web.embedded.tomcat.TomcatServletWebServerFactory.getWebServer(TomcatServletWebServerFactory.java:219)
	at org.springframework.boot.web.servlet.context.ServletWebServerApplicationContext.createWebServer(ServletWebServerApplicationContext.java:193)
	at org.springframework.boot.web.servlet.context.ServletWebServerApplicationContext.onRefresh(ServletWebServerApplicationContext.java:167)
	at org.springframework.context.support.AbstractApplicationContext.refresh(AbstractApplicationContext.java:621)
	at org.springframework.boot.web.servlet.context.ServletWebServerApplicationContext.refresh(ServletWebServerApplicationContext.java:146)
	at org.springframework.boot.SpringApplication.refresh(SpringApplication.java:753)
	at org.springframework.boot.SpringApplication.refreshContext(SpringApplication.java:439)
	at org.springframework.boot.SpringApplication.run(SpringApplication.java:318)
	at org.springframework.boot.SpringApplication.run(SpringApplication.java:1362)
	at org.springframework.boot.SpringApplication.run(SpringApplication.java:1351)
	at com.substring.irctc.IrctcBackendApplication.main(IrctcBackendApplication.java:21)
Caused by: java.sql.SQLIntegrityConstraintViolationException: Cannot add or update a child row: a foreign key constraint fails (`irctcbackend`.`#sql-30f_9`, CONSTRAINT `FK11tki5yh4ktf952op8io86xn` FOREIGN KEY (`train_id`) REFERENCES `trains` (`id`))
	at com.mysql.cj.jdbc.exceptions.SQLError.createSQLException(SQLError.java:109)
	at com.mysql.cj.jdbc.exceptions.SQLExceptionsMapping.translateException(SQLExceptionsMapping.java:114)
	at com.mysql.cj.jdbc.StatementImpl.executeInternal(StatementImpl.java:837)
	at com.mysql.cj.jdbc.StatementImpl.execute(StatementImpl.java:685)
	at com.zaxxer.hikari.pool.ProxyStatement.execute(ProxyStatement.java:95)
	at com.zaxxer.hikari.pool.HikariProxyStatement.execute(HikariProxyStatement.java)
	at org.hibernate.tool.schema.internal.exec.GenerationTargetToDatabase.accept(GenerationTargetToDatabase.java:80)
	... 121 common frames omitted
2026-06-07 00:52:21 INFO  [main] o.s.o.j.LocalContainerEntityManagerFactoryBean - Initialized JPA EntityManagerFactory for persistence unit 'default'
2026-06-07 00:52:21 DEBUG [main] c.s.i.c.s.JwtAuthenticationFilter - Filter 'jwtAuthenticationFilter' configured for use
2026-06-07 00:52:21 INFO  [main] o.s.s.c.a.a.c.InitializeUserDetailsBeanManagerConfigurer$InitializeUserDetailsManagerConfigurer - Global AuthenticationManager configured with UserDetailsService bean with name customUserDetailService
2026-06-07 00:52:21 INFO  [main] o.s.d.j.r.query.QueryEnhancerFactory - Hibernate is in classpath; If applicable, HQL parser will be used.
2026-06-07 00:52:22 WARN  [main] o.s.b.a.o.j.JpaBaseConfiguration$JpaWebConfiguration - spring.jpa.open-in-view is enabled by default. Therefore, database queries may be performed during view rendering. Explicitly configure spring.jpa.open-in-view to disable this warning
2026-06-07 00:52:23 INFO  [main] o.a.coyote.http11.Http11NioProtocol - Starting ProtocolHandler ["http-nio-8081"]
2026-06-07 00:52:23 INFO  [main] o.s.b.w.e.tomcat.TomcatWebServer - Tomcat started on port 8081 (http) with context path '/'
2026-06-07 00:52:23 INFO  [main] c.s.irctc.IrctcBackendApplication - Started IrctcBackendApplication in 10.123 seconds (process running for 10.837)
2026-06-07 00:52:23 INFO  [main] c.s.irctc.IrctcBackendApplication - Initializing roles...
2026-06-07 00:52:23 WARN  [main] c.s.irctc.IrctcBackendApplication - Initializing roles...
2026-06-07 00:52:23 ERROR [main] c.s.irctc.IrctcBackendApplication - Initializing roles...
2026-06-07 00:59:38 INFO  [http-nio-8081-exec-1] o.a.c.c.C.[Tomcat].[localhost].[/] - Initializing Spring DispatcherServlet 'dispatcherServlet'
2026-06-07 00:59:38 INFO  [http-nio-8081-exec-1] o.s.web.servlet.DispatcherServlet - Initializing Servlet 'dispatcherServlet'
2026-06-07 00:59:38 INFO  [http-nio-8081-exec-1] o.s.web.servlet.DispatcherServlet - Completed initialization in 49 ms
2026-06-07 00:59:38 TRACE [http-nio-8081-exec-2] c.s.i.c.s.JwtAuthenticationFilter - Request to the JWT Filter : null
2026-06-07 00:59:58 TRACE [http-nio-8081-exec-4] c.s.i.c.s.JwtAuthenticationFilter - Request to the JWT Filter : Bearer eyJhbGciOiJIUzUxMiJ9.eyJ0b2tlbl90eXBlIjoiYWNjZXNzX3Rva2VuIiwic3ViIjoibm9ybWFsQGdtYWlsLmNvbSIsImlhdCI6MTc4MDc3NDE3OSwiZXhwIjoxNzgwNzc0MjA5fQ._9VaLu5Nr-r8Q50TN1qsHRFnSH5BQDKxkvup6B0CcIqye-J_PUZfWB3Lmv4zLu90YW_zDERsv9YklR2Z33qF5A
2026-06-07 00:59:58 TRACE [http-nio-8081-exec-4] c.s.i.c.s.JwtAuthenticationFilter - user name : normal@gmail.com
2026-06-07 00:59:58 TRACE [http-nio-8081-exec-4] c.s.i.c.s.JwtAuthenticationFilter - Authentication set in the Security Context
2026-06-07 00:59:58 INFO  [http-nio-8081-exec-4] c.s.irctc.aspects.LoggingAspect - Before method Execution listStations 
2026-06-07 00:59:58 INFO  [http-nio-8081-exec-4] c.s.irctc.aspects.LoggingAspect - Time taken 64 ms
2026-06-07 00:59:58 INFO  [http-nio-8081-exec-4] c.s.irctc.aspects.LoggingAspect - After  method Execution listStations 
2026-06-07 01:00:16 TRACE [http-nio-8081-exec-6] c.s.i.c.s.JwtAuthenticationFilter - Request to the JWT Filter : Bearer eyJhbGciOiJIUzUxMiJ9.eyJ0b2tlbl90eXBlIjoiYWNjZXNzX3Rva2VuIiwic3ViIjoibm9ybWFsQGdtYWlsLmNvbSIsImlhdCI6MTc4MDc3NDE3OSwiZXhwIjoxNzgwNzc0MjA5fQ._9VaLu5Nr-r8Q50TN1qsHRFnSH5BQDKxkvup6B0CcIqye-J_PUZfWB3Lmv4zLu90YW_zDERsv9YklR2Z33qF5A
2026-06-07 01:00:16 ERROR [http-nio-8081-exec-6] c.s.i.c.s.JwtAuthenticationFilter - JWT Token has expired
2026-06-07 01:00:17 TRACE [http-nio-8081-exec-8] c.s.i.c.s.JwtAuthenticationFilter - Request to the JWT Filter : Bearer eyJhbGciOiJIUzUxMiJ9.eyJ0b2tlbl90eXBlIjoiYWNjZXNzX3Rva2VuIiwic3ViIjoibm9ybWFsQGdtYWlsLmNvbSIsImlhdCI6MTc4MDc3NDE3OSwiZXhwIjoxNzgwNzc0MjA5fQ._9VaLu5Nr-r8Q50TN1qsHRFnSH5BQDKxkvup6B0CcIqye-J_PUZfWB3Lmv4zLu90YW_zDERsv9YklR2Z33qF5A
2026-06-07 01:00:17 ERROR [http-nio-8081-exec-8] c.s.i.c.s.JwtAuthenticationFilter - JWT Token has expired
2026-06-07 01:00:17 TRACE [http-nio-8081-exec-9] c.s.i.c.s.JwtAuthenticationFilter - Request to the JWT Filter : Bearer eyJhbGciOiJIUzUxMiJ9.eyJ0b2tlbl90eXBlIjoiYWNjZXNzX3Rva2VuIiwic3ViIjoibm9ybWFsQGdtYWlsLmNvbSIsImlhdCI6MTc4MDc3NDIxNywiZXhwIjoxNzgwNzc0MjQ3fQ.Gsii0nGiW6l-WD8ARjl_6wCqPYYFTcKI7UTGJTU4oyytexSrXn2U3kMltNv73a1YxOhKvI0ov2k89UwAXi1FCg
2026-06-07 01:00:17 TRACE [http-nio-8081-exec-9] c.s.i.c.s.JwtAuthenticationFilter - user name : normal@gmail.com
2026-06-07 01:00:17 TRACE [http-nio-8081-exec-9] c.s.i.c.s.JwtAuthenticationFilter - Authentication set in the Security Context
2026-06-07 01:00:17 INFO  [http-nio-8081-exec-9] c.s.irctc.aspects.LoggingAspect - Before method Execution userTrainSearch 
2026-06-07 01:00:17 INFO  [http-nio-8081-exec-9] c.s.irctc.aspects.LoggingAspect - Time taken 30 ms
2026-06-07 01:00:17 INFO  [http-nio-8081-exec-9] c.s.irctc.aspects.LoggingAspect - After  method Execution userTrainSearch 
2026-06-07 01:00:21 TRACE [http-nio-8081-exec-10] c.s.i.c.s.JwtAuthenticationFilter - Request to the JWT Filter : Bearer eyJhbGciOiJIUzUxMiJ9.eyJ0b2tlbl90eXBlIjoiYWNjZXNzX3Rva2VuIiwic3ViIjoibm9ybWFsQGdtYWlsLmNvbSIsImlhdCI6MTc4MDc3NDIxNywiZXhwIjoxNzgwNzc0MjQ3fQ.Gsii0nGiW6l-WD8ARjl_6wCqPYYFTcKI7UTGJTU4oyytexSrXn2U3kMltNv73a1YxOhKvI0ov2k89UwAXi1FCg
2026-06-07 01:00:21 TRACE [http-nio-8081-exec-10] c.s.i.c.s.JwtAuthenticationFilter - user name : normal@gmail.com
2026-06-07 01:00:21 TRACE [http-nio-8081-exec-10] c.s.i.c.s.JwtAuthenticationFilter - Authentication set in the Security Context
2026-06-07 01:00:21 INFO  [http-nio-8081-exec-10] c.s.irctc.aspects.LoggingAspect - Before method Execution userTrainSearch 
2026-06-07 01:00:21 INFO  [http-nio-8081-exec-10] c.s.irctc.aspects.LoggingAspect - Time taken 4 ms
2026-06-07 01:00:21 INFO  [http-nio-8081-exec-10] c.s.irctc.aspects.LoggingAspect - After  method Execution userTrainSearch 
2026-06-07 01:00:27 TRACE [http-nio-8081-exec-2] c.s.i.c.s.JwtAuthenticationFilter - Request to the JWT Filter : Bearer eyJhbGciOiJIUzUxMiJ9.eyJ0b2tlbl90eXBlIjoiYWNjZXNzX3Rva2VuIiwic3ViIjoibm9ybWFsQGdtYWlsLmNvbSIsImlhdCI6MTc4MDc3NDIxNywiZXhwIjoxNzgwNzc0MjQ3fQ.Gsii0nGiW6l-WD8ARjl_6wCqPYYFTcKI7UTGJTU4oyytexSrXn2U3kMltNv73a1YxOhKvI0ov2k89UwAXi1FCg
2026-06-07 01:00:27 TRACE [http-nio-8081-exec-2] c.s.i.c.s.JwtAuthenticationFilter - user name : normal@gmail.com
2026-06-07 01:00:27 TRACE [http-nio-8081-exec-2] c.s.i.c.s.JwtAuthenticationFilter - Authentication set in the Security Context
2026-06-07 01:00:27 INFO  [http-nio-8081-exec-2] c.s.irctc.aspects.LoggingAspect - Before method Execution userTrainSearch 
2026-06-07 01:00:27 INFO  [http-nio-8081-exec-2] c.s.irctc.aspects.LoggingAspect - Time taken 2 ms
2026-06-07 01:00:27 INFO  [http-nio-8081-exec-2] c.s.irctc.aspects.LoggingAspect - After  method Execution userTrainSearch 
2026-06-07 01:02:42 TRACE [http-nio-8081-exec-5] c.s.i.c.s.JwtAuthenticationFilter - Request to the JWT Filter : null
2026-06-07 01:02:53 TRACE [http-nio-8081-exec-7] c.s.i.c.s.JwtAuthenticationFilter - Request to the JWT Filter : Bearer eyJhbGciOiJIUzUxMiJ9.eyJ0b2tlbl90eXBlIjoiYWNjZXNzX3Rva2VuIiwic3ViIjoiZGV2QGdtYWlsLmNvbSIsImlhdCI6MTc4MDc3NDM2MiwiZXhwIjoxNzgwNzc0MzkyfQ.R0npc9mYd0OpnGfSK09FRDoP6xUqqke-9wjEVp1zfMpK7dkFgiKSmKX_FsJ7i8g3tz-k3P7QuyAAz9wUevs7Sw
2026-06-07 01:02:53 TRACE [http-nio-8081-exec-7] c.s.i.c.s.JwtAuthenticationFilter - user name : dev@gmail.com
2026-06-07 01:02:53 TRACE [http-nio-8081-exec-7] c.s.i.c.s.JwtAuthenticationFilter - Authentication set in the Security Context
2026-06-07 01:02:53 INFO  [http-nio-8081-exec-7] c.s.irctc.aspects.LoggingAspect - Before method Execution getAllTrains 
2026-06-07 01:02:53 INFO  [http-nio-8081-exec-7] c.s.irctc.aspects.LoggingAspect - Time taken 43 ms
2026-06-07 01:02:53 INFO  [http-nio-8081-exec-7] c.s.irctc.aspects.LoggingAspect - After  method Execution getAllTrains 
2026-06-07 01:02:56 TRACE [http-nio-8081-exec-9] c.s.i.c.s.JwtAuthenticationFilter - Request to the JWT Filter : Bearer eyJhbGciOiJIUzUxMiJ9.eyJ0b2tlbl90eXBlIjoiYWNjZXNzX3Rva2VuIiwic3ViIjoiZGV2QGdtYWlsLmNvbSIsImlhdCI6MTc4MDc3NDM2MiwiZXhwIjoxNzgwNzc0MzkyfQ.R0npc9mYd0OpnGfSK09FRDoP6xUqqke-9wjEVp1zfMpK7dkFgiKSmKX_FsJ7i8g3tz-k3P7QuyAAz9wUevs7Sw
2026-06-07 01:02:56 TRACE [http-nio-8081-exec-9] c.s.i.c.s.JwtAuthenticationFilter - user name : dev@gmail.com
2026-06-07 01:02:56 TRACE [http-nio-8081-exec-9] c.s.i.c.s.JwtAuthenticationFilter - Authentication set in the Security Context
2026-06-07 01:02:56 INFO  [http-nio-8081-exec-9] c.s.irctc.aspects.LoggingAspect - Before method Execution getTrainSchedulesByTrainId 
2026-06-07 01:02:56 INFO  [http-nio-8081-exec-9] c.s.irctc.aspects.LoggingAspect - Time taken 12 ms
2026-06-07 01:02:56 INFO  [http-nio-8081-exec-9] c.s.irctc.aspects.LoggingAspect - After  method Execution getTrainSchedulesByTrainId 
2026-06-07 01:02:59 TRACE [http-nio-8081-exec-1] c.s.i.c.s.JwtAuthenticationFilter - Request to the JWT Filter : Bearer eyJhbGciOiJIUzUxMiJ9.eyJ0b2tlbl90eXBlIjoiYWNjZXNzX3Rva2VuIiwic3ViIjoiZGV2QGdtYWlsLmNvbSIsImlhdCI6MTc4MDc3NDM2MiwiZXhwIjoxNzgwNzc0MzkyfQ.R0npc9mYd0OpnGfSK09FRDoP6xUqqke-9wjEVp1zfMpK7dkFgiKSmKX_FsJ7i8g3tz-k3P7QuyAAz9wUevs7Sw
2026-06-07 01:02:59 TRACE [http-nio-8081-exec-1] c.s.i.c.s.JwtAuthenticationFilter - user name : dev@gmail.com
2026-06-07 01:02:59 TRACE [http-nio-8081-exec-1] c.s.i.c.s.JwtAuthenticationFilter - Authentication set in the Security Context
2026-06-07 01:02:59 INFO  [http-nio-8081-exec-1] c.s.irctc.aspects.LoggingAspect - Before method Execution getAllTrains 
2026-06-07 01:02:59 INFO  [http-nio-8081-exec-1] c.s.irctc.aspects.LoggingAspect - Time taken 10 ms
2026-06-07 01:02:59 INFO  [http-nio-8081-exec-1] c.s.irctc.aspects.LoggingAspect - After  method Execution getAllTrains 
2026-06-07 01:03:02 TRACE [http-nio-8081-exec-3] c.s.i.c.s.JwtAuthenticationFilter - Request to the JWT Filter : Bearer eyJhbGciOiJIUzUxMiJ9.eyJ0b2tlbl90eXBlIjoiYWNjZXNzX3Rva2VuIiwic3ViIjoiZGV2QGdtYWlsLmNvbSIsImlhdCI6MTc4MDc3NDM2MiwiZXhwIjoxNzgwNzc0MzkyfQ.R0npc9mYd0OpnGfSK09FRDoP6xUqqke-9wjEVp1zfMpK7dkFgiKSmKX_FsJ7i8g3tz-k3P7QuyAAz9wUevs7Sw
2026-06-07 01:03:02 TRACE [http-nio-8081-exec-3] c.s.i.c.s.JwtAuthenticationFilter - user name : dev@gmail.com
2026-06-07 01:03:02 TRACE [http-nio-8081-exec-3] c.s.i.c.s.JwtAuthenticationFilter - Authentication set in the Security Context
2026-06-07 01:03:02 INFO  [http-nio-8081-exec-3] c.s.irctc.aspects.LoggingAspect - Before method Execution getRoutesByTrain 
2026-06-07 01:03:02 INFO  [http-nio-8081-exec-3] c.s.irctc.aspects.LoggingAspect - Time taken 27 ms
2026-06-07 01:03:02 INFO  [http-nio-8081-exec-3] c.s.irctc.aspects.LoggingAspect - After  method Execution getRoutesByTrain 
2026-06-07 01:03:05 TRACE [http-nio-8081-exec-5] c.s.i.c.s.JwtAuthenticationFilter - Request to the JWT Filter : Bearer eyJhbGciOiJIUzUxMiJ9.eyJ0b2tlbl90eXBlIjoiYWNjZXNzX3Rva2VuIiwic3ViIjoiZGV2QGdtYWlsLmNvbSIsImlhdCI6MTc4MDc3NDM2MiwiZXhwIjoxNzgwNzc0MzkyfQ.R0npc9mYd0OpnGfSK09FRDoP6xUqqke-9wjEVp1zfMpK7dkFgiKSmKX_FsJ7i8g3tz-k3P7QuyAAz9wUevs7Sw
2026-06-07 01:03:05 TRACE [http-nio-8081-exec-5] c.s.i.c.s.JwtAuthenticationFilter - user name : dev@gmail.com
2026-06-07 01:03:05 TRACE [http-nio-8081-exec-5] c.s.i.c.s.JwtAuthenticationFilter - Authentication set in the Security Context
2026-06-07 01:03:05 INFO  [http-nio-8081-exec-5] c.s.irctc.aspects.LoggingAspect - Before method Execution listStations 
2026-06-07 01:03:05 INFO  [http-nio-8081-exec-5] c.s.irctc.aspects.LoggingAspect - Time taken 8 ms
2026-06-07 01:03:05 INFO  [http-nio-8081-exec-5] c.s.irctc.aspects.LoggingAspect - After  method Execution listStations 
2026-06-07 01:03:10 TRACE [http-nio-8081-exec-7] c.s.i.c.s.JwtAuthenticationFilter - Request to the JWT Filter : Bearer eyJhbGciOiJIUzUxMiJ9.eyJ0b2tlbl90eXBlIjoiYWNjZXNzX3Rva2VuIiwic3ViIjoiZGV2QGdtYWlsLmNvbSIsImlhdCI6MTc4MDc3NDM2MiwiZXhwIjoxNzgwNzc0MzkyfQ.R0npc9mYd0OpnGfSK09FRDoP6xUqqke-9wjEVp1zfMpK7dkFgiKSmKX_FsJ7i8g3tz-k3P7QuyAAz9wUevs7Sw
2026-06-07 01:03:10 TRACE [http-nio-8081-exec-7] c.s.i.c.s.JwtAuthenticationFilter - user name : dev@gmail.com
2026-06-07 01:03:10 TRACE [http-nio-8081-exec-7] c.s.i.c.s.JwtAuthenticationFilter - Authentication set in the Security Context
2026-06-07 01:03:10 INFO  [http-nio-8081-exec-7] c.s.irctc.aspects.LoggingAspect - Before method Execution getAllTrains 
2026-06-07 01:03:10 INFO  [http-nio-8081-exec-7] c.s.irctc.aspects.LoggingAspect - Time taken 9 ms
2026-06-07 01:03:10 INFO  [http-nio-8081-exec-7] c.s.irctc.aspects.LoggingAspect - After  method Execution getAllTrains 
2026-06-07 01:03:13 TRACE [http-nio-8081-exec-9] c.s.i.c.s.JwtAuthenticationFilter - Request to the JWT Filter : Bearer eyJhbGciOiJIUzUxMiJ9.eyJ0b2tlbl90eXBlIjoiYWNjZXNzX3Rva2VuIiwic3ViIjoiZGV2QGdtYWlsLmNvbSIsImlhdCI6MTc4MDc3NDM2MiwiZXhwIjoxNzgwNzc0MzkyfQ.R0npc9mYd0OpnGfSK09FRDoP6xUqqke-9wjEVp1zfMpK7dkFgiKSmKX_FsJ7i8g3tz-k3P7QuyAAz9wUevs7Sw
2026-06-07 01:03:13 ERROR [http-nio-8081-exec-9] c.s.i.c.s.JwtAuthenticationFilter - JWT Token has expired
2026-06-07 01:03:14 TRACE [http-nio-8081-exec-1] c.s.i.c.s.JwtAuthenticationFilter - Request to the JWT Filter : Bearer eyJhbGciOiJIUzUxMiJ9.eyJ0b2tlbl90eXBlIjoiYWNjZXNzX3Rva2VuIiwic3ViIjoiZGV2QGdtYWlsLmNvbSIsImlhdCI6MTc4MDc3NDM2MiwiZXhwIjoxNzgwNzc0MzkyfQ.R0npc9mYd0OpnGfSK09FRDoP6xUqqke-9wjEVp1zfMpK7dkFgiKSmKX_FsJ7i8g3tz-k3P7QuyAAz9wUevs7Sw
2026-06-07 01:03:14 ERROR [http-nio-8081-exec-1] c.s.i.c.s.JwtAuthenticationFilter - JWT Token has expired
2026-06-07 01:03:14 TRACE [http-nio-8081-exec-2] c.s.i.c.s.JwtAuthenticationFilter - Request to the JWT Filter : Bearer eyJhbGciOiJIUzUxMiJ9.eyJ0b2tlbl90eXBlIjoiYWNjZXNzX3Rva2VuIiwic3ViIjoiZGV2QGdtYWlsLmNvbSIsImlhdCI6MTc4MDc3NDM5NCwiZXhwIjoxNzgwNzc0NDI0fQ.lPaB7tGuQrEhEQQGtDp6crNkgrWgIzx1mYuvcR-x1vMD1jPRJQKGJ9op7rypEglgk4pYe_uJNCTmhivuJCJIVw
2026-06-07 01:03:14 TRACE [http-nio-8081-exec-2] c.s.i.c.s.JwtAuthenticationFilter - user name : dev@gmail.com
2026-06-07 01:03:14 TRACE [http-nio-8081-exec-2] c.s.i.c.s.JwtAuthenticationFilter - Authentication set in the Security Context
2026-06-07 01:03:14 INFO  [http-nio-8081-exec-2] c.s.irctc.aspects.LoggingAspect - Before method Execution listStations 
2026-06-07 01:03:14 INFO  [http-nio-8081-exec-2] c.s.irctc.aspects.LoggingAspect - Time taken 7 ms
2026-06-07 01:03:14 INFO  [http-nio-8081-exec-2] c.s.irctc.aspects.LoggingAspect - After  method Execution listStations 
2026-06-07 01:03:34 TRACE [http-nio-8081-exec-4] c.s.i.c.s.JwtAuthenticationFilter - Request to the JWT Filter : Bearer eyJhbGciOiJIUzUxMiJ9.eyJ0b2tlbl90eXBlIjoiYWNjZXNzX3Rva2VuIiwic3ViIjoiZGV2QGdtYWlsLmNvbSIsImlhdCI6MTc4MDc3NDM5NCwiZXhwIjoxNzgwNzc0NDI0fQ.lPaB7tGuQrEhEQQGtDp6crNkgrWgIzx1mYuvcR-x1vMD1jPRJQKGJ9op7rypEglgk4pYe_uJNCTmhivuJCJIVw
2026-06-07 01:03:34 TRACE [http-nio-8081-exec-4] c.s.i.c.s.JwtAuthenticationFilter - user name : dev@gmail.com
2026-06-07 01:03:34 TRACE [http-nio-8081-exec-4] c.s.i.c.s.JwtAuthenticationFilter - Authentication set in the Security Context
2026-06-07 01:03:34 INFO  [http-nio-8081-exec-4] c.s.irctc.aspects.LoggingAspect - Before method Execution getAllTrains 
2026-06-07 01:03:34 INFO  [http-nio-8081-exec-4] c.s.irctc.aspects.LoggingAspect - Time taken 12 ms
2026-06-07 01:03:34 INFO  [http-nio-8081-exec-4] c.s.irctc.aspects.LoggingAspect - After  method Execution getAllTrains 
2026-06-07 01:03:37 TRACE [http-nio-8081-exec-5] c.s.i.c.s.JwtAuthenticationFilter - Request to the JWT Filter : Bearer eyJhbGciOiJIUzUxMiJ9.eyJ0b2tlbl90eXBlIjoiYWNjZXNzX3Rva2VuIiwic3ViIjoiZGV2QGdtYWlsLmNvbSIsImlhdCI6MTc4MDc3NDM5NCwiZXhwIjoxNzgwNzc0NDI0fQ.lPaB7tGuQrEhEQQGtDp6crNkgrWgIzx1mYuvcR-x1vMD1jPRJQKGJ9op7rypEglgk4pYe_uJNCTmhivuJCJIVw
2026-06-07 01:03:37 TRACE [http-nio-8081-exec-5] c.s.i.c.s.JwtAuthenticationFilter - user name : dev@gmail.com
2026-06-07 01:03:37 TRACE [http-nio-8081-exec-5] c.s.i.c.s.JwtAuthenticationFilter - Authentication set in the Security Context
2026-06-07 01:03:37 INFO  [http-nio-8081-exec-5] c.s.irctc.aspects.LoggingAspect - Before method Execution getAllTrains 
2026-06-07 01:03:37 INFO  [http-nio-8081-exec-5] c.s.irctc.aspects.LoggingAspect - Time taken 7 ms
2026-06-07 01:03:37 INFO  [http-nio-8081-exec-5] c.s.irctc.aspects.LoggingAspect - After  method Execution getAllTrains 
2026-06-07 01:03:52 TRACE [http-nio-8081-exec-7] c.s.i.c.s.JwtAuthenticationFilter - Request to the JWT Filter : Bearer eyJhbGciOiJIUzUxMiJ9.eyJ0b2tlbl90eXBlIjoiYWNjZXNzX3Rva2VuIiwic3ViIjoiZGV2QGdtYWlsLmNvbSIsImlhdCI6MTc4MDc3NDM5NCwiZXhwIjoxNzgwNzc0NDI0fQ.lPaB7tGuQrEhEQQGtDp6crNkgrWgIzx1mYuvcR-x1vMD1jPRJQKGJ9op7rypEglgk4pYe_uJNCTmhivuJCJIVw
2026-06-07 01:03:52 ERROR [http-nio-8081-exec-7] c.s.i.c.s.JwtAuthenticationFilter - JWT Token has expired
2026-06-07 01:03:52 TRACE [http-nio-8081-exec-9] c.s.i.c.s.JwtAuthenticationFilter - Request to the JWT Filter : Bearer eyJhbGciOiJIUzUxMiJ9.eyJ0b2tlbl90eXBlIjoiYWNjZXNzX3Rva2VuIiwic3ViIjoiZGV2QGdtYWlsLmNvbSIsImlhdCI6MTc4MDc3NDM5NCwiZXhwIjoxNzgwNzc0NDI0fQ.lPaB7tGuQrEhEQQGtDp6crNkgrWgIzx1mYuvcR-x1vMD1jPRJQKGJ9op7rypEglgk4pYe_uJNCTmhivuJCJIVw
2026-06-07 01:03:52 ERROR [http-nio-8081-exec-9] c.s.i.c.s.JwtAuthenticationFilter - JWT Token has expired
2026-06-07 01:03:53 TRACE [http-nio-8081-exec-10] c.s.i.c.s.JwtAuthenticationFilter - Request to the JWT Filter : Bearer eyJhbGciOiJIUzUxMiJ9.eyJ0b2tlbl90eXBlIjoiYWNjZXNzX3Rva2VuIiwic3ViIjoiZGV2QGdtYWlsLmNvbSIsImlhdCI6MTc4MDc3NDQzMywiZXhwIjoxNzgwNzc0NDYzfQ.T7YDMyN5Zmi1-iAZ5t-PnJ6grVPSrqzJseMzgK--z66nKPc4fLeOJaEKLXYu-7I-ITfJkT0Nt6yAL99Wk8HwMg
2026-06-07 01:03:53 TRACE [http-nio-8081-exec-10] c.s.i.c.s.JwtAuthenticationFilter - user name : dev@gmail.com
2026-06-07 01:03:53 TRACE [http-nio-8081-exec-10] c.s.i.c.s.JwtAuthenticationFilter - Authentication set in the Security Context
2026-06-07 01:03:53 INFO  [http-nio-8081-exec-10] c.s.irctc.aspects.LoggingAspect - Before method Execution createSchedule 
2026-06-07 01:03:53 INFO  [http-nio-8081-exec-10] c.s.irctc.aspects.LoggingAspect - Time taken 136 ms
2026-06-07 01:03:53 INFO  [http-nio-8081-exec-10] c.s.irctc.aspects.LoggingAspect - After  method Execution createSchedule 
2026-06-07 01:03:56 TRACE [http-nio-8081-exec-2] c.s.i.c.s.JwtAuthenticationFilter - Request to the JWT Filter : Bearer eyJhbGciOiJIUzUxMiJ9.eyJ0b2tlbl90eXBlIjoiYWNjZXNzX3Rva2VuIiwic3ViIjoiZGV2QGdtYWlsLmNvbSIsImlhdCI6MTc4MDc3NDQzMywiZXhwIjoxNzgwNzc0NDYzfQ.T7YDMyN5Zmi1-iAZ5t-PnJ6grVPSrqzJseMzgK--z66nKPc4fLeOJaEKLXYu-7I-ITfJkT0Nt6yAL99Wk8HwMg
2026-06-07 01:03:56 TRACE [http-nio-8081-exec-2] c.s.i.c.s.JwtAuthenticationFilter - user name : dev@gmail.com
2026-06-07 01:03:56 TRACE [http-nio-8081-exec-2] c.s.i.c.s.JwtAuthenticationFilter - Authentication set in the Security Context
2026-06-07 01:03:56 INFO  [http-nio-8081-exec-2] c.s.irctc.aspects.LoggingAspect - Before method Execution getAllTrains 
2026-06-07 01:03:56 INFO  [http-nio-8081-exec-2] c.s.irctc.aspects.LoggingAspect - Time taken 8 ms
2026-06-07 01:03:56 INFO  [http-nio-8081-exec-2] c.s.irctc.aspects.LoggingAspect - After  method Execution getAllTrains 
2026-06-07 01:03:58 TRACE [http-nio-8081-exec-4] c.s.i.c.s.JwtAuthenticationFilter - Request to the JWT Filter : Bearer eyJhbGciOiJIUzUxMiJ9.eyJ0b2tlbl90eXBlIjoiYWNjZXNzX3Rva2VuIiwic3ViIjoiZGV2QGdtYWlsLmNvbSIsImlhdCI6MTc4MDc3NDQzMywiZXhwIjoxNzgwNzc0NDYzfQ.T7YDMyN5Zmi1-iAZ5t-PnJ6grVPSrqzJseMzgK--z66nKPc4fLeOJaEKLXYu-7I-ITfJkT0Nt6yAL99Wk8HwMg
2026-06-07 01:03:58 TRACE [http-nio-8081-exec-4] c.s.i.c.s.JwtAuthenticationFilter - user name : dev@gmail.com
2026-06-07 01:03:58 TRACE [http-nio-8081-exec-4] c.s.i.c.s.JwtAuthenticationFilter - Authentication set in the Security Context
2026-06-07 01:03:58 INFO  [http-nio-8081-exec-4] c.s.irctc.aspects.LoggingAspect - Before method Execution getTrainSchedulesByTrainId 
2026-06-07 01:03:58 INFO  [http-nio-8081-exec-4] c.s.irctc.aspects.LoggingAspect - Time taken 11 ms
2026-06-07 01:03:58 INFO  [http-nio-8081-exec-4] c.s.irctc.aspects.LoggingAspect - After  method Execution getTrainSchedulesByTrainId 
2026-06-07 01:04:22 TRACE [http-nio-8081-exec-6] c.s.i.c.s.JwtAuthenticationFilter - Request to the JWT Filter : null
2026-06-07 01:04:26 TRACE [http-nio-8081-exec-8] c.s.i.c.s.JwtAuthenticationFilter - Request to the JWT Filter : Bearer eyJhbGciOiJIUzUxMiJ9.eyJ0b2tlbl90eXBlIjoiYWNjZXNzX3Rva2VuIiwic3ViIjoibm9ybWFsQGdtYWlsLmNvbSIsImlhdCI6MTc4MDc3NDQ2MiwiZXhwIjoxNzgwNzc0NDkyfQ.-RCBuZcioK2EFIoOq5lD05eJZPgV4skBhREPR6znHGmtUkRWUzhi5-HEt2l17UIFJGGmSvB-0f6kOrPWzj19kw
2026-06-07 01:04:26 TRACE [http-nio-8081-exec-8] c.s.i.c.s.JwtAuthenticationFilter - user name : normal@gmail.com
2026-06-07 01:04:26 TRACE [http-nio-8081-exec-8] c.s.i.c.s.JwtAuthenticationFilter - Authentication set in the Security Context
2026-06-07 01:04:26 INFO  [http-nio-8081-exec-8] c.s.irctc.aspects.LoggingAspect - Before method Execution listStations 
2026-06-07 01:04:26 INFO  [http-nio-8081-exec-8] c.s.irctc.aspects.LoggingAspect - Time taken 10 ms
2026-06-07 01:04:26 INFO  [http-nio-8081-exec-8] c.s.irctc.aspects.LoggingAspect - After  method Execution listStations 
2026-06-07 01:04:41 TRACE [http-nio-8081-exec-10] c.s.i.c.s.JwtAuthenticationFilter - Request to the JWT Filter : Bearer eyJhbGciOiJIUzUxMiJ9.eyJ0b2tlbl90eXBlIjoiYWNjZXNzX3Rva2VuIiwic3ViIjoibm9ybWFsQGdtYWlsLmNvbSIsImlhdCI6MTc4MDc3NDQ2MiwiZXhwIjoxNzgwNzc0NDkyfQ.-RCBuZcioK2EFIoOq5lD05eJZPgV4skBhREPR6znHGmtUkRWUzhi5-HEt2l17UIFJGGmSvB-0f6kOrPWzj19kw
2026-06-07 01:04:41 TRACE [http-nio-8081-exec-10] c.s.i.c.s.JwtAuthenticationFilter - user name : normal@gmail.com
2026-06-07 01:04:41 TRACE [http-nio-8081-exec-10] c.s.i.c.s.JwtAuthenticationFilter - Authentication set in the Security Context
2026-06-07 01:04:41 INFO  [http-nio-8081-exec-10] c.s.irctc.aspects.LoggingAspect - Before method Execution userTrainSearch 
2026-06-07 01:04:41 INFO  [http-nio-8081-exec-10] c.s.irctc.aspects.LoggingAspect - Time taken 9 ms
2026-06-07 01:04:41 INFO  [http-nio-8081-exec-10] c.s.irctc.aspects.LoggingAspect - After  method Execution userTrainSearch 
2026-06-07 01:04:43 TRACE [http-nio-8081-exec-1] c.s.i.c.s.JwtAuthenticationFilter - Request to the JWT Filter : Bearer eyJhbGciOiJIUzUxMiJ9.eyJ0b2tlbl90eXBlIjoiYWNjZXNzX3Rva2VuIiwic3ViIjoibm9ybWFsQGdtYWlsLmNvbSIsImlhdCI6MTc4MDc3NDQ2MiwiZXhwIjoxNzgwNzc0NDkyfQ.-RCBuZcioK2EFIoOq5lD05eJZPgV4skBhREPR6znHGmtUkRWUzhi5-HEt2l17UIFJGGmSvB-0f6kOrPWzj19kw
2026-06-07 01:04:43 TRACE [http-nio-8081-exec-1] c.s.i.c.s.JwtAuthenticationFilter - user name : normal@gmail.com
2026-06-07 01:04:43 TRACE [http-nio-8081-exec-1] c.s.i.c.s.JwtAuthenticationFilter - Authentication set in the Security Context
2026-06-07 01:04:43 INFO  [http-nio-8081-exec-1] c.s.irctc.aspects.LoggingAspect - Before method Execution userTrainSearch 
2026-06-07 01:04:43 INFO  [http-nio-8081-exec-1] c.s.irctc.aspects.LoggingAspect - Time taken 2 ms
2026-06-07 01:04:43 INFO  [http-nio-8081-exec-1] c.s.irctc.aspects.LoggingAspect - After  method Execution userTrainSearch 
2026-06-07 01:04:44 TRACE [http-nio-8081-exec-2] c.s.i.c.s.JwtAuthenticationFilter - Request to the JWT Filter : Bearer eyJhbGciOiJIUzUxMiJ9.eyJ0b2tlbl90eXBlIjoiYWNjZXNzX3Rva2VuIiwic3ViIjoibm9ybWFsQGdtYWlsLmNvbSIsImlhdCI6MTc4MDc3NDQ2MiwiZXhwIjoxNzgwNzc0NDkyfQ.-RCBuZcioK2EFIoOq5lD05eJZPgV4skBhREPR6znHGmtUkRWUzhi5-HEt2l17UIFJGGmSvB-0f6kOrPWzj19kw
2026-06-07 01:04:44 TRACE [http-nio-8081-exec-2] c.s.i.c.s.JwtAuthenticationFilter - user name : normal@gmail.com
2026-06-07 01:04:44 TRACE [http-nio-8081-exec-2] c.s.i.c.s.JwtAuthenticationFilter - Authentication set in the Security Context
2026-06-07 01:04:44 INFO  [http-nio-8081-exec-2] c.s.irctc.aspects.LoggingAspect - Before method Execution userTrainSearch 
2026-06-07 01:04:44 INFO  [http-nio-8081-exec-2] c.s.irctc.aspects.LoggingAspect - Time taken 2 ms
2026-06-07 01:04:44 INFO  [http-nio-8081-exec-2] c.s.irctc.aspects.LoggingAspect - After  method Execution userTrainSearch 
2026-06-07 01:05:19 TRACE [http-nio-8081-exec-4] c.s.i.c.s.JwtAuthenticationFilter - Request to the JWT Filter : null
2026-06-07 01:05:27 TRACE [http-nio-8081-exec-6] c.s.i.c.s.JwtAuthenticationFilter - Request to the JWT Filter : Bearer eyJhbGciOiJIUzUxMiJ9.eyJ0b2tlbl90eXBlIjoiYWNjZXNzX3Rva2VuIiwic3ViIjoiZGV2QGdtYWlsLmNvbSIsImlhdCI6MTc4MDc3NDUxOSwiZXhwIjoxNzgwNzc0NTQ5fQ.VSxKF3ipLaLF2qPrUUXAk6jlVTPAM2zoIMxH-zEkIt09Mz8R4O2_scnDN0wtkBUaSMzvAcmfCfoKfS4USlP6hg
2026-06-07 01:05:27 TRACE [http-nio-8081-exec-6] c.s.i.c.s.JwtAuthenticationFilter - user name : dev@gmail.com
2026-06-07 01:05:27 TRACE [http-nio-8081-exec-6] c.s.i.c.s.JwtAuthenticationFilter - Authentication set in the Security Context
2026-06-07 01:05:27 INFO  [http-nio-8081-exec-6] c.s.irctc.aspects.LoggingAspect - Before method Execution getAllTrains 
2026-06-07 01:05:27 INFO  [http-nio-8081-exec-6] c.s.irctc.aspects.LoggingAspect - Time taken 11 ms
2026-06-07 01:05:27 INFO  [http-nio-8081-exec-6] c.s.irctc.aspects.LoggingAspect - After  method Execution getAllTrains 
2026-06-07 01:05:28 TRACE [http-nio-8081-exec-7] c.s.i.c.s.JwtAuthenticationFilter - Request to the JWT Filter : Bearer eyJhbGciOiJIUzUxMiJ9.eyJ0b2tlbl90eXBlIjoiYWNjZXNzX3Rva2VuIiwic3ViIjoiZGV2QGdtYWlsLmNvbSIsImlhdCI6MTc4MDc3NDUxOSwiZXhwIjoxNzgwNzc0NTQ5fQ.VSxKF3ipLaLF2qPrUUXAk6jlVTPAM2zoIMxH-zEkIt09Mz8R4O2_scnDN0wtkBUaSMzvAcmfCfoKfS4USlP6hg
2026-06-07 01:05:28 TRACE [http-nio-8081-exec-7] c.s.i.c.s.JwtAuthenticationFilter - user name : dev@gmail.com
2026-06-07 01:05:28 TRACE [http-nio-8081-exec-7] c.s.i.c.s.JwtAuthenticationFilter - Authentication set in the Security Context
2026-06-07 01:05:28 INFO  [http-nio-8081-exec-7] c.s.irctc.aspects.LoggingAspect - Before method Execution getAllTrains 
2026-06-07 01:05:28 INFO  [http-nio-8081-exec-7] c.s.irctc.aspects.LoggingAspect - Time taken 6 ms
2026-06-07 01:05:28 INFO  [http-nio-8081-exec-7] c.s.irctc.aspects.LoggingAspect - After  method Execution getAllTrains 
2026-06-07 01:05:30 TRACE [http-nio-8081-exec-9] c.s.i.c.s.JwtAuthenticationFilter - Request to the JWT Filter : Bearer eyJhbGciOiJIUzUxMiJ9.eyJ0b2tlbl90eXBlIjoiYWNjZXNzX3Rva2VuIiwic3ViIjoiZGV2QGdtYWlsLmNvbSIsImlhdCI6MTc4MDc3NDUxOSwiZXhwIjoxNzgwNzc0NTQ5fQ.VSxKF3ipLaLF2qPrUUXAk6jlVTPAM2zoIMxH-zEkIt09Mz8R4O2_scnDN0wtkBUaSMzvAcmfCfoKfS4USlP6hg
2026-06-07 01:05:30 TRACE [http-nio-8081-exec-9] c.s.i.c.s.JwtAuthenticationFilter - user name : dev@gmail.com
2026-06-07 01:05:30 TRACE [http-nio-8081-exec-9] c.s.i.c.s.JwtAuthenticationFilter - Authentication set in the Security Context
2026-06-07 01:05:30 INFO  [http-nio-8081-exec-9] c.s.irctc.aspects.LoggingAspect - Before method Execution getRoutesByTrain 
2026-06-07 01:05:30 INFO  [http-nio-8081-exec-9] c.s.irctc.aspects.LoggingAspect - Time taken 7 ms
2026-06-07 01:05:30 INFO  [http-nio-8081-exec-9] c.s.irctc.aspects.LoggingAspect - After  method Execution getRoutesByTrain 
2026-06-07 01:05:33 TRACE [http-nio-8081-exec-1] c.s.i.c.s.JwtAuthenticationFilter - Request to the JWT Filter : Bearer eyJhbGciOiJIUzUxMiJ9.eyJ0b2tlbl90eXBlIjoiYWNjZXNzX3Rva2VuIiwic3ViIjoiZGV2QGdtYWlsLmNvbSIsImlhdCI6MTc4MDc3NDUxOSwiZXhwIjoxNzgwNzc0NTQ5fQ.VSxKF3ipLaLF2qPrUUXAk6jlVTPAM2zoIMxH-zEkIt09Mz8R4O2_scnDN0wtkBUaSMzvAcmfCfoKfS4USlP6hg
2026-06-07 01:05:33 TRACE [http-nio-8081-exec-1] c.s.i.c.s.JwtAuthenticationFilter - user name : dev@gmail.com
2026-06-07 01:05:33 TRACE [http-nio-8081-exec-1] c.s.i.c.s.JwtAuthenticationFilter - Authentication set in the Security Context
2026-06-07 01:05:33 INFO  [http-nio-8081-exec-1] c.s.irctc.aspects.LoggingAspect - Before method Execution listStations 
2026-06-07 01:05:33 INFO  [http-nio-8081-exec-1] c.s.irctc.aspects.LoggingAspect - Time taken 7 ms
2026-06-07 01:05:33 INFO  [http-nio-8081-exec-1] c.s.irctc.aspects.LoggingAspect - After  method Execution listStations 
2026-06-07 01:05:43 TRACE [http-nio-8081-exec-3] c.s.i.c.s.JwtAuthenticationFilter - Request to the JWT Filter : Bearer eyJhbGciOiJIUzUxMiJ9.eyJ0b2tlbl90eXBlIjoiYWNjZXNzX3Rva2VuIiwic3ViIjoiZGV2QGdtYWlsLmNvbSIsImlhdCI6MTc4MDc3NDUxOSwiZXhwIjoxNzgwNzc0NTQ5fQ.VSxKF3ipLaLF2qPrUUXAk6jlVTPAM2zoIMxH-zEkIt09Mz8R4O2_scnDN0wtkBUaSMzvAcmfCfoKfS4USlP6hg
2026-06-07 01:05:43 TRACE [http-nio-8081-exec-3] c.s.i.c.s.JwtAuthenticationFilter - user name : dev@gmail.com
2026-06-07 01:05:43 TRACE [http-nio-8081-exec-3] c.s.i.c.s.JwtAuthenticationFilter - Authentication set in the Security Context
2026-06-07 01:05:43 INFO  [http-nio-8081-exec-3] c.s.irctc.aspects.LoggingAspect - Before method Execution getAllTrains 
2026-06-07 01:05:43 INFO  [http-nio-8081-exec-3] c.s.irctc.aspects.LoggingAspect - Time taken 7 ms
2026-06-07 01:05:43 INFO  [http-nio-8081-exec-3] c.s.irctc.aspects.LoggingAspect - After  method Execution getAllTrains 
2026-06-07 01:05:52 TRACE [http-nio-8081-exec-5] c.s.i.c.s.JwtAuthenticationFilter - Request to the JWT Filter : Bearer eyJhbGciOiJIUzUxMiJ9.eyJ0b2tlbl90eXBlIjoiYWNjZXNzX3Rva2VuIiwic3ViIjoiZGV2QGdtYWlsLmNvbSIsImlhdCI6MTc4MDc3NDUxOSwiZXhwIjoxNzgwNzc0NTQ5fQ.VSxKF3ipLaLF2qPrUUXAk6jlVTPAM2zoIMxH-zEkIt09Mz8R4O2_scnDN0wtkBUaSMzvAcmfCfoKfS4USlP6hg
2026-06-07 01:05:52 ERROR [http-nio-8081-exec-5] c.s.i.c.s.JwtAuthenticationFilter - JWT Token has expired
2026-06-07 01:05:53 TRACE [http-nio-8081-exec-7] c.s.i.c.s.JwtAuthenticationFilter - Request to the JWT Filter : Bearer eyJhbGciOiJIUzUxMiJ9.eyJ0b2tlbl90eXBlIjoiYWNjZXNzX3Rva2VuIiwic3ViIjoiZGV2QGdtYWlsLmNvbSIsImlhdCI6MTc4MDc3NDUxOSwiZXhwIjoxNzgwNzc0NTQ5fQ.VSxKF3ipLaLF2qPrUUXAk6jlVTPAM2zoIMxH-zEkIt09Mz8R4O2_scnDN0wtkBUaSMzvAcmfCfoKfS4USlP6hg
2026-06-07 01:05:53 ERROR [http-nio-8081-exec-7] c.s.i.c.s.JwtAuthenticationFilter - JWT Token has expired
2026-06-07 01:05:53 TRACE [http-nio-8081-exec-8] c.s.i.c.s.JwtAuthenticationFilter - Request to the JWT Filter : Bearer eyJhbGciOiJIUzUxMiJ9.eyJ0b2tlbl90eXBlIjoiYWNjZXNzX3Rva2VuIiwic3ViIjoiZGV2QGdtYWlsLmNvbSIsImlhdCI6MTc4MDc3NDU1MywiZXhwIjoxNzgwNzc0NTgzfQ.Vl9fqRlHQIsBfLJdZGRmuWzsJbkoeYhbN-5Y7o5BUJRjePOiNmzxLEbJzU9AX_i8ZIHkjgen_17XBQDAPd8Rag
2026-06-07 01:05:53 TRACE [http-nio-8081-exec-8] c.s.i.c.s.JwtAuthenticationFilter - user name : dev@gmail.com
2026-06-07 01:05:53 TRACE [http-nio-8081-exec-8] c.s.i.c.s.JwtAuthenticationFilter - Authentication set in the Security Context
2026-06-07 01:05:53 INFO  [http-nio-8081-exec-8] c.s.irctc.aspects.LoggingAspect - Before method Execution getAllTrains 
2026-06-07 01:05:53 INFO  [http-nio-8081-exec-8] c.s.irctc.aspects.LoggingAspect - Time taken 4 ms
2026-06-07 01:05:53 INFO  [http-nio-8081-exec-8] c.s.irctc.aspects.LoggingAspect - After  method Execution getAllTrains 
2026-06-07 01:05:55 TRACE [http-nio-8081-exec-10] c.s.i.c.s.JwtAuthenticationFilter - Request to the JWT Filter : Bearer eyJhbGciOiJIUzUxMiJ9.eyJ0b2tlbl90eXBlIjoiYWNjZXNzX3Rva2VuIiwic3ViIjoiZGV2QGdtYWlsLmNvbSIsImlhdCI6MTc4MDc3NDU1MywiZXhwIjoxNzgwNzc0NTgzfQ.Vl9fqRlHQIsBfLJdZGRmuWzsJbkoeYhbN-5Y7o5BUJRjePOiNmzxLEbJzU9AX_i8ZIHkjgen_17XBQDAPd8Rag
2026-06-07 01:05:55 TRACE [http-nio-8081-exec-10] c.s.i.c.s.JwtAuthenticationFilter - user name : dev@gmail.com
2026-06-07 01:05:55 TRACE [http-nio-8081-exec-10] c.s.i.c.s.JwtAuthenticationFilter - Authentication set in the Security Context
2026-06-07 01:05:55 INFO  [http-nio-8081-exec-10] c.s.irctc.aspects.LoggingAspect - Before method Execution getTrainSchedulesByTrainId 
2026-06-07 01:05:55 INFO  [http-nio-8081-exec-10] c.s.irctc.aspects.LoggingAspect - Time taken 7 ms
2026-06-07 01:05:55 INFO  [http-nio-8081-exec-10] c.s.irctc.aspects.LoggingAspect - After  method Execution getTrainSchedulesByTrainId 
2026-06-07 01:06:06 TRACE [http-nio-8081-exec-2] c.s.i.c.s.JwtAuthenticationFilter - Request to the JWT Filter : Bearer eyJhbGciOiJIUzUxMiJ9.eyJ0b2tlbl90eXBlIjoiYWNjZXNzX3Rva2VuIiwic3ViIjoiZGV2QGdtYWlsLmNvbSIsImlhdCI6MTc4MDc3NDU1MywiZXhwIjoxNzgwNzc0NTgzfQ.Vl9fqRlHQIsBfLJdZGRmuWzsJbkoeYhbN-5Y7o5BUJRjePOiNmzxLEbJzU9AX_i8ZIHkjgen_17XBQDAPd8Rag
2026-06-07 01:06:06 TRACE [http-nio-8081-exec-2] c.s.i.c.s.JwtAuthenticationFilter - user name : dev@gmail.com
2026-06-07 01:06:06 TRACE [http-nio-8081-exec-2] c.s.i.c.s.JwtAuthenticationFilter - Authentication set in the Security Context
2026-06-07 01:06:06 INFO  [http-nio-8081-exec-2] c.s.irctc.aspects.LoggingAspect - Before method Execution getAllTrains 
2026-06-07 01:06:06 INFO  [http-nio-8081-exec-2] c.s.irctc.aspects.LoggingAspect - Time taken 9 ms
2026-06-07 01:06:06 INFO  [http-nio-8081-exec-2] c.s.irctc.aspects.LoggingAspect - After  method Execution getAllTrains 
2026-06-07 01:06:09 TRACE [http-nio-8081-exec-4] c.s.i.c.s.JwtAuthenticationFilter - Request to the JWT Filter : Bearer eyJhbGciOiJIUzUxMiJ9.eyJ0b2tlbl90eXBlIjoiYWNjZXNzX3Rva2VuIiwic3ViIjoiZGV2QGdtYWlsLmNvbSIsImlhdCI6MTc4MDc3NDU1MywiZXhwIjoxNzgwNzc0NTgzfQ.Vl9fqRlHQIsBfLJdZGRmuWzsJbkoeYhbN-5Y7o5BUJRjePOiNmzxLEbJzU9AX_i8ZIHkjgen_17XBQDAPd8Rag
2026-06-07 01:06:09 TRACE [http-nio-8081-exec-4] c.s.i.c.s.JwtAuthenticationFilter - user name : dev@gmail.com
2026-06-07 01:06:09 TRACE [http-nio-8081-exec-4] c.s.i.c.s.JwtAuthenticationFilter - Authentication set in the Security Context
2026-06-07 01:06:09 INFO  [http-nio-8081-exec-4] c.s.irctc.aspects.LoggingAspect - Before method Execution getRoutesByTrain 
2026-06-07 01:06:09 INFO  [http-nio-8081-exec-4] c.s.irctc.aspects.LoggingAspect - Time taken 6 ms
2026-06-07 01:06:09 INFO  [http-nio-8081-exec-4] c.s.irctc.aspects.LoggingAspect - After  method Execution getRoutesByTrain 
2026-06-07 01:06:14 TRACE [http-nio-8081-exec-7] c.s.i.c.s.JwtAuthenticationFilter - Request to the JWT Filter : Bearer eyJhbGciOiJIUzUxMiJ9.eyJ0b2tlbl90eXBlIjoiYWNjZXNzX3Rva2VuIiwic3ViIjoiZGV2QGdtYWlsLmNvbSIsImlhdCI6MTc4MDc3NDU1MywiZXhwIjoxNzgwNzc0NTgzfQ.Vl9fqRlHQIsBfLJdZGRmuWzsJbkoeYhbN-5Y7o5BUJRjePOiNmzxLEbJzU9AX_i8ZIHkjgen_17XBQDAPd8Rag
2026-06-07 01:06:14 TRACE [http-nio-8081-exec-7] c.s.i.c.s.JwtAuthenticationFilter - user name : dev@gmail.com
2026-06-07 01:06:14 TRACE [http-nio-8081-exec-8] c.s.i.c.s.JwtAuthenticationFilter - Request to the JWT Filter : Bearer eyJhbGciOiJIUzUxMiJ9.eyJ0b2tlbl90eXBlIjoiYWNjZXNzX3Rva2VuIiwic3ViIjoiZGV2QGdtYWlsLmNvbSIsImlhdCI6MTc4MDc3NDU1MywiZXhwIjoxNzgwNzc0NTgzfQ.Vl9fqRlHQIsBfLJdZGRmuWzsJbkoeYhbN-5Y7o5BUJRjePOiNmzxLEbJzU9AX_i8ZIHkjgen_17XBQDAPd8Rag
2026-06-07 01:06:14 TRACE [http-nio-8081-exec-8] c.s.i.c.s.JwtAuthenticationFilter - user name : dev@gmail.com
2026-06-07 01:06:14 TRACE [http-nio-8081-exec-7] c.s.i.c.s.JwtAuthenticationFilter - Authentication set in the Security Context
2026-06-07 01:06:14 INFO  [http-nio-8081-exec-7] c.s.irctc.aspects.LoggingAspect - Before method Execution getAllTrains 
2026-06-07 01:06:14 INFO  [http-nio-8081-exec-7] c.s.irctc.aspects.LoggingAspect - Time taken 6 ms
2026-06-07 01:06:14 INFO  [http-nio-8081-exec-7] c.s.irctc.aspects.LoggingAspect - After  method Execution getAllTrains 
2026-06-07 01:06:14 TRACE [http-nio-8081-exec-8] c.s.i.c.s.JwtAuthenticationFilter - Authentication set in the Security Context
2026-06-07 01:06:14 INFO  [http-nio-8081-exec-8] c.s.irctc.aspects.LoggingAspect - Before method Execution listStations 
2026-06-07 01:06:14 INFO  [http-nio-8081-exec-8] c.s.irctc.aspects.LoggingAspect - Time taken 36 ms
2026-06-07 01:06:14 INFO  [http-nio-8081-exec-8] c.s.irctc.aspects.LoggingAspect - After  method Execution listStations 
2026-06-07 01:07:45 TRACE [http-nio-8081-exec-2] c.s.i.c.s.JwtAuthenticationFilter - Request to the JWT Filter : Bearer eyJhbGciOiJIUzUxMiJ9.eyJ0b2tlbl90eXBlIjoiYWNjZXNzX3Rva2VuIiwic3ViIjoiZGV2QGdtYWlsLmNvbSIsImlhdCI6MTc4MDc3NDU1MywiZXhwIjoxNzgwNzc0NTgzfQ.Vl9fqRlHQIsBfLJdZGRmuWzsJbkoeYhbN-5Y7o5BUJRjePOiNmzxLEbJzU9AX_i8ZIHkjgen_17XBQDAPd8Rag
2026-06-07 01:07:45 ERROR [http-nio-8081-exec-2] c.s.i.c.s.JwtAuthenticationFilter - JWT Token has expired
2026-06-07 01:07:45 TRACE [http-nio-8081-exec-4] c.s.i.c.s.JwtAuthenticationFilter - Request to the JWT Filter : Bearer eyJhbGciOiJIUzUxMiJ9.eyJ0b2tlbl90eXBlIjoiYWNjZXNzX3Rva2VuIiwic3ViIjoiZGV2QGdtYWlsLmNvbSIsImlhdCI6MTc4MDc3NDU1MywiZXhwIjoxNzgwNzc0NTgzfQ.Vl9fqRlHQIsBfLJdZGRmuWzsJbkoeYhbN-5Y7o5BUJRjePOiNmzxLEbJzU9AX_i8ZIHkjgen_17XBQDAPd8Rag
2026-06-07 01:07:45 ERROR [http-nio-8081-exec-4] c.s.i.c.s.JwtAuthenticationFilter - JWT Token has expired
2026-06-07 01:07:46 TRACE [http-nio-8081-exec-5] c.s.i.c.s.JwtAuthenticationFilter - Request to the JWT Filter : Bearer eyJhbGciOiJIUzUxMiJ9.eyJ0b2tlbl90eXBlIjoiYWNjZXNzX3Rva2VuIiwic3ViIjoiZGV2QGdtYWlsLmNvbSIsImlhdCI6MTc4MDc3NDY2NSwiZXhwIjoxNzgwNzc0Njk1fQ.0TchEygK25wUMxCfVF5tTZ7xjsvBJXbElS5cDNajtkSwAeRZLdg9-hAra7HzdVMuyy8Sm46-6WSFzGxw-0b4LQ
2026-06-07 01:07:46 TRACE [http-nio-8081-exec-5] c.s.i.c.s.JwtAuthenticationFilter - user name : dev@gmail.com
2026-06-07 01:07:46 TRACE [http-nio-8081-exec-5] c.s.i.c.s.JwtAuthenticationFilter - Authentication set in the Security Context
2026-06-07 01:07:46 INFO  [http-nio-8081-exec-5] c.s.irctc.aspects.LoggingAspect - Before method Execution addRoute 
2026-06-07 01:07:46 WARN  [http-nio-8081-exec-5] o.h.e.jdbc.spi.SqlExceptionHelper - SQL Error: 1452, SQLState: 23000
2026-06-07 01:07:46 ERROR [http-nio-8081-exec-5] o.h.e.jdbc.spi.SqlExceptionHelper - Cannot add or update a child row: a foreign key constraint fails (`irctcbackend`.`train_route`, CONSTRAINT `FKjbrc2k86jmdfisqnrrwlccuty` FOREIGN KEY (`train_id`) REFERENCES `train` (`id`))
2026-06-07 01:07:50 TRACE [http-nio-8081-exec-7] c.s.i.c.s.JwtAuthenticationFilter - Request to the JWT Filter : null
2026-06-07 01:07:50 TRACE [http-nio-8081-exec-8] c.s.i.c.s.JwtAuthenticationFilter - Request to the JWT Filter : null
2026-06-07 01:19:14 WARN  [HikariPool-1:housekeeper] com.zaxxer.hikari.pool.HikariPool - HikariPool-1 - Thread starvation or clock leap detected (housekeeper delta=55s377ms).
2026-06-07 01:24:07 WARN  [HikariPool-1:housekeeper] com.zaxxer.hikari.pool.HikariPool - HikariPool-1 - Thread starvation or clock leap detected (housekeeper delta=2m52s334ms).
2026-06-07 01:35:56 WARN  [HikariPool-1:housekeeper] com.zaxxer.hikari.pool.HikariPool - HikariPool-1 - Thread starvation or clock leap detected (housekeeper delta=7m48s911ms).
2026-06-07 01:43:11 WARN  [HikariPool-1:housekeeper] com.zaxxer.hikari.pool.HikariPool - HikariPool-1 - Thread starvation or clock leap detected (housekeeper delta=4m45s317ms).
2026-06-07 01:52:59 WARN  [HikariPool-1:housekeeper] com.zaxxer.hikari.pool.HikariPool - HikariPool-1 - Thread starvation or clock leap detected (housekeeper delta=9m48s171ms).
2026-06-07 02:01:08 WARN  [HikariPool-1:housekeeper] com.zaxxer.hikari.pool.HikariPool - HikariPool-1 - Thread starvation or clock leap detected (housekeeper delta=6m39s136ms).
2026-06-07 02:11:09 WARN  [HikariPool-1:housekeeper] com.zaxxer.hikari.pool.HikariPool - HikariPool-1 - Thread starvation or clock leap detected (housekeeper delta=8m1s146ms).
2026-06-07 02:25:21 INFO  [SpringApplicationShutdownHook] o.s.b.w.e.tomcat.GracefulShutdown - Commencing graceful shutdown. Waiting for active requests to complete
2026-06-07 02:25:21 INFO  [tomcat-shutdown] o.s.b.w.e.tomcat.GracefulShutdown - Graceful shutdown complete
2026-06-07 02:25:21 INFO  [SpringApplicationShutdownHook] o.s.o.j.LocalContainerEntityManagerFactoryBean - Closing JPA EntityManagerFactory for persistence unit 'default'
2026-06-07 02:25:22 INFO  [SpringApplicationShutdownHook] com.zaxxer.hikari.HikariDataSource - HikariPool-1 - Shutdown initiated...
2026-06-07 02:25:22 INFO  [SpringApplicationShutdownHook] com.zaxxer.hikari.HikariDataSource - HikariPool-1 - Shutdown completed.
2026-06-07 02:25:24 INFO  [background-preinit] o.h.validator.internal.util.Version - HV000001: Hibernate Validator 8.0.2.Final
2026-06-07 02:25:24 INFO  [main] c.s.irctc.IrctcBackendApplication - Starting IrctcBackendApplication using Java 21.0.1 with PID 17674 (/Users/gouravgiri/Desktop/SpringBootDurgesh/mvc/irctc-backend/target/classes started by gouravgiri in /Users/gouravgiri/Desktop/SpringBootDurgesh/mvc/irctc-backend)
2026-06-07 02:25:24 INFO  [main] c.s.irctc.IrctcBackendApplication - No active profile set, falling back to 1 default profile: "default"
2026-06-07 02:25:25 INFO  [main] o.s.d.r.c.RepositoryConfigurationDelegate - Bootstrapping Spring Data JPA repositories in DEFAULT mode.
2026-06-07 02:25:25 INFO  [main] o.s.d.r.c.RepositoryConfigurationDelegate - Finished Spring Data repository scanning in 105 ms. Found 11 JPA repository interfaces.
2026-06-07 02:25:26 INFO  [main] o.s.b.w.e.tomcat.TomcatWebServer - Tomcat initialized with port 8081 (http)
2026-06-07 02:25:26 INFO  [main] o.a.coyote.http11.Http11NioProtocol - Initializing ProtocolHandler ["http-nio-8081"]
2026-06-07 02:25:26 INFO  [main] o.a.catalina.core.StandardService - Starting service [Tomcat]
2026-06-07 02:25:26 INFO  [main] o.a.catalina.core.StandardEngine - Starting Servlet engine: [Apache Tomcat/10.1.41]
2026-06-07 02:25:26 INFO  [main] o.a.c.c.C.[Tomcat].[localhost].[/] - Initializing Spring embedded WebApplicationContext
2026-06-07 02:25:26 INFO  [main] o.s.b.w.s.c.ServletWebServerApplicationContext - Root WebApplicationContext: initialization completed in 1442 ms
2026-06-07 02:25:26 INFO  [main] o.h.jpa.internal.util.LogHelper - HHH000204: Processing PersistenceUnitInfo [name: default]
2026-06-07 02:25:26 INFO  [main] org.hibernate.Version - HHH000412: Hibernate ORM core version 6.6.15.Final
2026-06-07 02:25:26 INFO  [main] o.h.c.i.RegionFactoryInitiator - HHH000026: Second-level cache disabled
2026-06-07 02:25:26 INFO  [main] o.s.o.j.p.SpringPersistenceUnitInfo - No LoadTimeWeaver setup: ignoring JPA class transformer
2026-06-07 02:25:26 INFO  [main] com.zaxxer.hikari.HikariDataSource - HikariPool-1 - Starting...
2026-06-07 02:25:26 WARN  [main] c.z.hikari.util.DriverDataSource - Registered driver with driverClassName=com.mysql.jdbc.Driver was not found, trying direct instantiation.
2026-06-07 02:25:27 INFO  [main] com.zaxxer.hikari.pool.HikariPool - HikariPool-1 - Added connection com.mysql.cj.jdbc.ConnectionImpl@59cde35
2026-06-07 02:25:27 INFO  [main] com.zaxxer.hikari.HikariDataSource - HikariPool-1 - Start completed.
2026-06-07 02:25:27 WARN  [main] org.hibernate.orm.deprecation - HHH90000025: MySQL8Dialect does not need to be specified explicitly using 'hibernate.dialect' (remove the property setting and it will be selected by default)
2026-06-07 02:25:27 WARN  [main] org.hibernate.orm.deprecation - HHH90000026: MySQL8Dialect has been deprecated; use org.hibernate.dialect.MySQLDialect instead
2026-06-07 02:25:27 INFO  [main] o.hibernate.orm.connections.pooling - HHH10001005: Database info:
	Database JDBC URL [Connecting through datasource 'HikariDataSource (HikariPool-1)']
	Database driver: undefined/unknown
	Database version: 8.0
	Autocommit mode: undefined/unknown
	Isolation level: undefined/unknown
	Minimum pool size: undefined/unknown
	Maximum pool size: undefined/unknown
2026-06-07 02:25:28 INFO  [main] o.h.e.t.j.p.i.JtaPlatformInitiator - HHH000489: No JTA platform available (set 'hibernate.transaction.jta.platform' to enable JTA platform integration)
2026-06-07 02:25:28 WARN  [main] o.h.t.s.i.ExceptionHandlerLoggedImpl - GenerationTarget encountered exception accepting command : Error executing DDL "
    alter table train_route 
       add constraint FK11tki5yh4ktf952op8io86xn 
       foreign key (train_id) 
       references trains (id)" via JDBC [Cannot add or update a child row: a foreign key constraint fails (`irctcbackend`.`#sql-30f_27`, CONSTRAINT `FK11tki5yh4ktf952op8io86xn` FOREIGN KEY (`train_id`) REFERENCES `trains` (`id`))]
org.hibernate.tool.schema.spi.CommandAcceptanceException: Error executing DDL "
    alter table train_route 
       add constraint FK11tki5yh4ktf952op8io86xn 
       foreign key (train_id) 
       references trains (id)" via JDBC [Cannot add or update a child row: a foreign key constraint fails (`irctcbackend`.`#sql-30f_27`, CONSTRAINT `FK11tki5yh4ktf952op8io86xn` FOREIGN KEY (`train_id`) REFERENCES `trains` (`id`))]
	at org.hibernate.tool.schema.internal.exec.GenerationTargetToDatabase.accept(GenerationTargetToDatabase.java:94)
	at org.hibernate.tool.schema.internal.AbstractSchemaMigrator.applySqlString(AbstractSchemaMigrator.java:576)
	at org.hibernate.tool.schema.internal.AbstractSchemaMigrator.applySqlStrings(AbstractSchemaMigrator.java:516)
	at org.hibernate.tool.schema.internal.AbstractSchemaMigrator.applyForeignKeys(AbstractSchemaMigrator.java:448)
	at org.hibernate.tool.schema.internal.AbstractSchemaMigrator.performMigration(AbstractSchemaMigrator.java:269)
	at org.hibernate.tool.schema.internal.AbstractSchemaMigrator.doMigration(AbstractSchemaMigrator.java:112)
	at org.hibernate.tool.schema.spi.SchemaManagementToolCoordinator.performDatabaseAction(SchemaManagementToolCoordinator.java:280)
	at org.hibernate.tool.schema.spi.SchemaManagementToolCoordinator.lambda$process$5(SchemaManagementToolCoordinator.java:144)
	at java.base/java.util.HashMap.forEach(HashMap.java:1429)
	at org.hibernate.tool.schema.spi.SchemaManagementToolCoordinator.process(SchemaManagementToolCoordinator.java:141)
	at org.hibernate.boot.internal.SessionFactoryObserverForSchemaExport.sessionFactoryCreated(SessionFactoryObserverForSchemaExport.java:37)
	at org.hibernate.internal.SessionFactoryObserverChain.sessionFactoryCreated(SessionFactoryObserverChain.java:35)
	at org.hibernate.internal.SessionFactoryImpl.<init>(SessionFactoryImpl.java:324)
	at org.hibernate.boot.internal.SessionFactoryBuilderImpl.build(SessionFactoryBuilderImpl.java:463)
	at org.hibernate.jpa.boot.internal.EntityManagerFactoryBuilderImpl.build(EntityManagerFactoryBuilderImpl.java:1517)
	at org.springframework.orm.jpa.vendor.SpringHibernateJpaPersistenceProvider.createContainerEntityManagerFactory(SpringHibernateJpaPersistenceProvider.java:66)
	at org.springframework.orm.jpa.LocalContainerEntityManagerFactoryBean.createNativeEntityManagerFactory(LocalContainerEntityManagerFactoryBean.java:390)
	at org.springframework.orm.jpa.AbstractEntityManagerFactoryBean.buildNativeEntityManagerFactory(AbstractEntityManagerFactoryBean.java:419)
	at org.springframework.orm.jpa.AbstractEntityManagerFactoryBean.afterPropertiesSet(AbstractEntityManagerFactoryBean.java:400)
	at org.springframework.orm.jpa.LocalContainerEntityManagerFactoryBean.afterPropertiesSet(LocalContainerEntityManagerFactoryBean.java:366)
	at org.springframework.beans.factory.support.AbstractAutowireCapableBeanFactory.invokeInitMethods(AbstractAutowireCapableBeanFactory.java:1873)
	at org.springframework.beans.factory.support.AbstractAutowireCapableBeanFactory.initializeBean(AbstractAutowireCapableBeanFactory.java:1822)
	at org.springframework.beans.factory.support.AbstractAutowireCapableBeanFactory.doCreateBean(AbstractAutowireCapableBeanFactory.java:607)
	at org.springframework.beans.factory.support.AbstractAutowireCapableBeanFactory.createBean(AbstractAutowireCapableBeanFactory.java:529)
	at org.springframework.beans.factory.support.AbstractBeanFactory.lambda$doGetBean$0(AbstractBeanFactory.java:339)
	at org.springframework.beans.factory.support.DefaultSingletonBeanRegistry.getSingleton(DefaultSingletonBeanRegistry.java:373)
	at org.springframework.beans.factory.support.AbstractBeanFactory.doGetBean(AbstractBeanFactory.java:337)
	at org.springframework.beans.factory.support.AbstractBeanFactory.getBean(AbstractBeanFactory.java:202)
	at org.springframework.beans.factory.support.BeanDefinitionValueResolver.resolveReference(BeanDefinitionValueResolver.java:365)
	at org.springframework.beans.factory.support.BeanDefinitionValueResolver.resolveValueIfNecessary(BeanDefinitionValueResolver.java:135)
	at org.springframework.beans.factory.support.ConstructorResolver.resolveConstructorArguments(ConstructorResolver.java:691)
	at org.springframework.beans.factory.support.ConstructorResolver.instantiateUsingFactoryMethod(ConstructorResolver.java:513)
	at org.springframework.beans.factory.support.AbstractAutowireCapableBeanFactory.instantiateUsingFactoryMethod(AbstractAutowireCapableBeanFactory.java:1375)
	at org.springframework.beans.factory.support.AbstractAutowireCapableBeanFactory.createBeanInstance(AbstractAutowireCapableBeanFactory.java:1205)
	at org.springframework.beans.factory.support.AbstractAutowireCapableBeanFactory.doCreateBean(AbstractAutowireCapableBeanFactory.java:569)
	at org.springframework.beans.factory.support.AbstractAutowireCapableBeanFactory.createBean(AbstractAutowireCapableBeanFactory.java:529)
	at org.springframework.beans.factory.support.AbstractBeanFactory.lambda$doGetBean$0(AbstractBeanFactory.java:339)
	at org.springframework.beans.factory.support.DefaultSingletonBeanRegistry.getSingleton(DefaultSingletonBeanRegistry.java:373)
	at org.springframework.beans.factory.support.AbstractBeanFactory.doGetBean(AbstractBeanFactory.java:337)
	at org.springframework.beans.factory.support.AbstractBeanFactory.getBean(AbstractBeanFactory.java:202)
	at org.springframework.beans.factory.support.BeanDefinitionValueResolver.resolveReference(BeanDefinitionValueResolver.java:365)
	at org.springframework.beans.factory.support.BeanDefinitionValueResolver.resolveValueIfNecessary(BeanDefinitionValueResolver.java:135)
	at org.springframework.beans.factory.support.AbstractAutowireCapableBeanFactory.applyPropertyValues(AbstractAutowireCapableBeanFactory.java:1725)
	at org.springframework.beans.factory.support.AbstractAutowireCapableBeanFactory.populateBean(AbstractAutowireCapableBeanFactory.java:1474)
	at org.springframework.beans.factory.support.AbstractAutowireCapableBeanFactory.doCreateBean(AbstractAutowireCapableBeanFactory.java:606)
	at org.springframework.beans.factory.support.AbstractAutowireCapableBeanFactory.createBean(AbstractAutowireCapableBeanFactory.java:529)
	at org.springframework.beans.factory.support.AbstractBeanFactory.lambda$doGetBean$0(AbstractBeanFactory.java:339)
	at org.springframework.beans.factory.support.DefaultSingletonBeanRegistry.getSingleton(DefaultSingletonBeanRegistry.java:373)
	at org.springframework.beans.factory.support.AbstractBeanFactory.doGetBean(AbstractBeanFactory.java:337)
	at org.springframework.beans.factory.support.AbstractBeanFactory.getBean(AbstractBeanFactory.java:202)
	at org.springframework.beans.factory.support.DefaultListableBeanFactory.doResolveDependency(DefaultListableBeanFactory.java:1682)
	at org.springframework.beans.factory.support.DefaultListableBeanFactory.resolveDependency(DefaultListableBeanFactory.java:1628)
	at org.springframework.beans.factory.support.ConstructorResolver.resolveAutowiredArgument(ConstructorResolver.java:913)
	at org.springframework.beans.factory.support.ConstructorResolver.createArgumentArray(ConstructorResolver.java:791)
	at org.springframework.beans.factory.support.ConstructorResolver.autowireConstructor(ConstructorResolver.java:240)
	at org.springframework.beans.factory.support.AbstractAutowireCapableBeanFactory.autowireConstructor(AbstractAutowireCapableBeanFactory.java:1395)
	at org.springframework.beans.factory.support.AbstractAutowireCapableBeanFactory.createBeanInstance(AbstractAutowireCapableBeanFactory.java:1232)
	at org.springframework.beans.factory.support.AbstractAutowireCapableBeanFactory.doCreateBean(AbstractAutowireCapableBeanFactory.java:569)
	at org.springframework.beans.factory.support.AbstractAutowireCapableBeanFactory.createBean(AbstractAutowireCapableBeanFactory.java:529)
	at org.springframework.beans.factory.support.AbstractBeanFactory.lambda$doGetBean$0(AbstractBeanFactory.java:339)
	at org.springframework.beans.factory.support.DefaultSingletonBeanRegistry.getSingleton(DefaultSingletonBeanRegistry.java:373)
	at org.springframework.beans.factory.support.AbstractBeanFactory.doGetBean(AbstractBeanFactory.java:337)
	at org.springframework.beans.factory.support.AbstractBeanFactory.getBean(AbstractBeanFactory.java:202)
	at org.springframework.beans.factory.config.DependencyDescriptor.resolveCandidate(DependencyDescriptor.java:254)
	at org.springframework.beans.factory.support.DefaultListableBeanFactory.doResolveDependency(DefaultListableBeanFactory.java:1740)
	at org.springframework.beans.factory.support.DefaultListableBeanFactory.resolveDependency(DefaultListableBeanFactory.java:1628)
	at org.springframework.beans.factory.support.ConstructorResolver.resolveAutowiredArgument(ConstructorResolver.java:913)
	at org.springframework.beans.factory.support.ConstructorResolver.createArgumentArray(ConstructorResolver.java:791)
	at org.springframework.beans.factory.support.ConstructorResolver.autowireConstructor(ConstructorResolver.java:240)
	at org.springframework.beans.factory.support.AbstractAutowireCapableBeanFactory.autowireConstructor(AbstractAutowireCapableBeanFactory.java:1395)
	at org.springframework.beans.factory.support.AbstractAutowireCapableBeanFactory.createBeanInstance(AbstractAutowireCapableBeanFactory.java:1232)
	at org.springframework.beans.factory.support.AbstractAutowireCapableBeanFactory.doCreateBean(AbstractAutowireCapableBeanFactory.java:569)
	at org.springframework.beans.factory.support.AbstractAutowireCapableBeanFactory.createBean(AbstractAutowireCapableBeanFactory.java:529)
	at org.springframework.beans.factory.support.AbstractBeanFactory.lambda$doGetBean$0(AbstractBeanFactory.java:339)
	at org.springframework.beans.factory.support.DefaultSingletonBeanRegistry.getSingleton(DefaultSingletonBeanRegistry.java:373)
	at org.springframework.beans.factory.support.AbstractBeanFactory.doGetBean(AbstractBeanFactory.java:337)
	at org.springframework.beans.factory.support.AbstractBeanFactory.getBean(AbstractBeanFactory.java:207)
	at org.springframework.boot.web.servlet.ServletContextInitializerBeans.getOrderedBeansOfType(ServletContextInitializerBeans.java:230)
	at org.springframework.boot.web.servlet.ServletContextInitializerBeans.addAsRegistrationBean(ServletContextInitializerBeans.java:184)
	at org.springframework.boot.web.servlet.ServletContextInitializerBeans.addAsRegistrationBean(ServletContextInitializerBeans.java:179)
	at org.springframework.boot.web.servlet.ServletContextInitializerBeans.addAdaptableBeans(ServletContextInitializerBeans.java:164)
	at org.springframework.boot.web.servlet.ServletContextInitializerBeans.<init>(ServletContextInitializerBeans.java:96)
	at org.springframework.boot.web.servlet.context.ServletWebServerApplicationContext.getServletContextInitializerBeans(ServletWebServerApplicationContext.java:271)
	at org.springframework.boot.web.servlet.context.ServletWebServerApplicationContext.selfInitialize(ServletWebServerApplicationContext.java:245)
	at org.springframework.boot.web.embedded.tomcat.TomcatStarter.onStartup(TomcatStarter.java:52)
	at org.apache.catalina.core.StandardContext.startInternal(StandardContext.java:4464)
	at org.apache.catalina.util.LifecycleBase.start(LifecycleBase.java:164)
	at org.apache.catalina.core.ContainerBase$StartChild.call(ContainerBase.java:1203)
	at org.apache.catalina.core.ContainerBase$StartChild.call(ContainerBase.java:1193)
	at java.base/java.util.concurrent.FutureTask.run(FutureTask.java:317)
	at org.apache.tomcat.util.threads.InlineExecutorService.execute(InlineExecutorService.java:75)
	at java.base/java.util.concurrent.AbstractExecutorService.submit(AbstractExecutorService.java:145)
	at org.apache.catalina.core.ContainerBase.startInternal(ContainerBase.java:749)
	at org.apache.catalina.core.StandardHost.startInternal(StandardHost.java:772)
	at org.apache.catalina.util.LifecycleBase.start(LifecycleBase.java:164)
	at org.apache.catalina.core.ContainerBase$StartChild.call(ContainerBase.java:1203)
	at org.apache.catalina.core.ContainerBase$StartChild.call(ContainerBase.java:1193)
	at java.base/java.util.concurrent.FutureTask.run(FutureTask.java:317)
	at org.apache.tomcat.util.threads.InlineExecutorService.execute(InlineExecutorService.java:75)
	at java.base/java.util.concurrent.AbstractExecutorService.submit(AbstractExecutorService.java:145)
	at org.apache.catalina.core.ContainerBase.startInternal(ContainerBase.java:749)
	at org.apache.catalina.core.StandardEngine.startInternal(StandardEngine.java:203)
	at org.apache.catalina.util.LifecycleBase.start(LifecycleBase.java:164)
	at org.apache.catalina.core.StandardService.startInternal(StandardService.java:412)
	at org.apache.catalina.util.LifecycleBase.start(LifecycleBase.java:164)
	at org.apache.catalina.core.StandardServer.startInternal(StandardServer.java:870)
	at org.apache.catalina.util.LifecycleBase.start(LifecycleBase.java:164)
	at org.apache.catalina.startup.Tomcat.start(Tomcat.java:438)
	at org.springframework.boot.web.embedded.tomcat.TomcatWebServer.initialize(TomcatWebServer.java:128)
	at org.springframework.boot.web.embedded.tomcat.TomcatWebServer.<init>(TomcatWebServer.java:107)
	at org.springframework.boot.web.embedded.tomcat.TomcatServletWebServerFactory.getTomcatWebServer(TomcatServletWebServerFactory.java:517)
	at org.springframework.boot.web.embedded.tomcat.TomcatServletWebServerFactory.getWebServer(TomcatServletWebServerFactory.java:219)
	at org.springframework.boot.web.servlet.context.ServletWebServerApplicationContext.createWebServer(ServletWebServerApplicationContext.java:193)
	at org.springframework.boot.web.servlet.context.ServletWebServerApplicationContext.onRefresh(ServletWebServerApplicationContext.java:167)
	at org.springframework.context.support.AbstractApplicationContext.refresh(AbstractApplicationContext.java:621)
	at org.springframework.boot.web.servlet.context.ServletWebServerApplicationContext.refresh(ServletWebServerApplicationContext.java:146)
	at org.springframework.boot.SpringApplication.refresh(SpringApplication.java:753)
	at org.springframework.boot.SpringApplication.refreshContext(SpringApplication.java:439)
	at org.springframework.boot.SpringApplication.run(SpringApplication.java:318)
	at org.springframework.boot.SpringApplication.run(SpringApplication.java:1362)
	at org.springframework.boot.SpringApplication.run(SpringApplication.java:1351)
	at com.substring.irctc.IrctcBackendApplication.main(IrctcBackendApplication.java:21)
Caused by: java.sql.SQLIntegrityConstraintViolationException: Cannot add or update a child row: a foreign key constraint fails (`irctcbackend`.`#sql-30f_27`, CONSTRAINT `FK11tki5yh4ktf952op8io86xn` FOREIGN KEY (`train_id`) REFERENCES `trains` (`id`))
	at com.mysql.cj.jdbc.exceptions.SQLError.createSQLException(SQLError.java:109)
	at com.mysql.cj.jdbc.exceptions.SQLExceptionsMapping.translateException(SQLExceptionsMapping.java:114)
	at com.mysql.cj.jdbc.StatementImpl.executeInternal(StatementImpl.java:837)
	at com.mysql.cj.jdbc.StatementImpl.execute(StatementImpl.java:685)
	at com.zaxxer.hikari.pool.ProxyStatement.execute(ProxyStatement.java:95)
	at com.zaxxer.hikari.pool.HikariProxyStatement.execute(HikariProxyStatement.java)
	at org.hibernate.tool.schema.internal.exec.GenerationTargetToDatabase.accept(GenerationTargetToDatabase.java:80)
	... 121 common frames omitted
2026-06-07 02:25:28 INFO  [main] o.s.o.j.LocalContainerEntityManagerFactoryBean - Initialized JPA EntityManagerFactory for persistence unit 'default'
2026-06-07 02:25:29 DEBUG [main] c.s.i.c.s.JwtAuthenticationFilter - Filter 'jwtAuthenticationFilter' configured for use
2026-06-07 02:25:29 INFO  [main] o.s.s.c.a.a.c.InitializeUserDetailsBeanManagerConfigurer$InitializeUserDetailsManagerConfigurer - Global AuthenticationManager configured with UserDetailsService bean with name customUserDetailService
2026-06-07 02:25:29 INFO  [main] o.s.d.j.r.query.QueryEnhancerFactory - Hibernate is in classpath; If applicable, HQL parser will be used.
2026-06-07 02:25:30 WARN  [main] o.s.b.a.o.j.JpaBaseConfiguration$JpaWebConfiguration - spring.jpa.open-in-view is enabled by default. Therefore, database queries may be performed during view rendering. Explicitly configure spring.jpa.open-in-view to disable this warning
2026-06-07 02:25:31 INFO  [main] o.a.coyote.http11.Http11NioProtocol - Starting ProtocolHandler ["http-nio-8081"]
2026-06-07 02:25:31 INFO  [main] o.s.b.w.e.tomcat.TomcatWebServer - Tomcat started on port 8081 (http) with context path '/'
2026-06-07 02:25:31 INFO  [main] c.s.irctc.IrctcBackendApplication - Started IrctcBackendApplication in 6.77 seconds (process running for 7.354)
2026-06-07 02:25:31 INFO  [main] c.s.irctc.IrctcBackendApplication - Initializing roles...
2026-06-07 02:25:31 WARN  [main] c.s.irctc.IrctcBackendApplication - Initializing roles...
2026-06-07 02:25:31 ERROR [main] c.s.irctc.IrctcBackendApplication - Initializing roles...
2026-06-07 02:25:42 INFO  [http-nio-8081-exec-1] o.a.c.c.C.[Tomcat].[localhost].[/] - Initializing Spring DispatcherServlet 'dispatcherServlet'
2026-06-07 02:25:42 INFO  [http-nio-8081-exec-1] o.s.web.servlet.DispatcherServlet - Initializing Servlet 'dispatcherServlet'
2026-06-07 02:25:42 INFO  [http-nio-8081-exec-1] o.s.web.servlet.DispatcherServlet - Completed initialization in 4 ms
2026-06-07 02:25:43 TRACE [http-nio-8081-exec-2] c.s.i.c.s.JwtAuthenticationFilter - Request to the JWT Filter : null
2026-06-07 02:25:47 TRACE [http-nio-8081-exec-4] c.s.i.c.s.JwtAuthenticationFilter - Request to the JWT Filter : Bearer eyJhbGciOiJIUzUxMiJ9.eyJ0b2tlbl90eXBlIjoiYWNjZXNzX3Rva2VuIiwic3ViIjoibm9ybWFsQGdtYWlsLmNvbSIsImlhdCI6MTc4MDc3OTM0MywiZXhwIjoxNzgwNzc5MzczfQ.o8Whd4ESkNU2C6sIpY_WJwrlPtw8rdxfHgqCMAZ7qeyRQSqoqhIePDdbnqMaNxnBV7U4ViGpEESpmSBEGIcObQ
2026-06-07 02:25:47 TRACE [http-nio-8081-exec-4] c.s.i.c.s.JwtAuthenticationFilter - user name : normal@gmail.com
2026-06-07 02:25:47 TRACE [http-nio-8081-exec-4] c.s.i.c.s.JwtAuthenticationFilter - Authentication set in the Security Context
2026-06-07 02:25:47 INFO  [http-nio-8081-exec-4] c.s.irctc.aspects.LoggingAspect - Before method Execution listStations 
2026-06-07 02:25:47 INFO  [http-nio-8081-exec-4] c.s.irctc.aspects.LoggingAspect - Time taken 39 ms
2026-06-07 02:25:47 INFO  [http-nio-8081-exec-4] c.s.irctc.aspects.LoggingAspect - After  method Execution listStations 
2026-06-07 02:26:02 TRACE [http-nio-8081-exec-6] c.s.i.c.s.JwtAuthenticationFilter - Request to the JWT Filter : Bearer eyJhbGciOiJIUzUxMiJ9.eyJ0b2tlbl90eXBlIjoiYWNjZXNzX3Rva2VuIiwic3ViIjoibm9ybWFsQGdtYWlsLmNvbSIsImlhdCI6MTc4MDc3OTM0MywiZXhwIjoxNzgwNzc5MzczfQ.o8Whd4ESkNU2C6sIpY_WJwrlPtw8rdxfHgqCMAZ7qeyRQSqoqhIePDdbnqMaNxnBV7U4ViGpEESpmSBEGIcObQ
2026-06-07 02:26:02 TRACE [http-nio-8081-exec-6] c.s.i.c.s.JwtAuthenticationFilter - user name : normal@gmail.com
2026-06-07 02:26:02 TRACE [http-nio-8081-exec-6] c.s.i.c.s.JwtAuthenticationFilter - Authentication set in the Security Context
2026-06-07 02:26:02 INFO  [http-nio-8081-exec-6] c.s.irctc.aspects.LoggingAspect - Before method Execution userTrainSearch 
2026-06-07 02:26:02 INFO  [http-nio-8081-exec-6] c.s.irctc.aspects.LoggingAspect - Time taken 15 ms
2026-06-07 02:26:02 INFO  [http-nio-8081-exec-6] c.s.irctc.aspects.LoggingAspect - After  method Execution userTrainSearch 
2026-06-07 02:26:18 TRACE [http-nio-8081-exec-8] c.s.i.c.s.JwtAuthenticationFilter - Request to the JWT Filter : Bearer eyJhbGciOiJIUzUxMiJ9.eyJ0b2tlbl90eXBlIjoiYWNjZXNzX3Rva2VuIiwic3ViIjoibm9ybWFsQGdtYWlsLmNvbSIsImlhdCI6MTc4MDc3OTM0MywiZXhwIjoxNzgwNzc5MzczfQ.o8Whd4ESkNU2C6sIpY_WJwrlPtw8rdxfHgqCMAZ7qeyRQSqoqhIePDdbnqMaNxnBV7U4ViGpEESpmSBEGIcObQ
2026-06-07 02:26:18 ERROR [http-nio-8081-exec-8] c.s.i.c.s.JwtAuthenticationFilter - JWT Token has expired
2026-06-07 02:26:18 TRACE [http-nio-8081-exec-10] c.s.i.c.s.JwtAuthenticationFilter - Request to the JWT Filter : Bearer eyJhbGciOiJIUzUxMiJ9.eyJ0b2tlbl90eXBlIjoiYWNjZXNzX3Rva2VuIiwic3ViIjoibm9ybWFsQGdtYWlsLmNvbSIsImlhdCI6MTc4MDc3OTM0MywiZXhwIjoxNzgwNzc5MzczfQ.o8Whd4ESkNU2C6sIpY_WJwrlPtw8rdxfHgqCMAZ7qeyRQSqoqhIePDdbnqMaNxnBV7U4ViGpEESpmSBEGIcObQ
2026-06-07 02:26:18 ERROR [http-nio-8081-exec-10] c.s.i.c.s.JwtAuthenticationFilter - JWT Token has expired
2026-06-07 02:26:19 TRACE [http-nio-8081-exec-1] c.s.i.c.s.JwtAuthenticationFilter - Request to the JWT Filter : Bearer eyJhbGciOiJIUzUxMiJ9.eyJ0b2tlbl90eXBlIjoiYWNjZXNzX3Rva2VuIiwic3ViIjoibm9ybWFsQGdtYWlsLmNvbSIsImlhdCI6MTc4MDc3OTM3OCwiZXhwIjoxNzgwNzc5NDA4fQ.uvttX5ewzJEs8kMG8PBuewNLim37Jrnl-fdgTc64CwpUdK4GSKC0lZ4_ZNHKTGESeH1Z-m_JnPcYmy1zrsKf9Q
2026-06-07 02:26:19 TRACE [http-nio-8081-exec-1] c.s.i.c.s.JwtAuthenticationFilter - user name : normal@gmail.com
2026-06-07 02:26:19 TRACE [http-nio-8081-exec-1] c.s.i.c.s.JwtAuthenticationFilter - Authentication set in the Security Context
2026-06-07 02:26:19 INFO  [http-nio-8081-exec-1] c.s.irctc.aspects.LoggingAspect - Before method Execution userTrainSearch 
2026-06-07 02:26:19 INFO  [http-nio-8081-exec-1] c.s.irctc.aspects.LoggingAspect - Time taken 5 ms
2026-06-07 02:26:19 INFO  [http-nio-8081-exec-1] c.s.irctc.aspects.LoggingAspect - After  method Execution userTrainSearch 
2026-06-07 02:26:27 TRACE [http-nio-8081-exec-3] c.s.i.c.s.JwtAuthenticationFilter - Request to the JWT Filter : Bearer eyJhbGciOiJIUzUxMiJ9.eyJ0b2tlbl90eXBlIjoiYWNjZXNzX3Rva2VuIiwic3ViIjoibm9ybWFsQGdtYWlsLmNvbSIsImlhdCI6MTc4MDc3OTM3OCwiZXhwIjoxNzgwNzc5NDA4fQ.uvttX5ewzJEs8kMG8PBuewNLim37Jrnl-fdgTc64CwpUdK4GSKC0lZ4_ZNHKTGESeH1Z-m_JnPcYmy1zrsKf9Q
2026-06-07 02:26:27 TRACE [http-nio-8081-exec-3] c.s.i.c.s.JwtAuthenticationFilter - user name : normal@gmail.com
2026-06-07 02:26:27 TRACE [http-nio-8081-exec-3] c.s.i.c.s.JwtAuthenticationFilter - Authentication set in the Security Context
2026-06-07 02:26:27 INFO  [http-nio-8081-exec-3] c.s.irctc.aspects.LoggingAspect - Before method Execution userTrainSearch 
2026-06-07 02:26:27 INFO  [http-nio-8081-exec-3] c.s.irctc.aspects.LoggingAspect - Time taken 3 ms
2026-06-07 02:26:27 INFO  [http-nio-8081-exec-3] c.s.irctc.aspects.LoggingAspect - After  method Execution userTrainSearch 
2026-06-07 02:26:31 TRACE [http-nio-8081-exec-4] c.s.i.c.s.JwtAuthenticationFilter - Request to the JWT Filter : Bearer eyJhbGciOiJIUzUxMiJ9.eyJ0b2tlbl90eXBlIjoiYWNjZXNzX3Rva2VuIiwic3ViIjoibm9ybWFsQGdtYWlsLmNvbSIsImlhdCI6MTc4MDc3OTM3OCwiZXhwIjoxNzgwNzc5NDA4fQ.uvttX5ewzJEs8kMG8PBuewNLim37Jrnl-fdgTc64CwpUdK4GSKC0lZ4_ZNHKTGESeH1Z-m_JnPcYmy1zrsKf9Q
2026-06-07 02:26:31 TRACE [http-nio-8081-exec-4] c.s.i.c.s.JwtAuthenticationFilter - user name : normal@gmail.com
2026-06-07 02:26:31 TRACE [http-nio-8081-exec-4] c.s.i.c.s.JwtAuthenticationFilter - Authentication set in the Security Context
2026-06-07 02:26:31 INFO  [http-nio-8081-exec-4] c.s.irctc.aspects.LoggingAspect - Before method Execution userTrainSearch 
2026-06-07 02:26:31 INFO  [http-nio-8081-exec-4] c.s.irctc.aspects.LoggingAspect - Time taken 2 ms
2026-06-07 02:26:31 INFO  [http-nio-8081-exec-4] c.s.irctc.aspects.LoggingAspect - After  method Execution userTrainSearch 
2026-06-07 02:26:34 TRACE [http-nio-8081-exec-6] c.s.i.c.s.JwtAuthenticationFilter - Request to the JWT Filter : Bearer eyJhbGciOiJIUzUxMiJ9.eyJ0b2tlbl90eXBlIjoiYWNjZXNzX3Rva2VuIiwic3ViIjoibm9ybWFsQGdtYWlsLmNvbSIsImlhdCI6MTc4MDc3OTM3OCwiZXhwIjoxNzgwNzc5NDA4fQ.uvttX5ewzJEs8kMG8PBuewNLim37Jrnl-fdgTc64CwpUdK4GSKC0lZ4_ZNHKTGESeH1Z-m_JnPcYmy1zrsKf9Q
2026-06-07 02:26:34 TRACE [http-nio-8081-exec-6] c.s.i.c.s.JwtAuthenticationFilter - user name : normal@gmail.com
2026-06-07 02:26:34 TRACE [http-nio-8081-exec-6] c.s.i.c.s.JwtAuthenticationFilter - Authentication set in the Security Context
2026-06-07 02:26:34 INFO  [http-nio-8081-exec-6] c.s.irctc.aspects.LoggingAspect - Before method Execution userTrainSearch 
2026-06-07 02:26:34 INFO  [http-nio-8081-exec-6] c.s.irctc.aspects.LoggingAspect - Time taken 2 ms
2026-06-07 02:26:34 INFO  [http-nio-8081-exec-6] c.s.irctc.aspects.LoggingAspect - After  method Execution userTrainSearch 
2026-06-07 02:27:19 TRACE [http-nio-8081-exec-8] c.s.i.c.s.JwtAuthenticationFilter - Request to the JWT Filter : Bearer eyJhbGciOiJIUzUxMiJ9.eyJ0b2tlbl90eXBlIjoiYWNjZXNzX3Rva2VuIiwic3ViIjoibm9ybWFsQGdtYWlsLmNvbSIsImlhdCI6MTc4MDc3OTM3OCwiZXhwIjoxNzgwNzc5NDA4fQ.uvttX5ewzJEs8kMG8PBuewNLim37Jrnl-fdgTc64CwpUdK4GSKC0lZ4_ZNHKTGESeH1Z-m_JnPcYmy1zrsKf9Q
2026-06-07 02:27:19 ERROR [http-nio-8081-exec-8] c.s.i.c.s.JwtAuthenticationFilter - JWT Token has expired
2026-06-07 02:27:20 TRACE [http-nio-8081-exec-10] c.s.i.c.s.JwtAuthenticationFilter - Request to the JWT Filter : Bearer eyJhbGciOiJIUzUxMiJ9.eyJ0b2tlbl90eXBlIjoiYWNjZXNzX3Rva2VuIiwic3ViIjoibm9ybWFsQGdtYWlsLmNvbSIsImlhdCI6MTc4MDc3OTM3OCwiZXhwIjoxNzgwNzc5NDA4fQ.uvttX5ewzJEs8kMG8PBuewNLim37Jrnl-fdgTc64CwpUdK4GSKC0lZ4_ZNHKTGESeH1Z-m_JnPcYmy1zrsKf9Q
2026-06-07 02:27:20 ERROR [http-nio-8081-exec-10] c.s.i.c.s.JwtAuthenticationFilter - JWT Token has expired
2026-06-07 02:27:20 TRACE [http-nio-8081-exec-1] c.s.i.c.s.JwtAuthenticationFilter - Request to the JWT Filter : Bearer eyJhbGciOiJIUzUxMiJ9.eyJ0b2tlbl90eXBlIjoiYWNjZXNzX3Rva2VuIiwic3ViIjoibm9ybWFsQGdtYWlsLmNvbSIsImlhdCI6MTc4MDc3OTQ0MCwiZXhwIjoxNzgwNzc5NDcwfQ.j8TwhbqD5-XPvjBB8HQmuvodnsY9cUgay2BzlDsPcuCBovtSE29GUplPIkwKKJVrmxyadRZ5G_bg8_VHb-NbzQ
2026-06-07 02:27:20 TRACE [http-nio-8081-exec-1] c.s.i.c.s.JwtAuthenticationFilter - user name : normal@gmail.com
2026-06-07 02:27:20 TRACE [http-nio-8081-exec-1] c.s.i.c.s.JwtAuthenticationFilter - Authentication set in the Security Context
2026-06-07 02:27:20 INFO  [http-nio-8081-exec-1] c.s.irctc.aspects.LoggingAspect - Before method Execution userTrainSearch 
2026-06-07 02:27:20 INFO  [http-nio-8081-exec-1] c.s.irctc.aspects.LoggingAspect - Time taken 4 ms
2026-06-07 02:27:20 INFO  [http-nio-8081-exec-1] c.s.irctc.aspects.LoggingAspect - After  method Execution userTrainSearch 
2026-06-07 02:27:25 TRACE [http-nio-8081-exec-3] c.s.i.c.s.JwtAuthenticationFilter - Request to the JWT Filter : Bearer eyJhbGciOiJIUzUxMiJ9.eyJ0b2tlbl90eXBlIjoiYWNjZXNzX3Rva2VuIiwic3ViIjoibm9ybWFsQGdtYWlsLmNvbSIsImlhdCI6MTc4MDc3OTQ0MCwiZXhwIjoxNzgwNzc5NDcwfQ.j8TwhbqD5-XPvjBB8HQmuvodnsY9cUgay2BzlDsPcuCBovtSE29GUplPIkwKKJVrmxyadRZ5G_bg8_VHb-NbzQ
2026-06-07 02:27:25 TRACE [http-nio-8081-exec-3] c.s.i.c.s.JwtAuthenticationFilter - user name : normal@gmail.com
2026-06-07 02:27:25 TRACE [http-nio-8081-exec-3] c.s.i.c.s.JwtAuthenticationFilter - Authentication set in the Security Context
2026-06-07 02:27:25 INFO  [http-nio-8081-exec-3] c.s.irctc.aspects.LoggingAspect - Before method Execution userTrainSearch 
2026-06-07 02:27:25 INFO  [http-nio-8081-exec-3] c.s.irctc.aspects.LoggingAspect - Time taken 3 ms
2026-06-07 02:27:25 INFO  [http-nio-8081-exec-3] c.s.irctc.aspects.LoggingAspect - After  method Execution userTrainSearch 
2026-06-07 02:27:31 TRACE [http-nio-8081-exec-5] c.s.i.c.s.JwtAuthenticationFilter - Request to the JWT Filter : Bearer eyJhbGciOiJIUzUxMiJ9.eyJ0b2tlbl90eXBlIjoiYWNjZXNzX3Rva2VuIiwic3ViIjoibm9ybWFsQGdtYWlsLmNvbSIsImlhdCI6MTc4MDc3OTQ0MCwiZXhwIjoxNzgwNzc5NDcwfQ.j8TwhbqD5-XPvjBB8HQmuvodnsY9cUgay2BzlDsPcuCBovtSE29GUplPIkwKKJVrmxyadRZ5G_bg8_VHb-NbzQ
2026-06-07 02:27:31 TRACE [http-nio-8081-exec-5] c.s.i.c.s.JwtAuthenticationFilter - user name : normal@gmail.com
2026-06-07 02:27:31 TRACE [http-nio-8081-exec-5] c.s.i.c.s.JwtAuthenticationFilter - Authentication set in the Security Context
2026-06-07 02:27:31 INFO  [http-nio-8081-exec-5] c.s.irctc.aspects.LoggingAspect - Before method Execution userTrainSearch 
2026-06-07 02:27:31 INFO  [http-nio-8081-exec-5] c.s.irctc.aspects.LoggingAspect - Time taken 3 ms
2026-06-07 02:27:31 INFO  [http-nio-8081-exec-5] c.s.irctc.aspects.LoggingAspect - After  method Execution userTrainSearch 
2026-06-07 02:27:37 TRACE [http-nio-8081-exec-7] c.s.i.c.s.JwtAuthenticationFilter - Request to the JWT Filter : Bearer eyJhbGciOiJIUzUxMiJ9.eyJ0b2tlbl90eXBlIjoiYWNjZXNzX3Rva2VuIiwic3ViIjoibm9ybWFsQGdtYWlsLmNvbSIsImlhdCI6MTc4MDc3OTQ0MCwiZXhwIjoxNzgwNzc5NDcwfQ.j8TwhbqD5-XPvjBB8HQmuvodnsY9cUgay2BzlDsPcuCBovtSE29GUplPIkwKKJVrmxyadRZ5G_bg8_VHb-NbzQ
2026-06-07 02:27:37 TRACE [http-nio-8081-exec-7] c.s.i.c.s.JwtAuthenticationFilter - user name : normal@gmail.com
2026-06-07 02:27:37 TRACE [http-nio-8081-exec-7] c.s.i.c.s.JwtAuthenticationFilter - Authentication set in the Security Context
2026-06-07 02:27:37 INFO  [http-nio-8081-exec-7] c.s.irctc.aspects.LoggingAspect - Before method Execution userTrainSearch 
2026-06-07 02:27:37 INFO  [http-nio-8081-exec-7] c.s.irctc.aspects.LoggingAspect - Time taken 3 ms
2026-06-07 02:27:37 INFO  [http-nio-8081-exec-7] c.s.irctc.aspects.LoggingAspect - After  method Execution userTrainSearch 
2026-06-07 02:27:45 TRACE [http-nio-8081-exec-9] c.s.i.c.s.JwtAuthenticationFilter - Request to the JWT Filter : Bearer eyJhbGciOiJIUzUxMiJ9.eyJ0b2tlbl90eXBlIjoiYWNjZXNzX3Rva2VuIiwic3ViIjoibm9ybWFsQGdtYWlsLmNvbSIsImlhdCI6MTc4MDc3OTQ0MCwiZXhwIjoxNzgwNzc5NDcwfQ.j8TwhbqD5-XPvjBB8HQmuvodnsY9cUgay2BzlDsPcuCBovtSE29GUplPIkwKKJVrmxyadRZ5G_bg8_VHb-NbzQ
2026-06-07 02:27:45 TRACE [http-nio-8081-exec-9] c.s.i.c.s.JwtAuthenticationFilter - user name : normal@gmail.com
2026-06-07 02:27:45 TRACE [http-nio-8081-exec-9] c.s.i.c.s.JwtAuthenticationFilter - Authentication set in the Security Context
2026-06-07 02:27:45 INFO  [http-nio-8081-exec-9] c.s.irctc.aspects.LoggingAspect - Before method Execution userTrainSearch 
2026-06-07 02:27:45 INFO  [http-nio-8081-exec-9] c.s.irctc.aspects.LoggingAspect - Time taken 3 ms
2026-06-07 02:27:45 INFO  [http-nio-8081-exec-9] c.s.irctc.aspects.LoggingAspect - After  method Execution userTrainSearch 
2026-06-07 04:26:26 INFO  [SpringApplicationShutdownHook] o.s.b.w.e.tomcat.GracefulShutdown - Commencing graceful shutdown. Waiting for active requests to complete
2026-06-07 04:26:26 INFO  [tomcat-shutdown] o.s.b.w.e.tomcat.GracefulShutdown - Graceful shutdown complete
2026-06-07 04:26:26 INFO  [SpringApplicationShutdownHook] o.s.o.j.LocalContainerEntityManagerFactoryBean - Closing JPA EntityManagerFactory for persistence unit 'default'
2026-06-07 04:26:26 INFO  [SpringApplicationShutdownHook] com.zaxxer.hikari.HikariDataSource - HikariPool-1 - Shutdown initiated...
2026-06-07 04:26:26 INFO  [SpringApplicationShutdownHook] com.zaxxer.hikari.HikariDataSource - HikariPool-1 - Shutdown completed.
