2026-07-17 00:22:18 WARN  [HikariPool-1:housekeeper] com.zaxxer.hikari.pool.HikariPool - HikariPool-1 - Thread starvation or clock leap detected (housekeeper delta=11m40s325ms).
2026-07-17 00:30:29 WARN  [HikariPool-1:housekeeper] com.zaxxer.hikari.pool.HikariPool - HikariPool-1 - Thread starvation or clock leap detected (housekeeper delta=7m10s444ms).
2026-07-17 00:36:43 WARN  [HikariPool-1:housekeeper] com.zaxxer.hikari.pool.HikariPool - HikariPool-1 - Thread starvation or clock leap detected (housekeeper delta=2m13s956ms).
2026-07-17 01:34:09 WARN  [HikariPool-1:housekeeper] com.zaxxer.hikari.pool.HikariPool - HikariPool-1 - Thread starvation or clock leap detected (housekeeper delta=15m55s616ms).
2026-07-17 01:50:03 WARN  [HikariPool-1:housekeeper] com.zaxxer.hikari.pool.HikariPool - HikariPool-1 - Thread starvation or clock leap detected (housekeeper delta=15m53s990ms).
2026-07-17 02:06:28 WARN  [HikariPool-1:housekeeper] com.zaxxer.hikari.pool.HikariPool - HikariPool-1 - Thread starvation or clock leap detected (housekeeper delta=15m55s590ms).
2026-07-17 02:18:28 WARN  [HikariPool-1:housekeeper] com.zaxxer.hikari.pool.HikariPool - HikariPool-1 - Thread starvation or clock leap detected (housekeeper delta=12m153ms).
2026-07-17 02:24:37 WARN  [HikariPool-1:housekeeper] com.zaxxer.hikari.pool.HikariPool - HikariPool-1 - Thread starvation or clock leap detected (housekeeper delta=5m8s268ms).
2026-07-17 02:30:26 WARN  [HikariPool-1:housekeeper] com.zaxxer.hikari.pool.HikariPool - HikariPool-1 - Thread starvation or clock leap detected (housekeeper delta=5m18s268ms).
2026-07-17 02:47:56 WARN  [HikariPool-1:housekeeper] com.zaxxer.hikari.pool.HikariPool - HikariPool-1 - Thread starvation or clock leap detected (housekeeper delta=16m14s904ms).
2026-07-17 03:19:34 WARN  [HikariPool-1:housekeeper] com.zaxxer.hikari.pool.HikariPool - HikariPool-1 - Thread starvation or clock leap detected (housekeeper delta=31m7s981ms).
2026-07-17 03:35:54 WARN  [HikariPool-1:housekeeper] com.zaxxer.hikari.pool.HikariPool - HikariPool-1 - Thread starvation or clock leap detected (housekeeper delta=16m20s554ms).
2026-07-17 03:51:50 WARN  [HikariPool-1:housekeeper] com.zaxxer.hikari.pool.HikariPool - HikariPool-1 - Thread starvation or clock leap detected (housekeeper delta=15m55s681ms).
2026-07-17 03:55:18 WARN  [HikariPool-1:housekeeper] com.zaxxer.hikari.pool.HikariPool - HikariPool-1 - Thread starvation or clock leap detected (housekeeper delta=2m58s668ms).
2026-07-17 04:15:45 TRACE [http-nio-8081-exec-9] c.s.i.c.s.JwtAuthenticationFilter - Request to the JWT Filter : null
2026-07-17 04:15:46 TRACE [http-nio-8081-exec-10] c.s.i.c.s.JwtAuthenticationFilter - Request to the JWT Filter : null
2026-07-17 04:15:46 TRACE [http-nio-8081-exec-2] c.s.i.c.s.JwtAuthenticationFilter - Request to the JWT Filter : null
2026-07-17 04:15:46 TRACE [http-nio-8081-exec-1] c.s.i.c.s.JwtAuthenticationFilter - Request to the JWT Filter : null
2026-07-17 04:15:46 TRACE [http-nio-8081-exec-4] c.s.i.c.s.JwtAuthenticationFilter - Request to the JWT Filter : null
2026-07-17 04:15:46 TRACE [http-nio-8081-exec-3] c.s.i.c.s.JwtAuthenticationFilter - Request to the JWT Filter : null
2026-07-17 04:15:48 TRACE [http-nio-8081-exec-5] c.s.i.c.s.JwtAuthenticationFilter - Request to the JWT Filter : null
2026-07-17 04:15:48 TRACE [http-nio-8081-exec-6] c.s.i.c.s.JwtAuthenticationFilter - Request to the JWT Filter : null
2026-07-17 04:16:03 INFO  [http-nio-8081-exec-6] o.s.api.AbstractOpenApiResource - Init duration for springdoc-openapi is: 14745 ms
2026-07-17 04:17:34 TRACE [http-nio-8081-exec-3] c.s.i.c.s.JwtAuthenticationFilter - Request to the JWT Filter : null
2026-07-17 04:17:36 TRACE [http-nio-8081-exec-1] c.s.i.c.s.JwtAuthenticationFilter - Request to the JWT Filter : null
2026-07-17 04:34:27 TRACE [http-nio-8081-exec-5] c.s.i.c.s.JwtAuthenticationFilter - Request to the JWT Filter : null
2026-07-17 05:02:24 WARN  [HikariPool-1:housekeeper] com.zaxxer.hikari.pool.HikariPool - HikariPool-1 - Thread starvation or clock leap detected (housekeeper delta=8m34s724ms).
2026-07-17 05:25:34 WARN  [HikariPool-1:housekeeper] com.zaxxer.hikari.pool.HikariPool - HikariPool-1 - Thread starvation or clock leap detected (housekeeper delta=4m40s784ms).
2026-07-17 07:40:59 INFO  [SpringApplicationShutdownHook] o.s.b.w.e.tomcat.GracefulShutdown - Commencing graceful shutdown. Waiting for active requests to complete
2026-07-17 07:40:59 INFO  [tomcat-shutdown] o.s.b.w.e.tomcat.GracefulShutdown - Graceful shutdown complete
2026-07-17 07:40:59 INFO  [SpringApplicationShutdownHook] o.s.o.j.LocalContainerEntityManagerFactoryBean - Closing JPA EntityManagerFactory for persistence unit 'default'
2026-07-17 07:40:59 INFO  [SpringApplicationShutdownHook] com.zaxxer.hikari.HikariDataSource - HikariPool-1 - Shutdown initiated...
2026-07-17 07:40:59 INFO  [SpringApplicationShutdownHook] com.zaxxer.hikari.HikariDataSource - HikariPool-1 - Shutdown completed.
