2026-07-03 00:06:21 WARN  [HikariPool-1:housekeeper] com.zaxxer.hikari.pool.HikariPool - HikariPool-1 - Thread starvation or clock leap detected (housekeeper delta=2m23s21ms).
2026-07-03 00:37:27 WARN  [HikariPool-1:housekeeper] com.zaxxer.hikari.pool.HikariPool - HikariPool-1 - Thread starvation or clock leap detected (housekeeper delta=14m14s695ms).
2026-07-03 00:52:42 WARN  [HikariPool-1:housekeeper] com.zaxxer.hikari.pool.HikariPool - HikariPool-1 - Thread starvation or clock leap detected (housekeeper delta=15m15s891ms).
2026-07-03 01:22:00 TRACE [http-nio-8081-exec-3] c.s.i.c.s.JwtAuthenticationFilter - Request to the JWT Filter : null
2026-07-03 01:22:01 TRACE [http-nio-8081-exec-5] c.s.i.c.s.JwtAuthenticationFilter - Request to the JWT Filter : null
2026-07-03 01:22:01 TRACE [http-nio-8081-exec-4] c.s.i.c.s.JwtAuthenticationFilter - Request to the JWT Filter : null
2026-07-03 01:22:01 TRACE [http-nio-8081-exec-8] c.s.i.c.s.JwtAuthenticationFilter - Request to the JWT Filter : null
2026-07-03 01:22:01 TRACE [http-nio-8081-exec-7] c.s.i.c.s.JwtAuthenticationFilter - Request to the JWT Filter : null
2026-07-03 01:22:01 TRACE [http-nio-8081-exec-6] c.s.i.c.s.JwtAuthenticationFilter - Request to the JWT Filter : null
2026-07-03 01:22:02 TRACE [http-nio-8081-exec-9] c.s.i.c.s.JwtAuthenticationFilter - Request to the JWT Filter : null
2026-07-03 01:22:02 TRACE [http-nio-8081-exec-10] c.s.i.c.s.JwtAuthenticationFilter - Request to the JWT Filter : null
2026-07-03 01:22:03 TRACE [http-nio-8081-exec-2] c.s.i.c.s.JwtAuthenticationFilter - Request to the JWT Filter : null
2026-07-03 01:22:04 INFO  [http-nio-8081-exec-2] o.s.api.AbstractOpenApiResource - Init duration for springdoc-openapi is: 771 ms
2026-07-03 01:41:17 TRACE [http-nio-8081-exec-8] c.s.i.c.s.JwtAuthenticationFilter - Request to the JWT Filter : null
2026-07-03 01:43:16 TRACE [http-nio-8081-exec-9] c.s.i.c.s.JwtAuthenticationFilter - Request to the JWT Filter : Bearer eyJhbGciOiJIUzUxMiJ9.eyJ0b2tlbl90eXBlIjoiYWNjZXNzX3Rva2VuIiwic3ViIjoiZGV2QGdtYWlsLmNvbSIsImlhdCI6MTc4MzAyMzA3OCwiZXhwIjoxNzgzMDI2Njc4fQ.h70Tw6ZrxAD7_mvIeWF_JA1qn8_dHWtHrgV6HrPOabMjIVbRbq2Sr3cJYSHut3tnlwfL0xHwbMc1_3ePlKfMuA
2026-07-03 01:43:16 TRACE [http-nio-8081-exec-9] c.s.i.c.s.JwtAuthenticationFilter - user name : dev@gmail.com
2026-07-03 01:43:16 TRACE [http-nio-8081-exec-9] c.s.i.c.s.JwtAuthenticationFilter - Authentication set in the Security Context
2026-07-03 01:43:16 INFO  [http-nio-8081-exec-9] c.s.irctc.aspects.LoggingAspect - Before method Execution getTrainSchedulesByTrainId 
2026-07-03 01:43:16 INFO  [http-nio-8081-exec-9] c.s.irctc.aspects.LoggingAspect - Time taken 26 ms
2026-07-03 01:43:16 INFO  [http-nio-8081-exec-9] c.s.irctc.aspects.LoggingAspect - After  method Execution getTrainSchedulesByTrainId 
2026-07-03 01:43:35 TRACE [http-nio-8081-exec-2] c.s.i.c.s.JwtAuthenticationFilter - Request to the JWT Filter : Bearer eyJhbGciOiJIUzUxMiJ9.eyJ0b2tlbl90eXBlIjoiYWNjZXNzX3Rva2VuIiwic3ViIjoiZGV2QGdtYWlsLmNvbSIsImlhdCI6MTc4MzAyMzA3OCwiZXhwIjoxNzgzMDI2Njc4fQ.h70Tw6ZrxAD7_mvIeWF_JA1qn8_dHWtHrgV6HrPOabMjIVbRbq2Sr3cJYSHut3tnlwfL0xHwbMc1_3ePlKfMuA
2026-07-03 01:43:35 TRACE [http-nio-8081-exec-2] c.s.i.c.s.JwtAuthenticationFilter - user name : dev@gmail.com
2026-07-03 01:43:35 TRACE [http-nio-8081-exec-2] c.s.i.c.s.JwtAuthenticationFilter - Authentication set in the Security Context
2026-07-03 01:43:35 INFO  [http-nio-8081-exec-2] c.s.irctc.aspects.LoggingAspect - Before method Execution getAllTrains 
2026-07-03 01:43:35 INFO  [http-nio-8081-exec-2] c.s.irctc.aspects.LoggingAspect - Time taken 71 ms
2026-07-03 01:43:35 INFO  [http-nio-8081-exec-2] c.s.irctc.aspects.LoggingAspect - After  method Execution getAllTrains 
2026-07-03 01:44:18 TRACE [http-nio-8081-exec-1] c.s.i.c.s.JwtAuthenticationFilter - Request to the JWT Filter : Bearer eyJhbGciOiJIUzUxMiJ9.eyJ0b2tlbl90eXBlIjoiYWNjZXNzX3Rva2VuIiwic3ViIjoiZGV2QGdtYWlsLmNvbSIsImlhdCI6MTc4MzAyMzA3OCwiZXhwIjoxNzgzMDI2Njc4fQ.h70Tw6ZrxAD7_mvIeWF_JA1qn8_dHWtHrgV6HrPOabMjIVbRbq2Sr3cJYSHut3tnlwfL0xHwbMc1_3ePlKfMuA
2026-07-03 01:44:18 TRACE [http-nio-8081-exec-1] c.s.i.c.s.JwtAuthenticationFilter - user name : dev@gmail.com
2026-07-03 01:44:18 TRACE [http-nio-8081-exec-1] c.s.i.c.s.JwtAuthenticationFilter - Authentication set in the Security Context
2026-07-03 01:44:18 INFO  [http-nio-8081-exec-1] c.s.irctc.aspects.LoggingAspect - Before method Execution getFeedbackById 
2026-07-03 01:45:47 TRACE [http-nio-8081-exec-6] c.s.i.c.s.JwtAuthenticationFilter - Request to the JWT Filter : Bearer eyJhbGciOiJIUzUxMiJ9.eyJ0b2tlbl90eXBlIjoiYWNjZXNzX3Rva2VuIiwic3ViIjoiZGV2QGdtYWlsLmNvbSIsImlhdCI6MTc4MzAyMzA3OCwiZXhwIjoxNzgzMDI2Njc4fQ.h70Tw6ZrxAD7_mvIeWF_JA1qn8_dHWtHrgV6HrPOabMjIVbRbq2Sr3cJYSHut3tnlwfL0xHwbMc1_3ePlKfMuA
2026-07-03 01:45:47 TRACE [http-nio-8081-exec-6] c.s.i.c.s.JwtAuthenticationFilter - user name : dev@gmail.com
2026-07-03 01:45:47 TRACE [http-nio-8081-exec-6] c.s.i.c.s.JwtAuthenticationFilter - Authentication set in the Security Context
2026-07-03 01:45:47 INFO  [http-nio-8081-exec-6] c.s.irctc.aspects.LoggingAspect - Before method Execution getRoutesByTrain 
2026-07-03 01:45:47 INFO  [http-nio-8081-exec-6] c.s.irctc.aspects.LoggingAspect - Time taken 33 ms
2026-07-03 01:45:47 INFO  [http-nio-8081-exec-6] c.s.irctc.aspects.LoggingAspect - After  method Execution getRoutesByTrain 
2026-07-03 01:46:43 TRACE [http-nio-8081-exec-5] c.s.i.c.s.JwtAuthenticationFilter - Request to the JWT Filter : Bearer eyJhbGciOiJIUzUxMiJ9.eyJ0b2tlbl90eXBlIjoiYWNjZXNzX3Rva2VuIiwic3ViIjoiZGV2QGdtYWlsLmNvbSIsImlhdCI6MTc4MzAyMzA3OCwiZXhwIjoxNzgzMDI2Njc4fQ.h70Tw6ZrxAD7_mvIeWF_JA1qn8_dHWtHrgV6HrPOabMjIVbRbq2Sr3cJYSHut3tnlwfL0xHwbMc1_3ePlKfMuA
2026-07-03 01:46:43 TRACE [http-nio-8081-exec-5] c.s.i.c.s.JwtAuthenticationFilter - user name : dev@gmail.com
2026-07-03 01:46:43 TRACE [http-nio-8081-exec-5] c.s.i.c.s.JwtAuthenticationFilter - Authentication set in the Security Context
2026-07-03 01:46:56 TRACE [http-nio-8081-exec-7] c.s.i.c.s.JwtAuthenticationFilter - Request to the JWT Filter : Bearer eyJhbGciOiJIUzUxMiJ9.eyJ0b2tlbl90eXBlIjoiYWNjZXNzX3Rva2VuIiwic3ViIjoiZGV2QGdtYWlsLmNvbSIsImlhdCI6MTc4MzAyMzA3OCwiZXhwIjoxNzgzMDI2Njc4fQ.h70Tw6ZrxAD7_mvIeWF_JA1qn8_dHWtHrgV6HrPOabMjIVbRbq2Sr3cJYSHut3tnlwfL0xHwbMc1_3ePlKfMuA
2026-07-03 01:46:56 TRACE [http-nio-8081-exec-7] c.s.i.c.s.JwtAuthenticationFilter - user name : dev@gmail.com
2026-07-03 01:46:56 TRACE [http-nio-8081-exec-7] c.s.i.c.s.JwtAuthenticationFilter - Authentication set in the Security Context
2026-07-03 01:47:32 TRACE [http-nio-8081-exec-4] c.s.i.c.s.JwtAuthenticationFilter - Request to the JWT Filter : Bearer eyJhbGciOiJIUzUxMiJ9.eyJ0b2tlbl90eXBlIjoicmVmcmVzaF90b2tlbiIsInN1YiI6ImRldkBnbWFpbC5jb20iLCJpYXQiOjE3ODMwMjMwNzgsImV4cCI6MTc4MzAyNjY3OH0.oHGb_bnq6qvHHt8fhdX03R02JglVMZNwmdXyflDa45RLcEkWM2c1pD_OKBpj5mZtHw88yUXA9bXRNO_k55Kekw
2026-07-03 01:47:32 TRACE [http-nio-8081-exec-4] c.s.i.c.s.JwtAuthenticationFilter - user name : dev@gmail.com
2026-07-03 01:47:32 TRACE [http-nio-8081-exec-4] c.s.i.c.s.JwtAuthenticationFilter - Authentication set in the Security Context
2026-07-03 01:47:51 TRACE [http-nio-8081-exec-8] c.s.i.c.s.JwtAuthenticationFilter - Request to the JWT Filter : Bearer eyJhbGciOiJIUzUxMiJ9.eyJ0b2tlbl90eXBlIjoicmVmcmVzaF90b2tlbiIsInN1YiI6ImRldkBnbWFpbC5jb20iLCJpYXQiOjE3ODMwMjMwNzgsImV4cCI6MTc4MzAyNjY3OH0.oHGb_bnq6qvHHt8fhdX03R02JglVMZNwmdXyflDa45RLcEkWM2c1pD_OKBpj5mZtHw88yUXA9bXRNO_k55Kekw
2026-07-03 01:47:51 TRACE [http-nio-8081-exec-8] c.s.i.c.s.JwtAuthenticationFilter - user name : dev@gmail.com
2026-07-03 01:47:51 TRACE [http-nio-8081-exec-8] c.s.i.c.s.JwtAuthenticationFilter - Authentication set in the Security Context
2026-07-03 02:17:38 WARN  [HikariPool-1:housekeeper] com.zaxxer.hikari.pool.HikariPool - HikariPool-1 - Thread starvation or clock leap detected (housekeeper delta=15m54s363ms).
2026-07-03 02:59:46 WARN  [HikariPool-1:housekeeper] com.zaxxer.hikari.pool.HikariPool - HikariPool-1 - Thread starvation or clock leap detected (housekeeper delta=5m34s465ms).
2026-07-03 04:55:23 WARN  [HikariPool-1:housekeeper] com.zaxxer.hikari.pool.HikariPool - HikariPool-1 - Thread starvation or clock leap detected (housekeeper delta=17m36s727ms).
2026-07-03 05:11:18 WARN  [HikariPool-1:housekeeper] com.zaxxer.hikari.pool.HikariPool - HikariPool-1 - Thread starvation or clock leap detected (housekeeper delta=15m54s775ms).
2026-07-03 05:27:44 WARN  [HikariPool-1:housekeeper] com.zaxxer.hikari.pool.HikariPool - HikariPool-1 - Thread starvation or clock leap detected (housekeeper delta=15m55s866ms).
2026-07-03 05:43:39 WARN  [HikariPool-1:housekeeper] com.zaxxer.hikari.pool.HikariPool - HikariPool-1 - Thread starvation or clock leap detected (housekeeper delta=15m55s14ms).
2026-07-03 06:00:04 WARN  [HikariPool-1:housekeeper] com.zaxxer.hikari.pool.HikariPool - HikariPool-1 - Thread starvation or clock leap detected (housekeeper delta=15m54s857ms).
2026-07-03 06:16:00 WARN  [HikariPool-1:housekeeper] com.zaxxer.hikari.pool.HikariPool - HikariPool-1 - Thread starvation or clock leap detected (housekeeper delta=15m55s753ms).
2026-07-03 06:16:55 WARN  [HikariPool-1:housekeeper] com.zaxxer.hikari.pool.HikariPool - HikariPool-1 - Thread starvation or clock leap detected (housekeeper delta=54s880ms).
2026-07-03 06:32:49 WARN  [HikariPool-1:housekeeper] com.zaxxer.hikari.pool.HikariPool - HikariPool-1 - Thread starvation or clock leap detected (housekeeper delta=15m54s797ms).
2026-07-03 06:39:26 WARN  [HikariPool-1:housekeeper] com.zaxxer.hikari.pool.HikariPool - HikariPool-1 - Thread starvation or clock leap detected (housekeeper delta=6m6s824ms).
2026-07-03 06:55:22 WARN  [HikariPool-1:housekeeper] com.zaxxer.hikari.pool.HikariPool - HikariPool-1 - Thread starvation or clock leap detected (housekeeper delta=15m55s676ms).
2026-07-03 07:11:47 WARN  [HikariPool-1:housekeeper] com.zaxxer.hikari.pool.HikariPool - HikariPool-1 - Thread starvation or clock leap detected (housekeeper delta=15m55s46ms).
2026-07-03 07:27:42 WARN  [HikariPool-1:housekeeper] com.zaxxer.hikari.pool.HikariPool - HikariPool-1 - Thread starvation or clock leap detected (housekeeper delta=15m54s924ms).
2026-07-03 07:40:23 WARN  [HikariPool-1:housekeeper] com.zaxxer.hikari.pool.HikariPool - HikariPool-1 - Thread starvation or clock leap detected (housekeeper delta=12m11s284ms).
2026-07-03 07:56:20 WARN  [HikariPool-1:housekeeper] com.zaxxer.hikari.pool.HikariPool - HikariPool-1 - Thread starvation or clock leap detected (housekeeper delta=15m56s590ms).
2026-07-03 08:12:45 WARN  [HikariPool-1:housekeeper] com.zaxxer.hikari.pool.HikariPool - HikariPool-1 - Thread starvation or clock leap detected (housekeeper delta=15m55s694ms).
2026-07-03 08:28:41 WARN  [HikariPool-1:housekeeper] com.zaxxer.hikari.pool.HikariPool - HikariPool-1 - Thread starvation or clock leap detected (housekeeper delta=15m55s647ms).
2026-07-03 08:41:20 WARN  [HikariPool-1:housekeeper] com.zaxxer.hikari.pool.HikariPool - HikariPool-1 - Thread starvation or clock leap detected (housekeeper delta=12m8s688ms).
2026-07-03 08:57:15 WARN  [HikariPool-1:housekeeper] com.zaxxer.hikari.pool.HikariPool - HikariPool-1 - Thread starvation or clock leap detected (housekeeper delta=15m55s641ms).
2026-07-03 09:13:41 WARN  [HikariPool-1:housekeeper] com.zaxxer.hikari.pool.HikariPool - HikariPool-1 - Thread starvation or clock leap detected (housekeeper delta=15m55s719ms).
2026-07-03 09:30:24 WARN  [HikariPool-1:housekeeper] com.zaxxer.hikari.pool.HikariPool - HikariPool-1 - Thread starvation or clock leap detected (housekeeper delta=15m28s826ms).
2026-07-03 09:48:27 WARN  [HikariPool-1:housekeeper] com.zaxxer.hikari.pool.HikariPool - HikariPool-1 - Thread starvation or clock leap detected (housekeeper delta=11m32s768ms).
2026-07-03 09:49:44 WARN  [HikariPool-1:housekeeper] com.zaxxer.hikari.pool.HikariPool - HikariPool-1 - Thread starvation or clock leap detected (housekeeper delta=47s16ms).
2026-07-03 10:02:19 WARN  [HikariPool-1:housekeeper] com.zaxxer.hikari.pool.HikariPool - HikariPool-1 - Thread starvation or clock leap detected (housekeeper delta=12m35s451ms).
2026-07-03 10:06:46 WARN  [HikariPool-1:housekeeper] com.zaxxer.hikari.pool.HikariPool - HikariPool-1 - Thread starvation or clock leap detected (housekeeper delta=4m26s459ms).
2026-07-03 10:52:48 WARN  [HikariPool-1:housekeeper] com.zaxxer.hikari.pool.HikariPool - HikariPool-1 - Thread starvation or clock leap detected (housekeeper delta=1m31s939ms).
2026-07-03 11:07:15 WARN  [HikariPool-1:housekeeper] com.zaxxer.hikari.pool.HikariPool - HikariPool-1 - Thread starvation or clock leap detected (housekeeper delta=8m57s207ms).
2026-07-03 11:11:38 WARN  [HikariPool-1:housekeeper] com.zaxxer.hikari.pool.HikariPool - HikariPool-1 - Thread starvation or clock leap detected (housekeeper delta=4m23s18ms).
2026-07-03 11:16:32 WARN  [HikariPool-1:housekeeper] com.zaxxer.hikari.pool.HikariPool - HikariPool-1 - Thread starvation or clock leap detected (housekeeper delta=4m23s987ms).
2026-07-03 11:20:53 WARN  [HikariPool-1:housekeeper] com.zaxxer.hikari.pool.HikariPool - HikariPool-1 - Thread starvation or clock leap detected (housekeeper delta=4m21s136ms).
2026-07-03 11:25:31 WARN  [HikariPool-1:housekeeper] com.zaxxer.hikari.pool.HikariPool - HikariPool-1 - Thread starvation or clock leap detected (housekeeper delta=4m37s471ms).
2026-07-03 11:30:21 WARN  [HikariPool-1:housekeeper] com.zaxxer.hikari.pool.HikariPool - HikariPool-1 - Thread starvation or clock leap detected (housekeeper delta=4m20s198ms).
2026-07-03 11:34:41 WARN  [HikariPool-1:housekeeper] com.zaxxer.hikari.pool.HikariPool - HikariPool-1 - Thread starvation or clock leap detected (housekeeper delta=4m20s252ms).
2026-07-03 11:39:33 WARN  [HikariPool-1:housekeeper] com.zaxxer.hikari.pool.HikariPool - HikariPool-1 - Thread starvation or clock leap detected (housekeeper delta=4m21s556ms).
2026-07-03 11:44:06 WARN  [HikariPool-1:housekeeper] com.zaxxer.hikari.pool.HikariPool - HikariPool-1 - Thread starvation or clock leap detected (housekeeper delta=4m33s214ms).
2026-07-03 11:48:26 WARN  [HikariPool-1:housekeeper] com.zaxxer.hikari.pool.HikariPool - HikariPool-1 - Thread starvation or clock leap detected (housekeeper delta=4m20s210ms).
2026-07-03 11:53:16 WARN  [HikariPool-1:housekeeper] com.zaxxer.hikari.pool.HikariPool - HikariPool-1 - Thread starvation or clock leap detected (housekeeper delta=4m20s230ms).
2026-07-03 11:57:41 WARN  [HikariPool-1:housekeeper] com.zaxxer.hikari.pool.HikariPool - HikariPool-1 - Thread starvation or clock leap detected (housekeeper delta=4m24s789ms).
2026-07-03 12:02:18 WARN  [HikariPool-1:housekeeper] com.zaxxer.hikari.pool.HikariPool - HikariPool-1 - Thread starvation or clock leap detected (housekeeper delta=4m36s865ms).
2026-07-03 12:07:00 WARN  [HikariPool-1:housekeeper] com.zaxxer.hikari.pool.HikariPool - HikariPool-1 - Thread starvation or clock leap detected (housekeeper delta=4m41s814ms).
2026-07-03 12:11:20 WARN  [HikariPool-1:housekeeper] com.zaxxer.hikari.pool.HikariPool - HikariPool-1 - Thread starvation or clock leap detected (housekeeper delta=4m20s199ms).
2026-07-03 12:16:14 WARN  [HikariPool-1:housekeeper] com.zaxxer.hikari.pool.HikariPool - HikariPool-1 - Thread starvation or clock leap detected (housekeeper delta=4m23s842ms).
2026-07-03 12:20:49 WARN  [HikariPool-1:housekeeper] com.zaxxer.hikari.pool.HikariPool - HikariPool-1 - Thread starvation or clock leap detected (housekeeper delta=4m35s366ms).
2026-07-03 12:25:10 WARN  [HikariPool-1:housekeeper] com.zaxxer.hikari.pool.HikariPool - HikariPool-1 - Thread starvation or clock leap detected (housekeeper delta=4m20s222ms).
2026-07-03 12:29:59 WARN  [HikariPool-1:housekeeper] com.zaxxer.hikari.pool.HikariPool - HikariPool-1 - Thread starvation or clock leap detected (housekeeper delta=4m19s261ms).
2026-07-03 12:34:18 WARN  [HikariPool-1:housekeeper] com.zaxxer.hikari.pool.HikariPool - HikariPool-1 - Thread starvation or clock leap detected (housekeeper delta=4m19s216ms).
2026-07-03 12:39:06 WARN  [HikariPool-1:housekeeper] com.zaxxer.hikari.pool.HikariPool - HikariPool-1 - Thread starvation or clock leap detected (housekeeper delta=4m48s351ms).
2026-07-03 12:40:02 WARN  [HikariPool-1:housekeeper] com.zaxxer.hikari.pool.HikariPool - HikariPool-1 - Thread starvation or clock leap detected (housekeeper delta=55s166ms).
2026-07-03 12:43:49 WARN  [HikariPool-1:housekeeper] com.zaxxer.hikari.pool.HikariPool - HikariPool-1 - Thread starvation or clock leap detected (housekeeper delta=3m17s306ms).
2026-07-03 12:48:24 WARN  [HikariPool-1:housekeeper] com.zaxxer.hikari.pool.HikariPool - HikariPool-1 - Thread starvation or clock leap detected (housekeeper delta=4m35s59ms).
2026-07-03 12:52:59 WARN  [HikariPool-1:housekeeper] com.zaxxer.hikari.pool.HikariPool - HikariPool-1 - Thread starvation or clock leap detected (housekeeper delta=4m35s264ms).
2026-07-03 12:57:23 WARN  [HikariPool-1:housekeeper] com.zaxxer.hikari.pool.HikariPool - HikariPool-1 - Thread starvation or clock leap detected (housekeeper delta=4m23s907ms).
2026-07-03 12:59:27 WARN  [HikariPool-1:housekeeper] com.zaxxer.hikari.pool.HikariPool - HikariPool-1 - Thread starvation or clock leap detected (housekeeper delta=1m34s238ms).
2026-07-03 13:03:48 WARN  [HikariPool-1:housekeeper] com.zaxxer.hikari.pool.HikariPool - HikariPool-1 - Thread starvation or clock leap detected (housekeeper delta=4m20s269ms).
2026-07-03 13:08:29 WARN  [HikariPool-1:housekeeper] com.zaxxer.hikari.pool.HikariPool - HikariPool-1 - Thread starvation or clock leap detected (housekeeper delta=4m41s647ms).
2026-07-03 13:13:05 WARN  [HikariPool-1:housekeeper] com.zaxxer.hikari.pool.HikariPool - HikariPool-1 - Thread starvation or clock leap detected (housekeeper delta=3m2s263ms).
2026-07-03 13:17:54 WARN  [HikariPool-1:housekeeper] com.zaxxer.hikari.pool.HikariPool - HikariPool-1 - Thread starvation or clock leap detected (housekeeper delta=4m19s154ms).
2026-07-03 13:22:27 WARN  [HikariPool-1:housekeeper] com.zaxxer.hikari.pool.HikariPool - HikariPool-1 - Thread starvation or clock leap detected (housekeeper delta=4m33s78ms).
2026-07-03 13:26:47 WARN  [HikariPool-1:housekeeper] com.zaxxer.hikari.pool.HikariPool - HikariPool-1 - Thread starvation or clock leap detected (housekeeper delta=4m20s209ms).
2026-07-03 13:31:36 WARN  [HikariPool-1:housekeeper] com.zaxxer.hikari.pool.HikariPool - HikariPool-1 - Thread starvation or clock leap detected (housekeeper delta=4m19s276ms).
2026-07-03 13:36:11 WARN  [HikariPool-1:housekeeper] com.zaxxer.hikari.pool.HikariPool - HikariPool-1 - Thread starvation or clock leap detected (housekeeper delta=4m34s736ms).
2026-07-03 13:39:49 WARN  [HikariPool-1:housekeeper] com.zaxxer.hikari.pool.HikariPool - HikariPool-1 - Thread starvation or clock leap detected (housekeeper delta=3m38s299ms).
2026-07-03 13:44:18 WARN  [HikariPool-1:housekeeper] com.zaxxer.hikari.pool.HikariPool - HikariPool-1 - Thread starvation or clock leap detected (housekeeper delta=3m58s368ms).
2026-07-03 13:49:08 WARN  [HikariPool-1:housekeeper] com.zaxxer.hikari.pool.HikariPool - HikariPool-1 - Thread starvation or clock leap detected (housekeeper delta=4m20s194ms).
2026-07-03 13:51:34 WARN  [HikariPool-1:housekeeper] com.zaxxer.hikari.pool.HikariPool - HikariPool-1 - Thread starvation or clock leap detected (housekeeper delta=1m55s775ms).
2026-07-03 14:17:14 WARN  [HikariPool-1:housekeeper] com.zaxxer.hikari.pool.HikariPool - HikariPool-1 - Thread starvation or clock leap detected (housekeeper delta=25m39s629ms).
2026-07-03 15:52:44 WARN  [HikariPool-1:housekeeper] com.zaxxer.hikari.pool.HikariPool - HikariPool-1 - Thread starvation or clock leap detected (housekeeper delta=3m45s886ms).
2026-07-03 16:37:21 WARN  [HikariPool-1:housekeeper] com.zaxxer.hikari.pool.HikariPool - HikariPool-1 - Thread starvation or clock leap detected (housekeeper delta=6m36s462ms).
2026-07-03 16:44:45 WARN  [HikariPool-1:housekeeper] com.zaxxer.hikari.pool.HikariPool - HikariPool-1 - Thread starvation or clock leap detected (housekeeper delta=7m24s938ms).
2026-07-03 17:21:40 WARN  [HikariPool-1:housekeeper] com.zaxxer.hikari.pool.HikariPool - HikariPool-1 - Thread starvation or clock leap detected (housekeeper delta=2m54s798ms).
2026-07-03 17:32:16 WARN  [HikariPool-1:housekeeper] com.zaxxer.hikari.pool.HikariPool - HikariPool-1 - Thread starvation or clock leap detected (housekeeper delta=10m5s355ms).
2026-07-03 17:48:11 WARN  [HikariPool-1:housekeeper] com.zaxxer.hikari.pool.HikariPool - HikariPool-1 - Thread starvation or clock leap detected (housekeeper delta=15m54s797ms).
2026-07-03 17:49:05 WARN  [HikariPool-1:housekeeper] com.zaxxer.hikari.pool.HikariPool - HikariPool-1 - Thread starvation or clock leap detected (housekeeper delta=54s817ms).
2026-07-03 18:05:02 WARN  [HikariPool-1:housekeeper] com.zaxxer.hikari.pool.HikariPool - HikariPool-1 - Thread starvation or clock leap detected (housekeeper delta=15m56s671ms).
2026-07-03 18:21:28 WARN  [HikariPool-1:housekeeper] com.zaxxer.hikari.pool.HikariPool - HikariPool-1 - Thread starvation or clock leap detected (housekeeper delta=15m55s676ms).
2026-07-03 18:37:23 WARN  [HikariPool-1:housekeeper] com.zaxxer.hikari.pool.HikariPool - HikariPool-1 - Thread starvation or clock leap detected (housekeeper delta=15m55s599ms).
2026-07-03 18:56:49 WARN  [HikariPool-1:housekeeper] com.zaxxer.hikari.pool.HikariPool - HikariPool-1 - Thread starvation or clock leap detected (housekeeper delta=15m55s623ms).
2026-07-03 19:08:52 WARN  [HikariPool-1:housekeeper] com.zaxxer.hikari.pool.HikariPool - HikariPool-1 - Thread starvation or clock leap detected (housekeeper delta=12m3s78ms).
2026-07-03 19:24:48 WARN  [HikariPool-1:housekeeper] com.zaxxer.hikari.pool.HikariPool - HikariPool-1 - Thread starvation or clock leap detected (housekeeper delta=15m55s635ms).
2026-07-03 19:41:14 WARN  [HikariPool-1:housekeeper] com.zaxxer.hikari.pool.HikariPool - HikariPool-1 - Thread starvation or clock leap detected (housekeeper delta=15m55s697ms).
2026-07-03 19:57:39 WARN  [HikariPool-1:housekeeper] com.zaxxer.hikari.pool.HikariPool - HikariPool-1 - Thread starvation or clock leap detected (housekeeper delta=15m54s962ms).
2026-07-03 20:13:34 WARN  [HikariPool-1:housekeeper] com.zaxxer.hikari.pool.HikariPool - HikariPool-1 - Thread starvation or clock leap detected (housekeeper delta=15m55s693ms).
2026-07-03 20:27:39 WARN  [HikariPool-1:housekeeper] com.zaxxer.hikari.pool.HikariPool - HikariPool-1 - Thread starvation or clock leap detected (housekeeper delta=13m34s761ms).
2026-07-03 20:46:23 WARN  [HikariPool-1:housekeeper] com.zaxxer.hikari.pool.HikariPool - HikariPool-1 - Thread starvation or clock leap detected (housekeeper delta=1m13s376ms).
2026-07-03 21:20:48 WARN  [HikariPool-1:housekeeper] com.zaxxer.hikari.pool.HikariPool - HikariPool-1 - Thread starvation or clock leap detected (housekeeper delta=15m55s618ms).
2026-07-03 21:37:20 WARN  [HikariPool-1:housekeeper] com.zaxxer.hikari.pool.HikariPool - HikariPool-1 - Thread starvation or clock leap detected (housekeeper delta=16m2s152ms).
2026-07-03 21:53:15 WARN  [HikariPool-1:housekeeper] com.zaxxer.hikari.pool.HikariPool - HikariPool-1 - Thread starvation or clock leap detected (housekeeper delta=15m55s3ms).
2026-07-03 22:09:30 WARN  [HikariPool-1:housekeeper] com.zaxxer.hikari.pool.HikariPool - HikariPool-1 - Thread starvation or clock leap detected (housekeeper delta=16m14s371ms).
2026-07-03 22:26:20 WARN  [HikariPool-1:housekeeper] com.zaxxer.hikari.pool.HikariPool - HikariPool-1 - Thread starvation or clock leap detected (housekeeper delta=16m20s572ms).
2026-07-03 22:43:07 WARN  [HikariPool-1:housekeeper] com.zaxxer.hikari.pool.HikariPool - HikariPool-1 - Thread starvation or clock leap detected (housekeeper delta=16m15s894ms).
2026-07-03 22:59:02 WARN  [HikariPool-1:housekeeper] com.zaxxer.hikari.pool.HikariPool - HikariPool-1 - Thread starvation or clock leap detected (housekeeper delta=15m54s895ms).
2026-07-03 23:06:35 WARN  [HikariPool-1:housekeeper] com.zaxxer.hikari.pool.HikariPool - HikariPool-1 - Thread starvation or clock leap detected (housekeeper delta=7m3s463ms).
2026-07-03 23:22:30 WARN  [HikariPool-1:housekeeper] com.zaxxer.hikari.pool.HikariPool - HikariPool-1 - Thread starvation or clock leap detected (housekeeper delta=15m54s924ms).
2026-07-03 23:32:11 WARN  [HikariPool-1:housekeeper] com.zaxxer.hikari.pool.HikariPool - HikariPool-1 - Thread starvation or clock leap detected (housekeeper delta=9m40s623ms).
