00:54:26.462 WARN  [HikariPool-1:housekeeper] com.zaxxer.hikari.pool.HikariPool - HikariPool-1 - Thread starvation or clock leap detected (housekeeper delta=2m58s789ms).
02:13:02.410 WARN  [HikariPool-1:housekeeper] com.zaxxer.hikari.pool.HikariPool - HikariPool-1 - Thread starvation or clock leap detected (housekeeper delta=1h18m35s955ms).
02:47:00.983 WARN  [HikariPool-1:housekeeper] com.zaxxer.hikari.pool.HikariPool - HikariPool-1 - Thread starvation or clock leap detected (housekeeper delta=32m58s543ms).
02:55:31.996 WARN  [HikariPool-1:housekeeper] com.zaxxer.hikari.pool.HikariPool - HikariPool-1 - Thread starvation or clock leap detected (housekeeper delta=8m31s12ms).
03:35:20.592 WARN  [HikariPool-1:housekeeper] com.zaxxer.hikari.pool.HikariPool - HikariPool-1 - Thread starvation or clock leap detected (housekeeper delta=39m48s594ms).
03:51:24.356 WARN  [HikariPool-1:housekeeper] com.zaxxer.hikari.pool.HikariPool - HikariPool-1 - Thread starvation or clock leap detected (housekeeper delta=16m3s767ms).
04:30:33.364 WARN  [HikariPool-1:housekeeper] com.zaxxer.hikari.pool.HikariPool - HikariPool-1 - Thread starvation or clock leap detected (housekeeper delta=39m9s7ms).
05:11:26.345 WARN  [HikariPool-1:housekeeper] com.zaxxer.hikari.pool.HikariPool - HikariPool-1 - Thread starvation or clock leap detected (housekeeper delta=40m52s980ms).
06:46:52.355 WARN  [HikariPool-1:housekeeper] com.zaxxer.hikari.pool.HikariPool - HikariPool-1 - Thread starvation or clock leap detected (housekeeper delta=1h35m26s11ms).
08:48:35.995 WARN  [HikariPool-1:housekeeper] com.zaxxer.hikari.pool.HikariPool - HikariPool-1 - Thread starvation or clock leap detected (housekeeper delta=2h1m7s869ms).
11:15:56.535 WARN  [HikariPool-1:housekeeper] com.zaxxer.hikari.pool.HikariPool - HikariPool-1 - Thread starvation or clock leap detected (housekeeper delta=2h27m20s529ms).
11:34:33.597 WARN  [HikariPool-1:housekeeper] com.zaxxer.hikari.pool.HikariPool - HikariPool-1 - Thread starvation or clock leap detected (housekeeper delta=5m36s966ms).
12:51:26.763 WARN  [HikariPool-1:housekeeper] com.zaxxer.hikari.pool.HikariPool - HikariPool-1 - Thread starvation or clock leap detected (housekeeper delta=1h16m53s169ms).
13:33:08.403 WARN  [HikariPool-1:housekeeper] com.zaxxer.hikari.pool.HikariPool - HikariPool-1 - Thread starvation or clock leap detected (housekeeper delta=4m10s963ms).
14:11:08.798 WARN  [HikariPool-1:housekeeper] com.zaxxer.hikari.pool.HikariPool - HikariPool-1 - Retrograde clock change detected (housekeeper delta=29s657ms), soft-evicting connections from pool.
14:28:56.685 WARN  [HikariPool-1:housekeeper] com.zaxxer.hikari.pool.HikariPool - HikariPool-1 - Thread starvation or clock leap detected (housekeeper delta=13m17s740ms).
14:34:33.770 WARN  [HikariPool-1:housekeeper] com.zaxxer.hikari.pool.HikariPool - HikariPool-1 - Thread starvation or clock leap detected (housekeeper delta=5m37s80ms).
14:46:33.866 WARN  [HikariPool-1:housekeeper] com.zaxxer.hikari.pool.HikariPool - HikariPool-1 - Thread starvation or clock leap detected (housekeeper delta=10m37ms).
14:57:51.840 WARN  [HikariPool-1:housekeeper] com.zaxxer.hikari.pool.HikariPool - HikariPool-1 - Thread starvation or clock leap detected (housekeeper delta=1m47s871ms).
15:05:20.962 WARN  [HikariPool-1:housekeeper] com.zaxxer.hikari.pool.HikariPool - HikariPool-1 - Thread starvation or clock leap detected (housekeeper delta=1m29s116ms).
15:06:20.042 INFO  [SpringApplicationShutdownHook] o.s.b.w.e.tomcat.GracefulShutdown - Commencing graceful shutdown. Waiting for active requests to complete
15:06:20.111 INFO  [tomcat-shutdown] o.s.b.w.e.tomcat.GracefulShutdown - Graceful shutdown complete
15:06:20.156 INFO  [SpringApplicationShutdownHook] o.s.o.j.LocalContainerEntityManagerFactoryBean - Closing JPA EntityManagerFactory for persistence unit 'default'
15:06:20.198 INFO  [SpringApplicationShutdownHook] com.zaxxer.hikari.HikariDataSource - HikariPool-1 - Shutdown initiated...
15:06:20.241 INFO  [SpringApplicationShutdownHook] com.zaxxer.hikari.HikariDataSource - HikariPool-1 - Shutdown completed.
15:06:27.488 INFO  [background-preinit] o.h.validator.internal.util.Version - HV000001: Hibernate Validator 8.0.2.Final
15:06:27.608 INFO  [main] c.s.irctc.IrctcBackendApplication - Starting IrctcBackendApplication using Java 21.0.1 with PID 37836 (/Users/gouravgiri/Desktop/Spring Boot Durgesh/mvc/irctc-backend/target/classes started by gouravgiri in /Users/gouravgiri/Desktop/Spring Boot Durgesh/mvc/irctc-backend)
15:06:27.609 INFO  [main] c.s.irctc.IrctcBackendApplication - No active profile set, falling back to 1 default profile: "default"
15:06:28.618 INFO  [main] o.s.d.r.c.RepositoryConfigurationDelegate - Bootstrapping Spring Data JPA repositories in DEFAULT mode.
15:06:28.677 INFO  [main] o.s.d.r.c.RepositoryConfigurationDelegate - Finished Spring Data repository scanning in 51 ms. Found 8 JPA repository interfaces.
15:06:29.264 INFO  [main] o.s.b.w.e.tomcat.TomcatWebServer - Tomcat initialized with port 8080 (http)
15:06:29.273 INFO  [main] o.a.coyote.http11.Http11NioProtocol - Initializing ProtocolHandler ["http-nio-8080"]
15:06:29.275 INFO  [main] o.a.catalina.core.StandardService - Starting service [Tomcat]
15:06:29.276 INFO  [main] o.a.catalina.core.StandardEngine - Starting Servlet engine: [Apache Tomcat/10.1.41]
15:06:29.315 INFO  [main] o.a.c.c.C.[Tomcat].[localhost].[/] - Initializing Spring embedded WebApplicationContext
15:06:29.315 INFO  [main] o.s.b.w.s.c.ServletWebServerApplicationContext - Root WebApplicationContext: initialization completed in 1625 ms
15:06:29.466 INFO  [main] o.h.jpa.internal.util.LogHelper - HHH000204: Processing PersistenceUnitInfo [name: default]
15:06:29.521 INFO  [main] org.hibernate.Version - HHH000412: Hibernate ORM core version 6.6.15.Final
15:06:29.554 INFO  [main] o.h.c.i.RegionFactoryInitiator - HHH000026: Second-level cache disabled
15:06:29.750 INFO  [main] o.s.o.j.p.SpringPersistenceUnitInfo - No LoadTimeWeaver setup: ignoring JPA class transformer
15:06:29.771 INFO  [main] com.zaxxer.hikari.HikariDataSource - HikariPool-1 - Starting...
15:06:29.774 WARN  [main] c.z.hikari.util.DriverDataSource - Registered driver with driverClassName=com.mysql.jdbc.Driver was not found, trying direct instantiation.
15:06:30.117 INFO  [main] com.zaxxer.hikari.pool.HikariPool - HikariPool-1 - Added connection com.mysql.cj.jdbc.ConnectionImpl@4790b897
15:06:30.118 INFO  [main] com.zaxxer.hikari.HikariDataSource - HikariPool-1 - Start completed.
15:06:30.182 WARN  [main] org.hibernate.orm.deprecation - HHH90000025: MySQL8Dialect does not need to be specified explicitly using 'hibernate.dialect' (remove the property setting and it will be selected by default)
15:06:30.183 WARN  [main] org.hibernate.orm.deprecation - HHH90000026: MySQL8Dialect has been deprecated; use org.hibernate.dialect.MySQLDialect instead
15:06:30.196 INFO  [main] o.hibernate.orm.connections.pooling - HHH10001005: Database info:
	Database JDBC URL [Connecting through datasource 'HikariDataSource (HikariPool-1)']
	Database driver: undefined/unknown
	Database version: 8.0
	Autocommit mode: undefined/unknown
	Isolation level: undefined/unknown
	Minimum pool size: undefined/unknown
	Maximum pool size: undefined/unknown
15:06:31.230 INFO  [main] o.h.e.t.j.p.i.JtaPlatformInitiator - HHH000489: No JTA platform available (set 'hibernate.transaction.jta.platform' to enable JTA platform integration)
15:06:31.408 INFO  [main] o.s.o.j.LocalContainerEntityManagerFactoryBean - Initialized JPA EntityManagerFactory for persistence unit 'default'
15:06:31.737 DEBUG [main] c.s.i.c.S.JwtAuthenticationFilter - Filter 'jwtAuthenticationFilter' configured for use
15:06:31.826 INFO  [main] o.s.s.c.a.a.c.InitializeUserDetailsBeanManagerConfigurer$InitializeUserDetailsManagerConfigurer - Global AuthenticationManager configured with UserDetailsService bean with name customUserDetailService
15:06:31.909 INFO  [main] o.s.d.j.r.query.QueryEnhancerFactory - Hibernate is in classpath; If applicable, HQL parser will be used.
15:06:32.648 WARN  [main] o.s.b.a.o.j.JpaBaseConfiguration$JpaWebConfiguration - spring.jpa.open-in-view is enabled by default. Therefore, database queries may be performed during view rendering. Explicitly configure spring.jpa.open-in-view to disable this warning
15:06:33.422 INFO  [main] o.a.coyote.http11.Http11NioProtocol - Starting ProtocolHandler ["http-nio-8080"]
15:06:33.434 INFO  [main] o.s.b.w.e.tomcat.TomcatWebServer - Tomcat started on port 8080 (http) with context path '/'
15:06:33.445 INFO  [main] c.s.irctc.IrctcBackendApplication - Started IrctcBackendApplication in 7.373 seconds (process running for 8.424)
15:06:33.448 INFO  [main] c.s.irctc.IrctcBackendApplication - Initializing roles...
15:06:33.448 WARN  [main] c.s.irctc.IrctcBackendApplication - Initializing roles...
15:06:33.448 ERROR [main] c.s.irctc.IrctcBackendApplication - Initializing roles...
15:21:37.985 WARN  [HikariPool-1:housekeeper] com.zaxxer.hikari.pool.HikariPool - HikariPool-1 - Thread starvation or clock leap detected (housekeeper delta=3m7s594ms).
15:28:18.953 WARN  [HikariPool-1:housekeeper] com.zaxxer.hikari.pool.HikariPool - HikariPool-1 - Thread starvation or clock leap detected (housekeeper delta=6m40s977ms).
15:29:47.099 WARN  [HikariPool-1:housekeeper] com.zaxxer.hikari.pool.HikariPool - HikariPool-1 - Thread starvation or clock leap detected (housekeeper delta=1m28s146ms).
16:10:38.181 WARN  [HikariPool-1:housekeeper] com.zaxxer.hikari.pool.HikariPool - HikariPool-1 - Thread starvation or clock leap detected (housekeeper delta=36m12s282ms).
16:29:05.430 WARN  [HikariPool-1:housekeeper] com.zaxxer.hikari.pool.HikariPool - HikariPool-1 - Thread starvation or clock leap detected (housekeeper delta=17m52s449ms).
16:42:54.305 WARN  [HikariPool-1:housekeeper] com.zaxxer.hikari.pool.HikariPool - HikariPool-1 - Thread starvation or clock leap detected (housekeeper delta=13m48s873ms).
17:13:51.948 WARN  [HikariPool-1:housekeeper] com.zaxxer.hikari.pool.HikariPool - HikariPool-1 - Thread starvation or clock leap detected (housekeeper delta=30m57s645ms).
18:49:08.981 WARN  [HikariPool-1:housekeeper] com.zaxxer.hikari.pool.HikariPool - HikariPool-1 - Thread starvation or clock leap detected (housekeeper delta=1h35m17s28ms).
19:07:05.023 WARN  [HikariPool-1:housekeeper] com.zaxxer.hikari.pool.HikariPool - HikariPool-1 - Thread starvation or clock leap detected (housekeeper delta=17m56s46ms).
19:20:59.887 WARN  [HikariPool-1:housekeeper] com.zaxxer.hikari.pool.HikariPool - HikariPool-1 - Thread starvation or clock leap detected (housekeeper delta=12m42s758ms).
19:36:39.726 INFO  [http-nio-8080-exec-2] o.a.c.c.C.[Tomcat].[localhost].[/] - Initializing Spring DispatcherServlet 'dispatcherServlet'
19:36:39.730 INFO  [http-nio-8080-exec-2] o.s.web.servlet.DispatcherServlet - Initializing Servlet 'dispatcherServlet'
19:36:39.772 INFO  [http-nio-8080-exec-2] o.s.web.servlet.DispatcherServlet - Completed initialization in 40 ms
19:36:39.820 TRACE [http-nio-8080-exec-2] c.s.i.c.S.JwtAuthenticationFilter - Request to the JWT filter : null
19:37:30.356 TRACE [http-nio-8080-exec-3] c.s.i.c.S.JwtAuthenticationFilter - Request to the JWT filter : null
19:38:53.314 TRACE [http-nio-8080-exec-5] c.s.i.c.S.JwtAuthenticationFilter - Request to the JWT filter : Bearer eyJhbGciOiJIUzUxMiJ9.eyJzdWIiOiJ1c2VyIiwiaWF0IjoxNzU2MjMzNTAxLCJleHAiOjE3NTYyMzM4MDF9.e-yk6v49qEbZVtU2vQ-V8qS7ld_ITBL1djXciT0zIl0y1qVlpWRh4HuXXBVXwBbBLIQgJiN7FDVrRtLaohBpMA
19:38:53.432 ERROR [http-nio-8080-exec-5] c.s.i.c.S.JwtAuthenticationFilter - JWT Token has expired
19:38:53.480 INFO  [http-nio-8080-exec-5] c.s.irctc.aspects.LoggingAspect - Before Method Execution listStations
19:38:53.576 INFO  [http-nio-8080-exec-5] c.s.irctc.aspects.LoggingAspect - After Method Execution listStations
19:40:30.777 TRACE [http-nio-8080-exec-8] c.s.i.c.S.JwtAuthenticationFilter - Request to the JWT filter : Bearer eyJhbGciOiJIUzUxMiJ9.eyJzdWIiOiJyZW51QGdtYWlsLmNvbSIsImlhdCI6MTc1OTU4Njg1MCwiZXhwIjoxNzU5NTg3MTUwfQ.0B2XWrgOao2LHJ961uwL2G_z8rdnp-sVquLOaLpcS3O2-GpelqrQovc1j0ME4eZEKmaeV-Nh9BML-m1ehOmrNg
19:40:30.797 TRACE [http-nio-8080-exec-8] c.s.i.c.S.JwtAuthenticationFilter - user name : renu@gmail.com
19:40:30.834 TRACE [http-nio-8080-exec-8] c.s.i.c.S.JwtAuthenticationFilter - Authentication set in spring security context
19:40:30.867 INFO  [http-nio-8080-exec-8] c.s.irctc.aspects.LoggingAspect - Before Method Execution createTrain
19:40:31.041 INFO  [http-nio-8080-exec-8] c.s.irctc.aspects.LoggingAspect - After Method Execution createTrain
21:47:24.772 WARN  [HikariPool-1:housekeeper] com.zaxxer.hikari.pool.HikariPool - HikariPool-1 - Thread starvation or clock leap detected (housekeeper delta=53s874ms).
23:00:20.299 WARN  [HikariPool-1:housekeeper] com.zaxxer.hikari.pool.HikariPool - HikariPool-1 - Thread starvation or clock leap detected (housekeeper delta=1h12m55s539ms).
23:03:54.532 WARN  [HikariPool-1:housekeeper] com.zaxxer.hikari.pool.HikariPool - HikariPool-1 - Thread starvation or clock leap detected (housekeeper delta=1m34s213ms).
23:09:48.163 WARN  [HikariPool-1:housekeeper] com.zaxxer.hikari.pool.HikariPool - HikariPool-1 - Thread starvation or clock leap detected (housekeeper delta=1m53s582ms).
