01:39:30.467 WARN  [HikariPool-1:housekeeper] com.zaxxer.hikari.pool.HikariPool - HikariPool-1 - Thread starvation or clock leap detected (housekeeper delta=1h41m18s581ms).
03:01:21.997 WARN  [HikariPool-1:housekeeper] com.zaxxer.hikari.pool.HikariPool - HikariPool-1 - Thread starvation or clock leap detected (housekeeper delta=1h21m51s529ms).
04:02:16.229 WARN  [HikariPool-1:housekeeper] com.zaxxer.hikari.pool.HikariPool - HikariPool-1 - Thread starvation or clock leap detected (housekeeper delta=1h54s234ms).
06:34:49.733 WARN  [HikariPool-1:housekeeper] com.zaxxer.hikari.pool.HikariPool - HikariPool-1 - Thread starvation or clock leap detected (housekeeper delta=2h32m33s502ms).
07:22:36.362 WARN  [HikariPool-1:housekeeper] com.zaxxer.hikari.pool.HikariPool - HikariPool-1 - Thread starvation or clock leap detected (housekeeper delta=47m46s629ms).
08:25:43.792 WARN  [HikariPool-1:housekeeper] com.zaxxer.hikari.pool.HikariPool - HikariPool-1 - Thread starvation or clock leap detected (housekeeper delta=1h3m7s432ms).
08:41:12.420 WARN  [HikariPool-1:housekeeper] com.zaxxer.hikari.pool.HikariPool - HikariPool-1 - Thread starvation or clock leap detected (housekeeper delta=15m28s622ms).
08:59:54.148 WARN  [HikariPool-1:housekeeper] com.zaxxer.hikari.pool.HikariPool - HikariPool-1 - Thread starvation or clock leap detected (housekeeper delta=15m11s701ms).
09:17:07.552 WARN  [HikariPool-1:housekeeper] com.zaxxer.hikari.pool.HikariPool - HikariPool-1 - Thread starvation or clock leap detected (housekeeper delta=17m13s418ms).
09:20:20.415 WARN  [HikariPool-1:housekeeper] com.zaxxer.hikari.pool.HikariPool - HikariPool-1 - Thread starvation or clock leap detected (housekeeper delta=3m12s864ms).
09:21:53.760 WARN  [HikariPool-1:housekeeper] com.zaxxer.hikari.pool.HikariPool - HikariPool-1 - Thread starvation or clock leap detected (housekeeper delta=1m33s343ms).
09:38:19.046 INFO  [http-nio-8080-exec-1] o.a.c.c.C.[Tomcat].[localhost].[/] - Initializing Spring DispatcherServlet 'dispatcherServlet'
09:38:19.053 INFO  [http-nio-8080-exec-1] o.s.web.servlet.DispatcherServlet - Initializing Servlet 'dispatcherServlet'
09:38:19.096 INFO  [http-nio-8080-exec-1] o.s.web.servlet.DispatcherServlet - Completed initialization in 42 ms
09:38:19.157 TRACE [http-nio-8080-exec-1] c.s.i.c.S.JwtAuthenticationFilter - Request to the JWT filter : null
09:38:19.333 TRACE [http-nio-8080-exec-2] c.s.i.c.S.JwtAuthenticationFilter - Request to the JWT filter : null
09:38:19.346 TRACE [http-nio-8080-exec-4] c.s.i.c.S.JwtAuthenticationFilter - Request to the JWT filter : null
09:38:19.352 TRACE [http-nio-8080-exec-5] c.s.i.c.S.JwtAuthenticationFilter - Request to the JWT filter : null
09:38:19.352 TRACE [http-nio-8080-exec-3] c.s.i.c.S.JwtAuthenticationFilter - Request to the JWT filter : null
09:38:19.364 TRACE [http-nio-8080-exec-6] c.s.i.c.S.JwtAuthenticationFilter - Request to the JWT filter : null
09:38:20.739 TRACE [http-nio-8080-exec-7] c.s.i.c.S.JwtAuthenticationFilter - Request to the JWT filter : null
09:38:21.208 TRACE [http-nio-8080-exec-8] c.s.i.c.S.JwtAuthenticationFilter - Request to the JWT filter : null
09:38:22.829 INFO  [http-nio-8080-exec-8] o.s.api.AbstractOpenApiResource - Init duration for springdoc-openapi is: 1513 ms
09:38:48.816 INFO  [SpringApplicationShutdownHook] o.s.b.w.e.tomcat.GracefulShutdown - Commencing graceful shutdown. Waiting for active requests to complete
09:38:48.843 INFO  [tomcat-shutdown] o.s.b.w.e.tomcat.GracefulShutdown - Graceful shutdown complete
09:38:48.862 INFO  [SpringApplicationShutdownHook] o.s.o.j.LocalContainerEntityManagerFactoryBean - Closing JPA EntityManagerFactory for persistence unit 'default'
09:38:48.885 INFO  [SpringApplicationShutdownHook] com.zaxxer.hikari.HikariDataSource - HikariPool-1 - Shutdown initiated...
09:38:48.902 INFO  [SpringApplicationShutdownHook] com.zaxxer.hikari.HikariDataSource - HikariPool-1 - Shutdown completed.
16:49:16.033 INFO  [background-preinit] o.h.validator.internal.util.Version - HV000001: Hibernate Validator 8.0.2.Final
16:49:16.094 INFO  [main] c.s.irctc.IrctcBackendApplication - Starting IrctcBackendApplication using Java 21.0.1 with PID 29767 (/Users/gouravgiri/Desktop/Spring Boot Durgesh/mvc/irctc-backend/target/classes started by gouravgiri in /Users/gouravgiri/Desktop/Spring Boot Durgesh/mvc/irctc-backend)
16:49:16.095 INFO  [main] c.s.irctc.IrctcBackendApplication - No active profile set, falling back to 1 default profile: "default"
16:49:17.060 INFO  [main] o.s.d.r.c.RepositoryConfigurationDelegate - Bootstrapping Spring Data JPA repositories in DEFAULT mode.
16:49:17.131 INFO  [main] o.s.d.r.c.RepositoryConfigurationDelegate - Finished Spring Data repository scanning in 62 ms. Found 8 JPA repository interfaces.
16:49:17.862 INFO  [main] o.s.b.w.e.tomcat.TomcatWebServer - Tomcat initialized with port 8080 (http)
16:49:17.871 INFO  [main] o.a.coyote.http11.Http11NioProtocol - Initializing ProtocolHandler ["http-nio-8080"]
16:49:17.873 INFO  [main] o.a.catalina.core.StandardService - Starting service [Tomcat]
16:49:17.873 INFO  [main] o.a.catalina.core.StandardEngine - Starting Servlet engine: [Apache Tomcat/10.1.41]
16:49:17.912 INFO  [main] o.a.c.c.C.[Tomcat].[localhost].[/] - Initializing Spring embedded WebApplicationContext
16:49:17.916 INFO  [main] o.s.b.w.s.c.ServletWebServerApplicationContext - Root WebApplicationContext: initialization completed in 1739 ms
16:49:18.072 INFO  [main] o.h.jpa.internal.util.LogHelper - HHH000204: Processing PersistenceUnitInfo [name: default]
16:49:18.132 INFO  [main] org.hibernate.Version - HHH000412: Hibernate ORM core version 6.6.15.Final
16:49:18.157 INFO  [main] o.h.c.i.RegionFactoryInitiator - HHH000026: Second-level cache disabled
16:49:18.372 INFO  [main] o.s.o.j.p.SpringPersistenceUnitInfo - No LoadTimeWeaver setup: ignoring JPA class transformer
16:49:18.396 INFO  [main] com.zaxxer.hikari.HikariDataSource - HikariPool-1 - Starting...
16:49:18.398 WARN  [main] c.z.hikari.util.DriverDataSource - Registered driver with driverClassName=com.mysql.jdbc.Driver was not found, trying direct instantiation.
16:49:18.800 INFO  [main] com.zaxxer.hikari.pool.HikariPool - HikariPool-1 - Added connection com.mysql.cj.jdbc.ConnectionImpl@58ac0823
16:49:18.801 INFO  [main] com.zaxxer.hikari.HikariDataSource - HikariPool-1 - Start completed.
16:49:18.862 WARN  [main] org.hibernate.orm.deprecation - HHH90000025: MySQL8Dialect does not need to be specified explicitly using 'hibernate.dialect' (remove the property setting and it will be selected by default)
16:49:18.862 WARN  [main] org.hibernate.orm.deprecation - HHH90000026: MySQL8Dialect has been deprecated; use org.hibernate.dialect.MySQLDialect instead
16:49:18.875 INFO  [main] o.hibernate.orm.connections.pooling - HHH10001005: Database info:
	Database JDBC URL [Connecting through datasource 'HikariDataSource (HikariPool-1)']
	Database driver: undefined/unknown
	Database version: 8.0
	Autocommit mode: undefined/unknown
	Isolation level: undefined/unknown
	Minimum pool size: undefined/unknown
	Maximum pool size: undefined/unknown
16:49:19.695 INFO  [main] o.h.e.t.j.p.i.JtaPlatformInitiator - HHH000489: No JTA platform available (set 'hibernate.transaction.jta.platform' to enable JTA platform integration)
16:49:19.867 INFO  [main] o.s.o.j.LocalContainerEntityManagerFactoryBean - Initialized JPA EntityManagerFactory for persistence unit 'default'
16:49:20.184 DEBUG [main] c.s.i.c.S.JwtAuthenticationFilter - Filter 'jwtAuthenticationFilter' configured for use
16:49:20.281 INFO  [main] o.s.s.c.a.a.c.InitializeUserDetailsBeanManagerConfigurer$InitializeUserDetailsManagerConfigurer - Global AuthenticationManager configured with UserDetailsService bean with name customUserDetailService
16:49:20.383 INFO  [main] o.s.d.j.r.query.QueryEnhancerFactory - Hibernate is in classpath; If applicable, HQL parser will be used.
16:49:21.183 WARN  [main] o.s.b.a.o.j.JpaBaseConfiguration$JpaWebConfiguration - spring.jpa.open-in-view is enabled by default. Therefore, database queries may be performed during view rendering. Explicitly configure spring.jpa.open-in-view to disable this warning
16:49:21.953 INFO  [main] o.a.coyote.http11.Http11NioProtocol - Starting ProtocolHandler ["http-nio-8080"]
16:49:21.967 INFO  [main] o.s.b.w.e.tomcat.TomcatWebServer - Tomcat started on port 8080 (http) with context path '/'
16:49:21.978 INFO  [main] c.s.irctc.IrctcBackendApplication - Started IrctcBackendApplication in 6.815 seconds (process running for 7.938)
16:49:21.981 INFO  [main] c.s.irctc.IrctcBackendApplication - Initializing roles...
16:49:21.981 WARN  [main] c.s.irctc.IrctcBackendApplication - Initializing roles...
16:49:21.981 ERROR [main] c.s.irctc.IrctcBackendApplication - Initializing roles...
16:51:04.264 INFO  [http-nio-8080-exec-1] o.a.c.c.C.[Tomcat].[localhost].[/] - Initializing Spring DispatcherServlet 'dispatcherServlet'
16:51:04.265 INFO  [http-nio-8080-exec-1] o.s.web.servlet.DispatcherServlet - Initializing Servlet 'dispatcherServlet'
16:51:04.276 INFO  [http-nio-8080-exec-1] o.s.web.servlet.DispatcherServlet - Completed initialization in 10 ms
16:51:04.305 TRACE [http-nio-8080-exec-1] c.s.i.c.S.JwtAuthenticationFilter - Request to the JWT filter : null
17:31:28.900 WARN  [HikariPool-1:housekeeper] com.zaxxer.hikari.pool.HikariPool - HikariPool-1 - Thread starvation or clock leap detected (housekeeper delta=14m39s477ms).
17:58:50.511 WARN  [HikariPool-1:housekeeper] com.zaxxer.hikari.pool.HikariPool - HikariPool-1 - Thread starvation or clock leap detected (housekeeper delta=25m51s584ms).
18:02:19.907 WARN  [HikariPool-1:housekeeper] com.zaxxer.hikari.pool.HikariPool - HikariPool-1 - Thread starvation or clock leap detected (housekeeper delta=3m29s396ms).
18:32:31.996 WARN  [HikariPool-1:housekeeper] com.zaxxer.hikari.pool.HikariPool - HikariPool-1 - Thread starvation or clock leap detected (housekeeper delta=29m9s887ms).
18:34:42.518 WARN  [HikariPool-1:housekeeper] com.zaxxer.hikari.pool.HikariPool - HikariPool-1 - Thread starvation or clock leap detected (housekeeper delta=2m10s522ms).
19:29:13.294 WARN  [HikariPool-1:housekeeper] com.zaxxer.hikari.pool.HikariPool - HikariPool-1 - Thread starvation or clock leap detected (housekeeper delta=54m30s777ms).
20:11:08.416 WARN  [HikariPool-1:housekeeper] com.zaxxer.hikari.pool.HikariPool - HikariPool-1 - Thread starvation or clock leap detected (housekeeper delta=54s784ms).
20:49:33.766 WARN  [HikariPool-1:housekeeper] com.zaxxer.hikari.pool.HikariPool - HikariPool-1 - Thread starvation or clock leap detected (housekeeper delta=38m25s356ms).
22:37:26.703 WARN  [HikariPool-1:housekeeper] com.zaxxer.hikari.pool.HikariPool - HikariPool-1 - Thread starvation or clock leap detected (housekeeper delta=10m22s191ms).
